#
# A fatal error has been detected by the Java Runtime Environment:
#
#  EXCEPTION_ACCESS_VIOLATION (0xc0000005) at pc=0x00007ffafa3b88a6, pid=13956, tid=11752
#
# JRE version: OpenJDK Runtime Environment (11.0.15) (build 11.0.15+0-b2043.56-9505619)
# Java VM: OpenJDK 64-Bit Server VM (11.0.15+0-b2043.56-9505619, mixed mode, tiered, compressed oops, g1 gc, windows-amd64)
# Problematic frame:
# V  [jvm.dll+0x1a88a6]
#
# No core dump will be written. Minidumps are not enabled by default on client versions of Windows
#
# If you would like to submit a bug report, please visit:
#   https://bugreport.java.com/bugreport/crash.jsp
#

---------------  S U M M A R Y ------------

Command Line: --add-opens=java.base/java.util=ALL-UNNAMED --add-opens=java.base/java.lang=ALL-UNNAMED --add-opens=java.base/java.lang.invoke=ALL-UNNAMED --add-opens=java.base/java.util=ALL-UNNAMED --add-opens=java.prefs/java.util.prefs=ALL-UNNAMED --add-opens=java.prefs/java.util.prefs=ALL-UNNAMED --add-opens=java.base/java.nio.charset=ALL-UNNAMED --add-opens=java.base/java.net=ALL-UNNAMED --add-opens=java.base/java.util.concurrent.atomic=ALL-UNNAMED -Xmx2048m -Dfile.encoding=UTF-8 -Duser.country=UA -Duser.language=uk -Duser.variant org.gradle.launcher.daemon.bootstrap.GradleDaemon 7.5

Host: Intel(R) Core(TM) i5-2540M CPU @ 2.60GHz, 4 cores, 11G,  Windows 10 , 64 bit Build 19041 (10.0.19041.2546)
Time: Mon Mar 27 17:59:00 2023  Windows 10 , 64 bit Build 19041 (10.0.19041.2546) elapsed time: 1232.958256 seconds (0d 0h 20m 32s)

---------------  T H R E A D  ---------------

Current thread (0x000001e91e368000):  ConcurrentGCThread "G1 Conc#0" [stack: 0x0000002e2c100000,0x0000002e2c200000] [id=11752]

Stack: [0x0000002e2c100000,0x0000002e2c200000],  sp=0x0000002e2c1ff288,  free space=1020k
Native frames: (J=compiled Java code, j=interpreted, Vv=VM code, C=native code)
V  [jvm.dll+0x1a88a6]


siginfo: EXCEPTION_ACCESS_VIOLATION (0xc0000005), reading address 0x0000000000000008


Register to memory mapping:

RIP=0x00007ffafa3b88a6 jvm.dll
RAX=0x2492492492492492 is an unknown value
RBX=0x2492492492492492 is an unknown value
RCX=0x000000008180b028 is pointing into object: java.lang.String 
{0x000000008180b020} - klass: 'java/lang/String'
RDX=0x000000008180b028 is pointing into object: java.lang.String 
{0x000000008180b020} - klass: 'java/lang/String'
RSP=0x0000002e2c1ff288 points into unknown readable memory: 0x00007ffafa51055d | 5d 05 51 fa fa 7f 00 00
RBP=0x0 is NULL
RSI=0x0000000000000001 is an unknown value
RDI=0x000000008180b028 is pointing into object: java.lang.String 
{0x000000008180b020} - klass: 'java/lang/String'
R8 =0x2492492492492492 is an unknown value
R9 =0x0 is NULL
R10=0x000001e91e38dbe0 points into unknown readable memory: 0x00007ffafaaf7c40 | 40 7c af fa fa 7f 00 00
R11=0x346dc5d63886594b is an unknown value
R12=0x0 is NULL
R13=0x0 is NULL
R14=0x000001e931aa02c0 points into unknown readable memory: 0x24924924924924b2 | b2 24 49 92 24 49 92 24
R15=0x000001e91e35ddd0 points into unknown readable memory: 0x000001e91e366800 | 00 68 36 1e e9 01 00 00


Registers:
RAX=0x2492492492492492, RBX=0x2492492492492492, RCX=0x000000008180b028, RDX=0x000000008180b028
RSP=0x0000002e2c1ff288, RBP=0x0000000000000000, RSI=0x0000000000000001, RDI=0x000000008180b028
R8 =0x2492492492492492, R9 =0x0000000000000000, R10=0x000001e91e38dbe0, R11=0x346dc5d63886594b
R12=0x0000000000000000, R13=0x0000000000000000, R14=0x000001e931aa02c0, R15=0x000001e91e35ddd0
RIP=0x00007ffafa3b88a6, EFLAGS=0x0000000000010246

Top of Stack: (sp=0x0000002e2c1ff288)
0x0000002e2c1ff288:   00007ffafa51055d 0000000000393870
0x0000002e2c1ff298:   0000000007a56aa2 000000008e1ca638
0x0000002e2c1ff2a8:   000001e91e368b60 000001e91e368301
0x0000002e2c1ff2b8:   000001e91e368b60 000000008180b028
0x0000002e2c1ff2c8:   00007ffafa510342 000001e91e368a20
0x0000002e2c1ff2d8:   000000008e1ca678 000001e91e35dde8
0x0000002e2c1ff2e8:   0000002e2c1ff460 0000002e2c1ff460
0x0000002e2c1ff2f8:   00007ffafa50814d 0000000000000004
0x0000002e2c1ff308:   000000008e1ca674 000001e91e368301
0x0000002e2c1ff318:   000001e91e35dde8 0000000100013390
0x0000002e2c1ff328:   00007ffafa507811 0000000000000004
0x0000002e2c1ff338:   000000008e1ca658 0000002e2c1ff460
0x0000002e2c1ff348:   0000000000000000 000001e91e368a20
0x0000002e2c1ff358:   00007ffafa51be0e 000000008e1ca658
0x0000002e2c1ff368:   0000002e2c1ff420 0000002e2c1ff420
0x0000002e2c1ff378:   0000000001c3789c 0000000001c40000 

Instructions: (pc=0x00007ffafa3b88a6)
0x00007ffafa3b87a6:   eb 04 48 8b 43 08 81 78 08 00 00 00 c0 0f 83 81
0x00007ffafa3b87b6:   00 00 00 48 8b 4f 38 48 8b d3 48 8b 01 ff 50 20
0x00007ffafa3b87c6:   84 c0 75 70 38 05 d1 e7 93 00 74 15 8b 53 08 8b
0x00007ffafa3b87d6:   0d 7d 2f 8f 00 48 d3 e2 48 03 15 6b 2f 8f 00 eb
0x00007ffafa3b87e6:   04 48 8b 53 08 48 8b cb 48 89 5c 24 20 e8 a8 00
0x00007ffafa3b87f6:   00 00 80 7f 30 00 48 63 c8 48 89 4c 24 28 74 1c
0x00007ffafa3b8806:   0f 10 44 24 20 0f 11 86 98 03 00 00 48 8b 5c 24
0x00007ffafa3b8816:   40 48 8b 74 24 48 48 83 c4 30 5f c3 48 8b 07 48
0x00007ffafa3b8826:   8d 54 24 20 48 89 4c 24 28 48 8b cf 48 89 5c 24
0x00007ffafa3b8836:   20 ff 50 38 48 8b 5c 24 40 48 8b 74 24 48 48 83
0x00007ffafa3b8846:   c4 30 5f c3 cc cc cc cc cc cc 48 8b 49 38 48 8b
0x00007ffafa3b8856:   01 48 ff 60 28 cc cc cc cc cc 80 3d 3a e7 93 00
0x00007ffafa3b8866:   00 48 8b c1 74 1b 8b 51 08 8b 0d e3 2e 8f 00 48
0x00007ffafa3b8876:   d3 e2 48 8b c8 48 03 15 ce 2e 8f 00 e9 19 00 00
0x00007ffafa3b8886:   00 48 8b 51 08 48 8b c8 e9 0d 00 00 00 cc cc cc
0x00007ffafa3b8896:   cc cc cc cc cc cc cc cc cc cc 4c 8b ca 48 8b d1
0x00007ffafa3b88a6:   45 8b 41 08 45 85 c0 7e 0e 41 f6 c0 01 75 56 41
0x00007ffafa3b88b6:   c1 f8 03 41 8b c0 c3 79 4c 80 3d db e6 93 00 00
0x00007ffafa3b88c6:   b8 0c 00 00 00 b9 10 00 00 00 0f 45 c8 8b 05 9b
0x00007ffafa3b88d6:   5e 8d 00 ff c8 4c 63 c8 48 63 14 11 41 8b c8 83
0x00007ffafa3b88e6:   e1 3f 48 d3 e2 41 8b c8 48 c1 f9 10 0f b6 c1 49
0x00007ffafa3b88f6:   8d 0c 11 49 f7 d1 48 03 c1 49 c1 e9 03 48 c1 e8
0x00007ffafa3b8906:   03 41 23 c1 c3 49 8b 01 49 8b c9 48 ff a0 10 01
0x00007ffafa3b8916:   00 00 cc cc cc cc cc cc cc cc 48 8b c2 c3 cc cc
0x00007ffafa3b8926:   cc cc cc cc cc cc cc cc cc cc 48 83 ec 38 48 8b
0x00007ffafa3b8936:   c1 48 8b 49 38 80 79 08 00 74 05 90 48 8b 48 38
0x00007ffafa3b8946:   0f 10 02 48 8d 54 24 20 0f 29 44 24 20 e8 28 f0
0x00007ffafa3b8956:   ff ff 48 83 c4 38 c3 cc cc cc 48 83 ec 38 0f 10
0x00007ffafa3b8966:   02 48 8b 01 48 8d 54 24 20 0f 29 44 24 20 ff 50
0x00007ffafa3b8976:   38 48 83 c4 38 c3 cc cc cc cc 48 89 5c 24 08 55
0x00007ffafa3b8986:   56 57 41 54 41 55 41 56 41 57 48 8d 6c 24 e0 48
0x00007ffafa3b8996:   81 ec 20 01 00 00 48 8b 05 85 b6 90 00 48 33 c4 


Stack slot to memory mapping:
stack at sp + 0 slots: 0x00007ffafa51055d jvm.dll
stack at sp + 1 slots: 0x0000000000393870 is an unknown value
stack at sp + 2 slots: 0x0000000007a56aa2 is an unknown value
stack at sp + 3 slots: 0x000000008e1ca638 is an oop: com.google.common.collect.RegularImmutableSet 
{0x000000008e1ca638} - klass: 'com/google/common/collect/RegularImmutableSet'
stack at sp + 4 slots: 0x000001e91e368b60 points into unknown readable memory: 0x00007ffafab31ba0 | a0 1b b3 fa fa 7f 00 00
stack at sp + 5 slots: 0x000001e91e368301 points into unknown readable memory: 00 00 00 00 00 00 00
stack at sp + 6 slots: 0x000001e91e368b60 points into unknown readable memory: 0x00007ffafab31ba0 | a0 1b b3 fa fa 7f 00 00
stack at sp + 7 slots: 0x000000008180b028 is pointing into object: java.lang.String 
{0x000000008180b020} - klass: 'java/lang/String'


---------------  P R O C E S S  ---------------

Threads class SMR info:
_java_thread_list=0x000001e947298490, length=96, elements={
0x000001e91e31f800, 0x000001e937f66800, 0x000001e937f55000, 0x000001e9387d6800,
0x000001e9387d7000, 0x000001e9387d9800, 0x000001e9387dc800, 0x000001e9387e1800,
0x000001e938857000, 0x000001e938934000, 0x000001e939fc4800, 0x000001e93acac800,
0x000001e93ad75000, 0x000001e93ac71000, 0x000001e93ac72000, 0x000001e93ac6e800,
0x000001e93ac73000, 0x000001e93ac6f800, 0x000001e93ac73800, 0x000001e93a8e9800,
0x000001e93a8ed000, 0x000001e93a8ec000, 0x000001e93a8f0000, 0x000001e93a8ea800,
0x000001e93a8a5800, 0x000001e93a8a7000, 0x000001e94290c800, 0x000001e942914000,
0x000001e94290e000, 0x000001e942914800, 0x000001e942918800, 0x000001e93a8f6000,
0x000001e93a8f7800, 0x000001e93a8f5000, 0x000001e942784800, 0x000001e94277a800,
0x000001e94277b800, 0x000001e94277c800, 0x000001e94277f000, 0x000001e94277d000,
0x000001e94277e000, 0x000001e94277f800, 0x000001e94277a000, 0x000001e942781800,
0x000001e942782000, 0x000001e942783800, 0x000001e942783000, 0x000001e942785800,
0x000001e942786000, 0x000001e942780800, 0x000001e942788000, 0x000001e942787000,
0x000001e942788800, 0x000001e93a8a0000, 0x000001e93a89f000, 0x000001e93a8a0800,
0x000001e93a8a1800, 0x000001e93a8a2800, 0x000001e93a89d800, 0x000001e93a8a3000,
0x000001e93a89e000, 0x000001e93a8a8000, 0x000001e93a8a9000, 0x000001e93a8a9800,
0x000001e93a8a6800, 0x000001e93a8a4000, 0x000001e93a8aa800, 0x000001e93a8ab800,
0x000001e94290d800, 0x000001e94290f000, 0x000001e942910800, 0x000001e94290f800,
0x000001e94290b800, 0x000001e942911800, 0x000001e942917000, 0x000001e942915800,
0x000001e942916800, 0x000001e942912000, 0x000001e942918000, 0x000001e942913000,
0x000001e942919800, 0x000001e94291a800, 0x000001e93a8f1000, 0x000001e93a8f1800,
0x000001e93a8ed800, 0x000001e93a8f4000, 0x000001e93a8f3800, 0x000001e93a8f6800,
0x000001e93a8f2800, 0x000001e93ac74800, 0x000001e93ac75800, 0x000001e93ac70800,
0x000001e93a8a5000, 0x000001e9418a7800, 0x000001e9418aa000, 0x000001e93ce7f000
}

Java Threads: ( => current thread )
  0x000001e91e31f800 JavaThread "main" [_thread_blocked, id=2768, stack(0x0000002e2be00000,0x0000002e2bf00000)]
  0x000001e937f66800 JavaThread "Reference Handler" daemon [_thread_blocked, id=3344, stack(0x0000002e2c500000,0x0000002e2c600000)]
  0x000001e937f55000 JavaThread "Finalizer" daemon [_thread_blocked, id=13412, stack(0x0000002e2c600000,0x0000002e2c700000)]
  0x000001e9387d6800 JavaThread "Signal Dispatcher" daemon [_thread_blocked, id=12216, stack(0x0000002e2c700000,0x0000002e2c800000)]
  0x000001e9387d7000 JavaThread "Attach Listener" daemon [_thread_blocked, id=6392, stack(0x0000002e2c800000,0x0000002e2c900000)]
  0x000001e9387d9800 JavaThread "Service Thread" daemon [_thread_blocked, id=5684, stack(0x0000002e2c900000,0x0000002e2ca00000)]
  0x000001e9387dc800 JavaThread "C2 CompilerThread0" daemon [_thread_in_native, id=8924, stack(0x0000002e2ca00000,0x0000002e2cb00000)]
  0x000001e9387e1800 JavaThread "C1 CompilerThread0" daemon [_thread_blocked, id=3864, stack(0x0000002e2cb00000,0x0000002e2cc00000)]
  0x000001e938857000 JavaThread "Sweeper thread" daemon [_thread_blocked, id=8616, stack(0x0000002e2cc00000,0x0000002e2cd00000)]
  0x000001e938934000 JavaThread "Common-Cleaner" daemon [_thread_blocked, id=14144, stack(0x0000002e2cd00000,0x0000002e2ce00000)]
  0x000001e939fc4800 JavaThread "Daemon health stats" [_thread_blocked, id=14016, stack(0x0000002e2d200000,0x0000002e2d300000)]
  0x000001e93acac800 JavaThread "Incoming local TCP Connector on port 64188" [_thread_in_native, id=5032, stack(0x0000002e2d300000,0x0000002e2d400000)]
  0x000001e93ad75000 JavaThread "Daemon periodic checks" [_thread_blocked, id=11348, stack(0x0000002e2d400000,0x0000002e2d500000)]
  0x000001e93ac71000 JavaThread "Cache worker for journal cache (C:\Users\HP PAVLIK\.gradle\caches\journal-1)" [_thread_blocked, id=14160, stack(0x0000002e2dc00000,0x0000002e2dd00000)]
  0x000001e93ac72000 JavaThread "File lock request listener" [_thread_in_native, id=6660, stack(0x0000002e2dd00000,0x0000002e2de00000)]
  0x000001e93ac6e800 JavaThread "Cache worker for file hash cache (C:\Users\HP PAVLIK\.gradle\caches\7.5\fileHashes)" [_thread_blocked, id=12472, stack(0x0000002e2de00000,0x0000002e2df00000)]
  0x000001e93ac73000 JavaThread "File watcher server" daemon [_thread_in_native, id=4092, stack(0x0000002e2e000000,0x0000002e2e100000)]
  0x000001e93ac6f800 JavaThread "File watcher consumer" daemon [_thread_blocked, id=11312, stack(0x0000002e2e100000,0x0000002e2e200000)]
  0x000001e93ac73800 JavaThread "Cache worker for file content cache (C:\Users\HP PAVLIK\.gradle\caches\7.5\fileContent)" [_thread_blocked, id=3048, stack(0x0000002e2e300000,0x0000002e2e400000)]
  0x000001e93a8e9800 JavaThread "Cache worker for execution history cache (C:\Users\HP PAVLIK\.gradle\caches\7.5\executionHistory)" [_thread_blocked, id=8892, stack(0x0000002e2e600000,0x0000002e2e700000)]
  0x000001e93a8ed000 JavaThread "jar transforms" [_thread_blocked, id=12536, stack(0x0000002e2e700000,0x0000002e2e800000)]
  0x000001e93a8ec000 JavaThread "jar transforms Thread 2" [_thread_blocked, id=3624, stack(0x0000002e2e900000,0x0000002e2ea00000)]
  0x000001e93a8f0000 JavaThread "jar transforms Thread 3" [_thread_blocked, id=12000, stack(0x0000002e2e800000,0x0000002e2e900000)]
  0x000001e93a8ea800 JavaThread "jar transforms Thread 4" [_thread_blocked, id=3620, stack(0x0000002e2eb00000,0x0000002e2ec00000)]
  0x000001e93a8a5800 JavaThread "Memory manager" [_thread_blocked, id=12128, stack(0x0000002e31800000,0x0000002e31900000)]
  0x000001e93a8a7000 JavaThread "pool-3-thread-1" [_thread_blocked, id=8452, stack(0x0000002e2bc00000,0x0000002e2bd00000)]
  0x000001e94290c800 JavaThread "RMI Scheduler(0)" daemon [_thread_blocked, id=14148, stack(0x0000002e2da00000,0x0000002e2db00000)]
  0x000001e942914000 JavaThread "RMI GC Daemon" daemon [_thread_blocked, id=7372, stack(0x0000002e32000000,0x0000002e32100000)]
  0x000001e94290e000 JavaThread "RMI TCP Accept-0" daemon [_thread_in_native, id=5828, stack(0x0000002e32100000,0x0000002e32200000)]
  0x000001e942914800 JavaThread "RMI Reaper" [_thread_blocked, id=5220, stack(0x0000002e32200000,0x0000002e32300000)]
  0x000001e942918800 JavaThread "Cache worker for Java compile cache (C:\Users\HP PAVLIK\.gradle\caches\7.5\javaCompile)" [_thread_blocked, id=14088, stack(0x0000002e32400000,0x0000002e32500000)]
  0x000001e93a8f6000 JavaThread "pool-7-thread-1" [_thread_blocked, id=3136, stack(0x0000002e31600000,0x0000002e31700000)]
  0x000001e93a8f7800 JavaThread "pool-11-thread-1" [_thread_blocked, id=328, stack(0x0000002e31a00000,0x0000002e31b00000)]
  0x000001e93a8f5000 JavaThread "pool-14-thread-1" [_thread_blocked, id=13292, stack(0x0000002e31700000,0x0000002e31800000)]
  0x000001e942784800 JavaThread "ForkJoinPool.commonPool-worker-5" daemon [_thread_blocked, id=9764, stack(0x0000002e32d00000,0x0000002e32e00000)]
  0x000001e94277a800 JavaThread "Daemon Thread 5" [_thread_blocked, id=2440, stack(0x0000002e2bd00000,0x0000002e2be00000)]
  0x000001e94277b800 JavaThread "Handler for socket connection from /127.0.0.1:64188 to /127.0.0.1:65338" [_thread_in_native, id=6132, stack(0x0000002e2d500000,0x0000002e2d600000)]
  0x000001e94277c800 JavaThread "Cancel handler" [_thread_blocked, id=1736, stack(0x0000002e2d600000,0x0000002e2d700000)]
  0x000001e94277f000 JavaThread "Daemon worker Thread 5" [_thread_in_native, id=7348, stack(0x0000002e2d700000,0x0000002e2d800000)]
  0x000001e94277d000 JavaThread "Asynchronous log dispatcher for DefaultDaemonConnection: socket connection from /127.0.0.1:64188 to /127.0.0.1:65338" [_thread_blocked, id=8188, stack(0x0000002e2d800000,0x0000002e2d900000)]
  0x000001e94277e000 JavaThread "Stdin handler" [_thread_blocked, id=13448, stack(0x0000002e2d900000,0x0000002e2da00000)]
  0x000001e94277f800 JavaThread "Daemon client event forwarder" [_thread_blocked, id=11580, stack(0x0000002e2db00000,0x0000002e2dc00000)]
  0x000001e94277a000 JavaThread "Cache worker for checksums cache (D:\ActivityLauncher\.gradle\7.5\checksums)" [_thread_blocked, id=13500, stack(0x0000002e2df00000,0x0000002e2e000000)]
  0x000001e942781800 JavaThread "Cache worker for cache directory md-rule (C:\Users\HP PAVLIK\.gradle\caches\7.5\md-rule)" [_thread_blocked, id=7416, stack(0x0000002e2e200000,0x0000002e2e300000)]
  0x000001e942782000 JavaThread "Cache worker for file hash cache (D:\ActivityLauncher\.gradle\7.5\fileHashes)" [_thread_blocked, id=3800, stack(0x0000002e2e400000,0x0000002e2e500000)]
  0x000001e942783800 JavaThread "Cache worker for cache directory md-supplier (C:\Users\HP PAVLIK\.gradle\caches\7.5\md-supplier)" [_thread_blocked, id=10640, stack(0x0000002e2e500000,0x0000002e2e600000)]
  0x000001e942783000 JavaThread "Cache worker for dependencies-accessors (D:\ActivityLauncher\.gradle\7.5\dependencies-accessors)" [_thread_blocked, id=8436, stack(0x0000002e2ea00000,0x0000002e2eb00000)]
  0x000001e942785800 JavaThread "Cache worker for Build Output Cleanup Cache (D:\ActivityLauncher\.gradle\buildOutputCleanup)" [_thread_in_native, id=5724, stack(0x0000002e2ec00000,0x0000002e2ed00000)]
  0x000001e942786000 JavaThread "Unconstrained build operations" [_thread_blocked, id=14240, stack(0x0000002e2ee00000,0x0000002e2ef00000)]
  0x000001e942780800 JavaThread "Unconstrained build operations Thread 2" [_thread_blocked, id=7852, stack(0x0000002e2ef00000,0x0000002e2f000000)]
  0x000001e942788000 JavaThread "Unconstrained build operations Thread 3" [_thread_blocked, id=10224, stack(0x0000002e2f000000,0x0000002e2f100000)]
  0x000001e942787000 JavaThread "Unconstrained build operations Thread 4" [_thread_blocked, id=6356, stack(0x0000002e2f100000,0x0000002e2f200000)]
  0x000001e942788800 JavaThread "Unconstrained build operations Thread 5" [_thread_blocked, id=12436, stack(0x0000002e2f200000,0x0000002e2f300000)]
  0x000001e93a8a0000 JavaThread "Unconstrained build operations Thread 6" [_thread_blocked, id=3832, stack(0x0000002e2f300000,0x0000002e2f400000)]
  0x000001e93a89f000 JavaThread "Unconstrained build operations Thread 7" [_thread_blocked, id=10668, stack(0x0000002e2f400000,0x0000002e2f500000)]
  0x000001e93a8a0800 JavaThread "Unconstrained build operations Thread 8" [_thread_blocked, id=3152, stack(0x0000002e2f500000,0x0000002e2f600000)]
  0x000001e93a8a1800 JavaThread "Unconstrained build operations Thread 9" [_thread_blocked, id=3128, stack(0x0000002e2f600000,0x0000002e2f700000)]
  0x000001e93a8a2800 JavaThread "Unconstrained build operations Thread 10" [_thread_blocked, id=6844, stack(0x0000002e2f700000,0x0000002e2f800000)]
  0x000001e93a89d800 JavaThread "Unconstrained build operations Thread 11" [_thread_blocked, id=9560, stack(0x0000002e2f800000,0x0000002e2f900000)]
  0x000001e93a8a3000 JavaThread "Unconstrained build operations Thread 12" [_thread_blocked, id=5584, stack(0x0000002e2f900000,0x0000002e2fa00000)]
  0x000001e93a89e000 JavaThread "Unconstrained build operations Thread 13" [_thread_blocked, id=8288, stack(0x0000002e2fa00000,0x0000002e2fb00000)]
  0x000001e93a8a8000 JavaThread "Unconstrained build operations Thread 14" [_thread_blocked, id=6268, stack(0x0000002e2fb00000,0x0000002e2fc00000)]
  0x000001e93a8a9000 JavaThread "Unconstrained build operations Thread 15" [_thread_blocked, id=5308, stack(0x0000002e2fc00000,0x0000002e2fd00000)]
  0x000001e93a8a9800 JavaThread "Unconstrained build operations Thread 16" [_thread_blocked, id=7276, stack(0x0000002e2fd00000,0x0000002e2fe00000)]
  0x000001e93a8a6800 JavaThread "Unconstrained build operations Thread 17" [_thread_blocked, id=9972, stack(0x0000002e2fe00000,0x0000002e2ff00000)]
  0x000001e93a8a4000 JavaThread "Unconstrained build operations Thread 18" [_thread_blocked, id=9828, stack(0x0000002e2ff00000,0x0000002e30000000)]
  0x000001e93a8aa800 JavaThread "Unconstrained build operations Thread 19" [_thread_blocked, id=9820, stack(0x0000002e30000000,0x0000002e30100000)]
  0x000001e93a8ab800 JavaThread "Unconstrained build operations Thread 20" [_thread_blocked, id=1432, stack(0x0000002e30100000,0x0000002e30200000)]
  0x000001e94290d800 JavaThread "Unconstrained build operations Thread 21" [_thread_blocked, id=9572, stack(0x0000002e30200000,0x0000002e30300000)]
  0x000001e94290f000 JavaThread "Unconstrained build operations Thread 22" [_thread_blocked, id=1168, stack(0x0000002e30300000,0x0000002e30400000)]
  0x000001e942910800 JavaThread "Unconstrained build operations Thread 23" [_thread_blocked, id=13056, stack(0x0000002e30400000,0x0000002e30500000)]
  0x000001e94290f800 JavaThread "Unconstrained build operations Thread 24" [_thread_blocked, id=7176, stack(0x0000002e30500000,0x0000002e30600000)]
  0x000001e94290b800 JavaThread "Unconstrained build operations Thread 25" [_thread_blocked, id=10312, stack(0x0000002e30600000,0x0000002e30700000)]
  0x000001e942911800 JavaThread "Unconstrained build operations Thread 26" [_thread_blocked, id=2340, stack(0x0000002e30700000,0x0000002e30800000)]
  0x000001e942917000 JavaThread "Unconstrained build operations Thread 27" [_thread_blocked, id=11540, stack(0x0000002e30800000,0x0000002e30900000)]
  0x000001e942915800 JavaThread "Unconstrained build operations Thread 28" [_thread_blocked, id=3440, stack(0x0000002e30900000,0x0000002e30a00000)]
  0x000001e942916800 JavaThread "Unconstrained build operations Thread 29" [_thread_blocked, id=10804, stack(0x0000002e30a00000,0x0000002e30b00000)]
  0x000001e942912000 JavaThread "Unconstrained build operations Thread 30" [_thread_blocked, id=8872, stack(0x0000002e30b00000,0x0000002e30c00000)]
  0x000001e942918000 JavaThread "Unconstrained build operations Thread 31" [_thread_blocked, id=6072, stack(0x0000002e30c00000,0x0000002e30d00000)]
  0x000001e942913000 JavaThread "Unconstrained build operations Thread 32" [_thread_blocked, id=9792, stack(0x0000002e30d00000,0x0000002e30e00000)]
  0x000001e942919800 JavaThread "Unconstrained build operations Thread 33" [_thread_blocked, id=13324, stack(0x0000002e30e00000,0x0000002e30f00000)]
  0x000001e94291a800 JavaThread "Unconstrained build operations Thread 34" [_thread_blocked, id=7784, stack(0x0000002e30f00000,0x0000002e31000000)]
  0x000001e93a8f1000 JavaThread "Unconstrained build operations Thread 35" [_thread_blocked, id=12568, stack(0x0000002e31000000,0x0000002e31100000)]
  0x000001e93a8f1800 JavaThread "Unconstrained build operations Thread 36" [_thread_blocked, id=9600, stack(0x0000002e31100000,0x0000002e31200000)]
  0x000001e93a8ed800 JavaThread "Unconstrained build operations Thread 37" [_thread_blocked, id=10792, stack(0x0000002e31200000,0x0000002e31300000)]
  0x000001e93a8f4000 JavaThread "Unconstrained build operations Thread 38" [_thread_blocked, id=5612, stack(0x0000002e31300000,0x0000002e31400000)]
  0x000001e93a8f3800 JavaThread "Unconstrained build operations Thread 39" [_thread_blocked, id=2952, stack(0x0000002e31400000,0x0000002e31500000)]
  0x000001e93a8f6800 JavaThread "Unconstrained build operations Thread 40" [_thread_blocked, id=7388, stack(0x0000002e31500000,0x0000002e31600000)]
  0x000001e93a8f2800 JavaThread "pool-18-thread-1" [_thread_blocked, id=9620, stack(0x0000002e31900000,0x0000002e31a00000)]
  0x000001e93ac74800 JavaThread "included builds" [_thread_blocked, id=14176, stack(0x0000002e2ed00000,0x0000002e2ee00000)]
  0x000001e93ac75800 JavaThread "Execution worker" [_thread_blocked, id=3796, stack(0x0000002e31b00000,0x0000002e31c00000)]
  0x000001e93ac70800 JavaThread "Execution worker Thread 2" [_thread_blocked, id=11880, stack(0x0000002e31c00000,0x0000002e31d00000)]
  0x000001e93a8a5000 JavaThread "Execution worker Thread 3" [_thread_blocked, id=10592, stack(0x0000002e31d00000,0x0000002e31e00000)]
  0x000001e9418a7800 JavaThread "Cache worker for execution history cache (D:\ActivityLauncher\.gradle\7.5\executionHistory)" [_thread_blocked, id=6300, stack(0x0000002e31e00000,0x0000002e31f00000)]
  0x000001e9418aa000 JavaThread "idea-tooling-model-converter" [_thread_blocked, id=13852, stack(0x0000002e31f00000,0x0000002e32000000)]
  0x000001e93ce7f000 JavaThread "C2 CompilerThread1" daemon [_thread_in_native, id=6436, stack(0x0000002e32300000,0x0000002e32400000)]

Other Threads:
  0x000001e938776000 VMThread "VM Thread" [stack: 0x0000002e2c400000,0x0000002e2c500000] [id=7400]
  0x000001e93894b800 WatcherThread [stack: 0x0000002e2ce00000,0x0000002e2cf00000] [id=8168]
  0x000001e91c1eb800 GCTaskThread "GC Thread#0" [stack: 0x0000002e2bf00000,0x0000002e2c000000] [id=5128]
  0x000001e93932d000 GCTaskThread "GC Thread#1" [stack: 0x0000002e2cf00000,0x0000002e2d000000] [id=9876]
  0x000001e93932e000 GCTaskThread "GC Thread#2" [stack: 0x0000002e2d000000,0x0000002e2d100000] [id=6568]
  0x000001e939377000 GCTaskThread "GC Thread#3" [stack: 0x0000002e2d100000,0x0000002e2d200000] [id=6432]
  0x000001e91e366800 ConcurrentGCThread "G1 Main Marker" [stack: 0x0000002e2c000000,0x0000002e2c100000] [id=10468]
=>0x000001e91e368000 ConcurrentGCThread "G1 Conc#0" [stack: 0x0000002e2c100000,0x0000002e2c200000] [id=11752]
  0x000001e937dac800 ConcurrentGCThread "G1 Refine#0" [stack: 0x0000002e2c200000,0x0000002e2c300000] [id=4992]
  0x000001e937dad800 ConcurrentGCThread "G1 Young RemSet Sampling" [stack: 0x0000002e2c300000,0x0000002e2c400000] [id=8808]

Threads with active compile tasks:
C2 CompilerThread0  1233195 23365   !   4       java.nio.file.FileTreeWalker::next (144 bytes)
C2 CompilerThread1  1233195 23372       4       org.gradle.cache.internal.btree.BTreePersistentIndexedCache$IndexBlock::read (94 bytes)

VM state:not at safepoint (normal execution)

VM Mutex/Monitor currently owned by a thread: None

Heap address: 0x0000000080000000, size: 2048 MB, Compressed Oops mode: 32-bit
Narrow klass base: 0x0000000000000000, Narrow klass shift: 3
Compressed class space size: 1073741824 Address: 0x0000000100000000

Heap:
 garbage-first heap   total 293888K, used 252928K [0x0000000080000000, 0x0000000100000000)
  region size 1024K, 20 young (20480K), 3 survivors (3072K)
 Metaspace       used 152608K, capacity 157630K, committed 157872K, reserved 1185792K
  class space    used 19290K, capacity 21135K, committed 21248K, reserved 1048576K
Heap Regions: E=young(eden), S=young(survivor), O=old, HS=humongous(starts), HC=humongous(continues), CS=collection set, F=free, A=archive, TAMS=top-at-mark-start (previous, next)
|   0|0x0000000080000000, 0x0000000080100000, 0x0000000080100000|100%|HS|  |TAMS 0x0000000080100000, 0x0000000080100000| Complete 
|   1|0x0000000080100000, 0x0000000080200000, 0x0000000080200000|100%|HC|  |TAMS 0x0000000080200000, 0x0000000080200000| Complete 
|   2|0x0000000080200000, 0x0000000080300000, 0x0000000080300000|100%|HC|  |TAMS 0x0000000080300000, 0x0000000080300000| Complete 
|   3|0x0000000080300000, 0x0000000080400000, 0x0000000080400000|100%| O|  |TAMS 0x0000000080400000, 0x0000000080400000| Untracked 
|   4|0x0000000080400000, 0x0000000080500000, 0x0000000080500000|100%| O|  |TAMS 0x0000000080500000, 0x0000000080500000| Untracked 
|   5|0x0000000080500000, 0x0000000080600000, 0x0000000080600000|100%| O|  |TAMS 0x0000000080600000, 0x0000000080600000| Untracked 
|   6|0x0000000080600000, 0x0000000080700000, 0x0000000080700000|100%| O|  |TAMS 0x0000000080700000, 0x0000000080700000| Untracked 
|   7|0x0000000080700000, 0x0000000080800000, 0x0000000080800000|100%| O|  |TAMS 0x0000000080800000, 0x0000000080800000| Untracked 
|   8|0x0000000080800000, 0x0000000080900000, 0x0000000080900000|100%| O|  |TAMS 0x0000000080900000, 0x0000000080900000| Untracked 
|   9|0x0000000080900000, 0x0000000080a00000, 0x0000000080a00000|100%| O|  |TAMS 0x0000000080a00000, 0x0000000080a00000| Untracked 
|  10|0x0000000080a00000, 0x0000000080b00000, 0x0000000080b00000|100%| O|  |TAMS 0x0000000080b00000, 0x0000000080b00000| Untracked 
|  11|0x0000000080b00000, 0x0000000080c00000, 0x0000000080c00000|100%| O|  |TAMS 0x0000000080c00000, 0x0000000080c00000| Untracked 
|  12|0x0000000080c00000, 0x0000000080d00000, 0x0000000080d00000|100%| O|  |TAMS 0x0000000080d00000, 0x0000000080d00000| Untracked 
|  13|0x0000000080d00000, 0x0000000080e00000, 0x0000000080e00000|100%| O|  |TAMS 0x0000000080e00000, 0x0000000080e00000| Untracked 
|  14|0x0000000080e00000, 0x0000000080f00000, 0x0000000080f00000|100%| O|  |TAMS 0x0000000080f00000, 0x0000000080f00000| Untracked 
|  15|0x0000000080f00000, 0x0000000081000000, 0x0000000081000000|100%| O|  |TAMS 0x0000000081000000, 0x0000000081000000| Untracked 
|  16|0x0000000081000000, 0x0000000081100000, 0x0000000081100000|100%|HS|  |TAMS 0x0000000081100000, 0x0000000081100000| Complete 
|  17|0x0000000081100000, 0x0000000081200000, 0x0000000081200000|100%|HC|  |TAMS 0x0000000081200000, 0x0000000081200000| Complete 
|  18|0x0000000081200000, 0x0000000081300000, 0x0000000081300000|100%|HS|  |TAMS 0x0000000081300000, 0x0000000081300000| Complete 
|  19|0x0000000081300000, 0x0000000081400000, 0x0000000081400000|100%|HS|  |TAMS 0x0000000081400000, 0x0000000081400000| Complete 
|  20|0x0000000081400000, 0x0000000081500000, 0x0000000081500000|100%|HS|  |TAMS 0x0000000081500000, 0x0000000081500000| Complete 
|  21|0x0000000081500000, 0x0000000081600000, 0x0000000081600000|100%|HC|  |TAMS 0x0000000081600000, 0x0000000081600000| Complete 
|  22|0x0000000081600000, 0x0000000081700000, 0x0000000081700000|100%|HC|  |TAMS 0x0000000081700000, 0x0000000081700000| Complete 
|  23|0x0000000081700000, 0x0000000081800000, 0x0000000081800000|100%|HC|  |TAMS 0x0000000081800000, 0x0000000081800000| Complete 
|  24|0x0000000081800000, 0x0000000081900000, 0x0000000081900000|100%| O|  |TAMS 0x0000000081900000, 0x0000000081900000| Untracked 
|  25|0x0000000081900000, 0x0000000081a00000, 0x0000000081a00000|100%| O|  |TAMS 0x0000000081a00000, 0x0000000081a00000| Untracked 
|  26|0x0000000081a00000, 0x0000000081b00000, 0x0000000081b00000|100%| O|  |TAMS 0x0000000081b00000, 0x0000000081b00000| Untracked 
|  27|0x0000000081b00000, 0x0000000081c00000, 0x0000000081c00000|100%| O|  |TAMS 0x0000000081c00000, 0x0000000081c00000| Untracked 
|  28|0x0000000081c00000, 0x0000000081d00000, 0x0000000081d00000|100%| O|  |TAMS 0x0000000081d00000, 0x0000000081d00000| Untracked 
|  29|0x0000000081d00000, 0x0000000081e00000, 0x0000000081e00000|100%| O|  |TAMS 0x0000000081e00000, 0x0000000081e00000| Untracked 
|  30|0x0000000081e00000, 0x0000000081f00000, 0x0000000081f00000|100%| O|  |TAMS 0x0000000081f00000, 0x0000000081f00000| Untracked 
|  31|0x0000000081f00000, 0x0000000082000000, 0x0000000082000000|100%| O|  |TAMS 0x0000000082000000, 0x0000000082000000| Untracked 
|  32|0x0000000082000000, 0x0000000082100000, 0x0000000082100000|100%| O|  |TAMS 0x0000000082100000, 0x0000000082100000| Untracked 
|  33|0x0000000082100000, 0x0000000082200000, 0x0000000082200000|100%| O|  |TAMS 0x0000000082200000, 0x0000000082200000| Untracked 
|  34|0x0000000082200000, 0x0000000082300000, 0x0000000082300000|100%| O|  |TAMS 0x0000000082300000, 0x0000000082300000| Untracked 
|  35|0x0000000082300000, 0x0000000082400000, 0x0000000082400000|100%| O|  |TAMS 0x0000000082400000, 0x0000000082400000| Untracked 
|  36|0x0000000082400000, 0x0000000082500000, 0x0000000082500000|100%| O|  |TAMS 0x0000000082500000, 0x0000000082500000| Untracked 
|  37|0x0000000082500000, 0x0000000082600000, 0x0000000082600000|100%| O|  |TAMS 0x0000000082600000, 0x0000000082600000| Untracked 
|  38|0x0000000082600000, 0x0000000082700000, 0x0000000082700000|100%| O|  |TAMS 0x0000000082700000, 0x0000000082700000| Untracked 
|  39|0x0000000082700000, 0x0000000082800000, 0x0000000082800000|100%| O|  |TAMS 0x0000000082800000, 0x0000000082800000| Untracked 
|  40|0x0000000082800000, 0x0000000082900000, 0x0000000082900000|100%| O|  |TAMS 0x0000000082900000, 0x0000000082900000| Untracked 
|  41|0x0000000082900000, 0x0000000082a00000, 0x0000000082a00000|100%| O|  |TAMS 0x0000000082a00000, 0x0000000082a00000| Untracked 
|  42|0x0000000082a00000, 0x0000000082b00000, 0x0000000082b00000|100%| O|  |TAMS 0x0000000082b00000, 0x0000000082b00000| Untracked 
|  43|0x0000000082b00000, 0x0000000082c00000, 0x0000000082c00000|100%| O|  |TAMS 0x0000000082c00000, 0x0000000082c00000| Untracked 
|  44|0x0000000082c00000, 0x0000000082d00000, 0x0000000082d00000|100%| O|  |TAMS 0x0000000082d00000, 0x0000000082d00000| Untracked 
|  45|0x0000000082d00000, 0x0000000082e00000, 0x0000000082e00000|100%| O|  |TAMS 0x0000000082e00000, 0x0000000082e00000| Untracked 
|  46|0x0000000082e00000, 0x0000000082f00000, 0x0000000082f00000|100%| O|  |TAMS 0x0000000082f00000, 0x0000000082f00000| Untracked 
|  47|0x0000000082f00000, 0x0000000083000000, 0x0000000083000000|100%| O|  |TAMS 0x0000000083000000, 0x0000000083000000| Untracked 
|  48|0x0000000083000000, 0x0000000083100000, 0x0000000083100000|100%| O|  |TAMS 0x0000000083100000, 0x0000000083100000| Untracked 
|  49|0x0000000083100000, 0x0000000083200000, 0x0000000083200000|100%| O|  |TAMS 0x0000000083200000, 0x0000000083200000| Untracked 
|  50|0x0000000083200000, 0x0000000083300000, 0x0000000083300000|100%| O|  |TAMS 0x0000000083300000, 0x0000000083300000| Untracked 
|  51|0x0000000083300000, 0x0000000083400000, 0x0000000083400000|100%| O|  |TAMS 0x0000000083400000, 0x0000000083400000| Untracked 
|  52|0x0000000083400000, 0x0000000083500000, 0x0000000083500000|100%| O|  |TAMS 0x0000000083500000, 0x0000000083500000| Untracked 
|  53|0x0000000083500000, 0x0000000083600000, 0x0000000083600000|100%| O|  |TAMS 0x0000000083600000, 0x0000000083600000| Untracked 
|  54|0x0000000083600000, 0x0000000083700000, 0x0000000083700000|100%| O|  |TAMS 0x0000000083700000, 0x0000000083700000| Untracked 
|  55|0x0000000083700000, 0x0000000083800000, 0x0000000083800000|100%| O|  |TAMS 0x0000000083800000, 0x0000000083800000| Untracked 
|  56|0x0000000083800000, 0x0000000083900000, 0x0000000083900000|100%| O|  |TAMS 0x0000000083900000, 0x0000000083900000| Untracked 
|  57|0x0000000083900000, 0x0000000083a00000, 0x0000000083a00000|100%| O|  |TAMS 0x0000000083a00000, 0x0000000083a00000| Untracked 
|  58|0x0000000083a00000, 0x0000000083b00000, 0x0000000083b00000|100%| O|  |TAMS 0x0000000083b00000, 0x0000000083b00000| Untracked 
|  59|0x0000000083b00000, 0x0000000083c00000, 0x0000000083c00000|100%| O|  |TAMS 0x0000000083c00000, 0x0000000083c00000| Untracked 
|  60|0x0000000083c00000, 0x0000000083d00000, 0x0000000083d00000|100%| O|  |TAMS 0x0000000083d00000, 0x0000000083d00000| Untracked 
|  61|0x0000000083d00000, 0x0000000083e00000, 0x0000000083e00000|100%| O|  |TAMS 0x0000000083e00000, 0x0000000083e00000| Untracked 
|  62|0x0000000083e00000, 0x0000000083f00000, 0x0000000083f00000|100%| O|  |TAMS 0x0000000083f00000, 0x0000000083f00000| Untracked 
|  63|0x0000000083f00000, 0x0000000084000000, 0x0000000084000000|100%| O|  |TAMS 0x0000000084000000, 0x0000000084000000| Untracked 
|  64|0x0000000084000000, 0x0000000084100000, 0x0000000084100000|100%| O|  |TAMS 0x0000000084100000, 0x0000000084100000| Untracked 
|  65|0x0000000084100000, 0x0000000084200000, 0x0000000084200000|100%|HS|  |TAMS 0x0000000084200000, 0x0000000084200000| Complete 
|  66|0x0000000084200000, 0x0000000084300000, 0x0000000084300000|100%|HC|  |TAMS 0x0000000084300000, 0x0000000084300000| Complete 
|  67|0x0000000084300000, 0x0000000084400000, 0x0000000084400000|100%| O|  |TAMS 0x0000000084400000, 0x0000000084400000| Untracked 
|  68|0x0000000084400000, 0x0000000084500000, 0x0000000084500000|100%| O|  |TAMS 0x0000000084500000, 0x0000000084500000| Untracked 
|  69|0x0000000084500000, 0x0000000084600000, 0x0000000084600000|100%| O|  |TAMS 0x0000000084600000, 0x0000000084600000| Untracked 
|  70|0x0000000084600000, 0x0000000084700000, 0x0000000084700000|100%| O|  |TAMS 0x0000000084700000, 0x0000000084700000| Untracked 
|  71|0x0000000084700000, 0x0000000084800000, 0x0000000084800000|100%| O|  |TAMS 0x0000000084800000, 0x0000000084800000| Untracked 
|  72|0x0000000084800000, 0x0000000084900000, 0x0000000084900000|100%| O|  |TAMS 0x0000000084900000, 0x0000000084900000| Untracked 
|  73|0x0000000084900000, 0x0000000084a00000, 0x0000000084a00000|100%| O|  |TAMS 0x0000000084a00000, 0x0000000084a00000| Untracked 
|  74|0x0000000084a00000, 0x0000000084b00000, 0x0000000084b00000|100%| O|  |TAMS 0x0000000084b00000, 0x0000000084b00000| Untracked 
|  75|0x0000000084b00000, 0x0000000084c00000, 0x0000000084c00000|100%| O|  |TAMS 0x0000000084c00000, 0x0000000084c00000| Untracked 
|  76|0x0000000084c00000, 0x0000000084d00000, 0x0000000084d00000|100%| O|  |TAMS 0x0000000084d00000, 0x0000000084d00000| Untracked 
|  77|0x0000000084d00000, 0x0000000084e00000, 0x0000000084e00000|100%| O|  |TAMS 0x0000000084e00000, 0x0000000084e00000| Untracked 
|  78|0x0000000084e00000, 0x0000000084f00000, 0x0000000084f00000|100%| O|  |TAMS 0x0000000084f00000, 0x0000000084f00000| Untracked 
|  79|0x0000000084f00000, 0x0000000085000000, 0x0000000085000000|100%| O|  |TAMS 0x0000000085000000, 0x0000000085000000| Untracked 
|  80|0x0000000085000000, 0x0000000085100000, 0x0000000085100000|100%| O|  |TAMS 0x0000000085100000, 0x0000000085100000| Untracked 
|  81|0x0000000085100000, 0x0000000085200000, 0x0000000085200000|100%| O|  |TAMS 0x0000000085200000, 0x0000000085200000| Untracked 
|  82|0x0000000085200000, 0x0000000085300000, 0x0000000085300000|100%| O|  |TAMS 0x0000000085300000, 0x0000000085300000| Untracked 
|  83|0x0000000085300000, 0x0000000085400000, 0x0000000085400000|100%| O|  |TAMS 0x0000000085400000, 0x0000000085400000| Untracked 
|  84|0x0000000085400000, 0x0000000085500000, 0x0000000085500000|100%| O|  |TAMS 0x0000000085500000, 0x0000000085500000| Untracked 
|  85|0x0000000085500000, 0x0000000085600000, 0x0000000085600000|100%| O|  |TAMS 0x0000000085600000, 0x0000000085600000| Untracked 
|  86|0x0000000085600000, 0x0000000085700000, 0x0000000085700000|100%| O|  |TAMS 0x0000000085700000, 0x0000000085700000| Untracked 
|  87|0x0000000085700000, 0x0000000085800000, 0x0000000085800000|100%| O|  |TAMS 0x0000000085800000, 0x0000000085800000| Untracked 
|  88|0x0000000085800000, 0x0000000085900000, 0x0000000085900000|100%| O|  |TAMS 0x0000000085900000, 0x0000000085900000| Untracked 
|  89|0x0000000085900000, 0x0000000085a00000, 0x0000000085a00000|100%| O|  |TAMS 0x0000000085a00000, 0x0000000085a00000| Untracked 
|  90|0x0000000085a00000, 0x0000000085b00000, 0x0000000085b00000|100%| O|  |TAMS 0x0000000085b00000, 0x0000000085b00000| Untracked 
|  91|0x0000000085b00000, 0x0000000085c00000, 0x0000000085c00000|100%| O|  |TAMS 0x0000000085c00000, 0x0000000085c00000| Untracked 
|  92|0x0000000085c00000, 0x0000000085d00000, 0x0000000085d00000|100%| O|  |TAMS 0x0000000085d00000, 0x0000000085d00000| Untracked 
|  93|0x0000000085d00000, 0x0000000085e00000, 0x0000000085e00000|100%| O|  |TAMS 0x0000000085e00000, 0x0000000085e00000| Untracked 
|  94|0x0000000085e00000, 0x0000000085f00000, 0x0000000085f00000|100%| O|  |TAMS 0x0000000085f00000, 0x0000000085f00000| Untracked 
|  95|0x0000000085f00000, 0x0000000086000000, 0x0000000086000000|100%| O|  |TAMS 0x0000000086000000, 0x0000000086000000| Untracked 
|  96|0x0000000086000000, 0x0000000086100000, 0x0000000086100000|100%| O|  |TAMS 0x0000000086100000, 0x0000000086100000| Untracked 
|  97|0x0000000086100000, 0x0000000086200000, 0x0000000086200000|100%| O|  |TAMS 0x0000000086200000, 0x0000000086200000| Untracked 
|  98|0x0000000086200000, 0x0000000086300000, 0x0000000086300000|100%| O|  |TAMS 0x0000000086300000, 0x0000000086300000| Untracked 
|  99|0x0000000086300000, 0x0000000086400000, 0x0000000086400000|100%| O|  |TAMS 0x0000000086400000, 0x0000000086400000| Untracked 
| 100|0x0000000086400000, 0x0000000086500000, 0x0000000086500000|100%| O|  |TAMS 0x0000000086500000, 0x0000000086500000| Untracked 
| 101|0x0000000086500000, 0x0000000086600000, 0x0000000086600000|100%| O|  |TAMS 0x0000000086600000, 0x0000000086600000| Untracked 
| 102|0x0000000086600000, 0x0000000086700000, 0x0000000086700000|100%| O|  |TAMS 0x0000000086700000, 0x0000000086700000| Untracked 
| 103|0x0000000086700000, 0x0000000086800000, 0x0000000086800000|100%| O|  |TAMS 0x0000000086800000, 0x0000000086800000| Untracked 
| 104|0x0000000086800000, 0x0000000086900000, 0x0000000086900000|100%| O|  |TAMS 0x0000000086900000, 0x0000000086900000| Untracked 
| 105|0x0000000086900000, 0x0000000086a00000, 0x0000000086a00000|100%| O|  |TAMS 0x0000000086a00000, 0x0000000086a00000| Untracked 
| 106|0x0000000086a00000, 0x0000000086b00000, 0x0000000086b00000|100%| O|  |TAMS 0x0000000086b00000, 0x0000000086b00000| Untracked 
| 107|0x0000000086b00000, 0x0000000086c00000, 0x0000000086c00000|100%| O|  |TAMS 0x0000000086c00000, 0x0000000086c00000| Untracked 
| 108|0x0000000086c00000, 0x0000000086d00000, 0x0000000086d00000|100%| O|  |TAMS 0x0000000086d00000, 0x0000000086d00000| Untracked 
| 109|0x0000000086d00000, 0x0000000086e00000, 0x0000000086e00000|100%|HS|  |TAMS 0x0000000086e00000, 0x0000000086e00000| Complete 
| 110|0x0000000086e00000, 0x0000000086f00000, 0x0000000086f00000|100%|HC|  |TAMS 0x0000000086f00000, 0x0000000086f00000| Complete 
| 111|0x0000000086f00000, 0x0000000087000000, 0x0000000087000000|100%| O|  |TAMS 0x0000000087000000, 0x0000000087000000| Untracked 
| 112|0x0000000087000000, 0x0000000087100000, 0x0000000087100000|100%| O|  |TAMS 0x0000000087100000, 0x0000000087100000| Untracked 
| 113|0x0000000087100000, 0x0000000087200000, 0x0000000087200000|100%| O|  |TAMS 0x0000000087200000, 0x0000000087200000| Untracked 
| 114|0x0000000087200000, 0x0000000087300000, 0x0000000087300000|100%| O|  |TAMS 0x0000000087300000, 0x0000000087300000| Untracked 
| 115|0x0000000087300000, 0x0000000087400000, 0x0000000087400000|100%| O|  |TAMS 0x0000000087400000, 0x0000000087400000| Untracked 
| 116|0x0000000087400000, 0x0000000087500000, 0x0000000087500000|100%| O|  |TAMS 0x0000000087500000, 0x0000000087500000| Untracked 
| 117|0x0000000087500000, 0x0000000087600000, 0x0000000087600000|100%| O|  |TAMS 0x0000000087600000, 0x0000000087600000| Untracked 
| 118|0x0000000087600000, 0x0000000087700000, 0x0000000087700000|100%|HS|  |TAMS 0x0000000087700000, 0x0000000087700000| Complete 
| 119|0x0000000087700000, 0x0000000087800000, 0x0000000087800000|100%|HC|  |TAMS 0x0000000087800000, 0x0000000087800000| Complete 
| 120|0x0000000087800000, 0x0000000087900000, 0x0000000087900000|100%|HC|  |TAMS 0x0000000087900000, 0x0000000087900000| Complete 
| 121|0x0000000087900000, 0x0000000087a00000, 0x0000000087a00000|100%| O|  |TAMS 0x0000000087a00000, 0x0000000087a00000| Untracked 
| 122|0x0000000087a00000, 0x0000000087b00000, 0x0000000087b00000|100%|HS|  |TAMS 0x0000000087b00000, 0x0000000087b00000| Complete 
| 123|0x0000000087b00000, 0x0000000087c00000, 0x0000000087c00000|100%|HC|  |TAMS 0x0000000087c00000, 0x0000000087c00000| Complete 
| 124|0x0000000087c00000, 0x0000000087d00000, 0x0000000087d00000|100%| O|  |TAMS 0x0000000087d00000, 0x0000000087d00000| Untracked 
| 125|0x0000000087d00000, 0x0000000087e00000, 0x0000000087e00000|100%|HS|  |TAMS 0x0000000087e00000, 0x0000000087e00000| Complete 
| 126|0x0000000087e00000, 0x0000000087f00000, 0x0000000087f00000|100%|HC|  |TAMS 0x0000000087f00000, 0x0000000087f00000| Complete 
| 127|0x0000000087f00000, 0x0000000088000000, 0x0000000088000000|100%| O|  |TAMS 0x0000000088000000, 0x0000000088000000| Untracked 
| 128|0x0000000088000000, 0x0000000088100000, 0x0000000088100000|100%| O|  |TAMS 0x0000000088100000, 0x0000000088100000| Untracked 
| 129|0x0000000088100000, 0x0000000088200000, 0x0000000088200000|100%| O|  |TAMS 0x0000000088200000, 0x0000000088200000| Untracked 
| 130|0x0000000088200000, 0x0000000088300000, 0x0000000088300000|100%| O|  |TAMS 0x0000000088300000, 0x0000000088300000| Untracked 
| 131|0x0000000088300000, 0x0000000088400000, 0x0000000088400000|100%| O|  |TAMS 0x0000000088400000, 0x0000000088400000| Untracked 
| 132|0x0000000088400000, 0x0000000088500000, 0x0000000088500000|100%| O|  |TAMS 0x0000000088500000, 0x0000000088500000| Untracked 
| 133|0x0000000088500000, 0x0000000088600000, 0x0000000088600000|100%| O|  |TAMS 0x0000000088600000, 0x0000000088600000| Untracked 
| 134|0x0000000088600000, 0x0000000088700000, 0x0000000088700000|100%| O|  |TAMS 0x0000000088700000, 0x0000000088700000| Untracked 
| 135|0x0000000088700000, 0x0000000088800000, 0x0000000088800000|100%| O|  |TAMS 0x0000000088800000, 0x0000000088800000| Untracked 
| 136|0x0000000088800000, 0x0000000088900000, 0x0000000088900000|100%| O|  |TAMS 0x0000000088900000, 0x0000000088900000| Untracked 
| 137|0x0000000088900000, 0x0000000088a00000, 0x0000000088a00000|100%| O|  |TAMS 0x0000000088a00000, 0x0000000088a00000| Untracked 
| 138|0x0000000088a00000, 0x0000000088b00000, 0x0000000088b00000|100%| O|  |TAMS 0x0000000088b00000, 0x0000000088b00000| Untracked 
| 139|0x0000000088b00000, 0x0000000088c00000, 0x0000000088c00000|100%| O|  |TAMS 0x0000000088c00000, 0x0000000088c00000| Untracked 
| 140|0x0000000088c00000, 0x0000000088d00000, 0x0000000088d00000|100%| O|  |TAMS 0x0000000088d00000, 0x0000000088d00000| Untracked 
| 141|0x0000000088d00000, 0x0000000088e00000, 0x0000000088e00000|100%| O|  |TAMS 0x0000000088e00000, 0x0000000088e00000| Untracked 
| 142|0x0000000088e00000, 0x0000000088f00000, 0x0000000088f00000|100%| O|  |TAMS 0x0000000088f00000, 0x0000000088f00000| Untracked 
| 143|0x0000000088f00000, 0x0000000089000000, 0x0000000089000000|100%| O|  |TAMS 0x0000000089000000, 0x0000000089000000| Untracked 
| 144|0x0000000089000000, 0x0000000089100000, 0x0000000089100000|100%|HS|  |TAMS 0x0000000089100000, 0x0000000089100000| Complete 
| 145|0x0000000089100000, 0x0000000089200000, 0x0000000089200000|100%|HC|  |TAMS 0x0000000089200000, 0x0000000089200000| Complete 
| 146|0x0000000089200000, 0x0000000089300000, 0x0000000089300000|100%|HS|  |TAMS 0x0000000089300000, 0x0000000089300000| Complete 
| 147|0x0000000089300000, 0x0000000089400000, 0x0000000089400000|100%|HC|  |TAMS 0x0000000089400000, 0x0000000089400000| Complete 
| 148|0x0000000089400000, 0x0000000089500000, 0x0000000089500000|100%|HC|  |TAMS 0x0000000089500000, 0x0000000089500000| Complete 
| 149|0x0000000089500000, 0x0000000089600000, 0x0000000089600000|100%|HS|  |TAMS 0x0000000089600000, 0x0000000089600000| Complete 
| 150|0x0000000089600000, 0x0000000089700000, 0x0000000089700000|100%|HC|  |TAMS 0x0000000089700000, 0x0000000089700000| Complete 
| 151|0x0000000089700000, 0x0000000089800000, 0x0000000089800000|100%|HC|  |TAMS 0x0000000089800000, 0x0000000089800000| Complete 
| 152|0x0000000089800000, 0x0000000089900000, 0x0000000089900000|100%| O|  |TAMS 0x0000000089900000, 0x0000000089900000| Untracked 
| 153|0x0000000089900000, 0x0000000089a00000, 0x0000000089a00000|100%|HS|  |TAMS 0x0000000089a00000, 0x0000000089a00000| Complete 
| 154|0x0000000089a00000, 0x0000000089b00000, 0x0000000089b00000|100%|HC|  |TAMS 0x0000000089b00000, 0x0000000089b00000| Complete 
| 155|0x0000000089b00000, 0x0000000089c00000, 0x0000000089c00000|100%| O|  |TAMS 0x0000000089c00000, 0x0000000089c00000| Untracked 
| 156|0x0000000089c00000, 0x0000000089d00000, 0x0000000089d00000|100%|HS|  |TAMS 0x0000000089d00000, 0x0000000089d00000| Complete 
| 157|0x0000000089d00000, 0x0000000089e00000, 0x0000000089e00000|100%|HC|  |TAMS 0x0000000089e00000, 0x0000000089e00000| Complete 
| 158|0x0000000089e00000, 0x0000000089f00000, 0x0000000089f00000|100%|HC|  |TAMS 0x0000000089f00000, 0x0000000089f00000| Complete 
| 159|0x0000000089f00000, 0x000000008a000000, 0x000000008a000000|100%|HS|  |TAMS 0x000000008a000000, 0x000000008a000000| Complete 
| 160|0x000000008a000000, 0x000000008a100000, 0x000000008a100000|100%|HC|  |TAMS 0x000000008a100000, 0x000000008a100000| Complete 
| 161|0x000000008a100000, 0x000000008a200000, 0x000000008a200000|100%|HC|  |TAMS 0x000000008a200000, 0x000000008a200000| Complete 
| 162|0x000000008a200000, 0x000000008a300000, 0x000000008a300000|100%|HC|  |TAMS 0x000000008a300000, 0x000000008a300000| Complete 
| 163|0x000000008a300000, 0x000000008a400000, 0x000000008a400000|100%|HC|  |TAMS 0x000000008a400000, 0x000000008a400000| Complete 
| 164|0x000000008a400000, 0x000000008a500000, 0x000000008a500000|100%|HC|  |TAMS 0x000000008a500000, 0x000000008a500000| Complete 
| 165|0x000000008a500000, 0x000000008a600000, 0x000000008a600000|100%|HC|  |TAMS 0x000000008a600000, 0x000000008a600000| Complete 
| 166|0x000000008a600000, 0x000000008a700000, 0x000000008a700000|100%|HC|  |TAMS 0x000000008a700000, 0x000000008a700000| Complete 
| 167|0x000000008a700000, 0x000000008a800000, 0x000000008a800000|100%|HC|  |TAMS 0x000000008a800000, 0x000000008a800000| Complete 
| 168|0x000000008a800000, 0x000000008a900000, 0x000000008a900000|100%|HC|  |TAMS 0x000000008a900000, 0x000000008a900000| Complete 
| 169|0x000000008a900000, 0x000000008aa00000, 0x000000008aa00000|100%|HS|  |TAMS 0x000000008aa00000, 0x000000008aa00000| Complete 
| 170|0x000000008aa00000, 0x000000008ab00000, 0x000000008ab00000|100%|HC|  |TAMS 0x000000008ab00000, 0x000000008ab00000| Complete 
| 171|0x000000008ab00000, 0x000000008ac00000, 0x000000008ac00000|100%|HC|  |TAMS 0x000000008ac00000, 0x000000008ac00000| Complete 
| 172|0x000000008ac00000, 0x000000008ad00000, 0x000000008ad00000|100%|HC|  |TAMS 0x000000008ad00000, 0x000000008ad00000| Complete 
| 173|0x000000008ad00000, 0x000000008ae00000, 0x000000008ae00000|100%|HC|  |TAMS 0x000000008ae00000, 0x000000008ae00000| Complete 
| 174|0x000000008ae00000, 0x000000008af00000, 0x000000008af00000|100%|HS|  |TAMS 0x000000008af00000, 0x000000008af00000| Complete 
| 175|0x000000008af00000, 0x000000008b000000, 0x000000008b000000|100%|HC|  |TAMS 0x000000008b000000, 0x000000008b000000| Complete 
| 176|0x000000008b000000, 0x000000008b100000, 0x000000008b100000|100%|HC|  |TAMS 0x000000008b100000, 0x000000008b100000| Complete 
| 177|0x000000008b100000, 0x000000008b200000, 0x000000008b200000|100%|HC|  |TAMS 0x000000008b200000, 0x000000008b200000| Complete 
| 178|0x000000008b200000, 0x000000008b300000, 0x000000008b300000|100%|HC|  |TAMS 0x000000008b300000, 0x000000008b300000| Complete 
| 179|0x000000008b300000, 0x000000008b400000, 0x000000008b400000|100%|HC|  |TAMS 0x000000008b400000, 0x000000008b400000| Complete 
| 180|0x000000008b400000, 0x000000008b500000, 0x000000008b500000|100%|HC|  |TAMS 0x000000008b500000, 0x000000008b500000| Complete 
| 181|0x000000008b500000, 0x000000008b600000, 0x000000008b600000|100%|HC|  |TAMS 0x000000008b600000, 0x000000008b600000| Complete 
| 182|0x000000008b600000, 0x000000008b700000, 0x000000008b700000|100%|HC|  |TAMS 0x000000008b700000, 0x000000008b700000| Complete 
| 183|0x000000008b700000, 0x000000008b800000, 0x000000008b800000|100%|HC|  |TAMS 0x000000008b800000, 0x000000008b800000| Complete 
| 184|0x000000008b800000, 0x000000008b900000, 0x000000008b900000|100%|HS|  |TAMS 0x000000008b900000, 0x000000008b900000| Complete 
| 185|0x000000008b900000, 0x000000008ba00000, 0x000000008ba00000|100%|HC|  |TAMS 0x000000008ba00000, 0x000000008ba00000| Complete 
| 186|0x000000008ba00000, 0x000000008bb00000, 0x000000008bb00000|100%|HC|  |TAMS 0x000000008bb00000, 0x000000008bb00000| Complete 
| 187|0x000000008bb00000, 0x000000008bc00000, 0x000000008bc00000|100%|HC|  |TAMS 0x000000008bc00000, 0x000000008bc00000| Complete 
| 188|0x000000008bc00000, 0x000000008bd00000, 0x000000008bd00000|100%|HC|  |TAMS 0x000000008bd00000, 0x000000008bd00000| Complete 
| 189|0x000000008bd00000, 0x000000008be00000, 0x000000008be00000|100%|HS|  |TAMS 0x000000008be00000, 0x000000008be00000| Complete 
| 190|0x000000008be00000, 0x000000008bf00000, 0x000000008bf00000|100%|HC|  |TAMS 0x000000008bf00000, 0x000000008bf00000| Complete 
| 191|0x000000008bf00000, 0x000000008c000000, 0x000000008c000000|100%| O|  |TAMS 0x000000008c000000, 0x000000008c000000| Untracked 
| 192|0x000000008c000000, 0x000000008c100000, 0x000000008c100000|100%|HS|  |TAMS 0x000000008c100000, 0x000000008c100000| Complete 
| 193|0x000000008c100000, 0x000000008c200000, 0x000000008c200000|100%|HC|  |TAMS 0x000000008c200000, 0x000000008c200000| Complete 
| 194|0x000000008c200000, 0x000000008c300000, 0x000000008c300000|100%|HC|  |TAMS 0x000000008c300000, 0x000000008c300000| Complete 
| 195|0x000000008c300000, 0x000000008c400000, 0x000000008c400000|100%|HS|  |TAMS 0x000000008c400000, 0x000000008c400000| Complete 
| 196|0x000000008c400000, 0x000000008c500000, 0x000000008c500000|100%|HC|  |TAMS 0x000000008c500000, 0x000000008c500000| Complete 
| 197|0x000000008c500000, 0x000000008c600000, 0x000000008c600000|100%|HC|  |TAMS 0x000000008c600000, 0x000000008c600000| Complete 
| 198|0x000000008c600000, 0x000000008c700000, 0x000000008c700000|100%| O|  |TAMS 0x000000008c700000, 0x000000008c700000| Untracked 
| 199|0x000000008c700000, 0x000000008c800000, 0x000000008c800000|100%|HS|  |TAMS 0x000000008c800000, 0x000000008c800000| Complete 
| 200|0x000000008c800000, 0x000000008c900000, 0x000000008c900000|100%|HC|  |TAMS 0x000000008c900000, 0x000000008c900000| Complete 
| 201|0x000000008c900000, 0x000000008ca00000, 0x000000008ca00000|100%|HC|  |TAMS 0x000000008ca00000, 0x000000008ca00000| Complete 
| 202|0x000000008ca00000, 0x000000008cb00000, 0x000000008cb00000|100%|HC|  |TAMS 0x000000008cb00000, 0x000000008cb00000| Complete 
| 203|0x000000008cb00000, 0x000000008cc00000, 0x000000008cc00000|100%|HC|  |TAMS 0x000000008cc00000, 0x000000008cc00000| Complete 
| 204|0x000000008cc00000, 0x000000008cd00000, 0x000000008cd00000|100%|HC|  |TAMS 0x000000008cd00000, 0x000000008cd00000| Complete 
| 205|0x000000008cd00000, 0x000000008ce00000, 0x000000008ce00000|100%|HC|  |TAMS 0x000000008ce00000, 0x000000008ce00000| Complete 
| 206|0x000000008ce00000, 0x000000008cf00000, 0x000000008cf00000|100%|HC|  |TAMS 0x000000008cf00000, 0x000000008cf00000| Complete 
| 207|0x000000008cf00000, 0x000000008d000000, 0x000000008d000000|100%|HC|  |TAMS 0x000000008d000000, 0x000000008d000000| Complete 
| 208|0x000000008d000000, 0x000000008d100000, 0x000000008d100000|100%|HC|  |TAMS 0x000000008d100000, 0x000000008d100000| Complete 
| 209|0x000000008d100000, 0x000000008d200000, 0x000000008d200000|100%|HS|  |TAMS 0x000000008d200000, 0x000000008d200000| Complete 
| 210|0x000000008d200000, 0x000000008d300000, 0x000000008d300000|100%|HC|  |TAMS 0x000000008d300000, 0x000000008d300000| Complete 
| 211|0x000000008d300000, 0x000000008d400000, 0x000000008d400000|100%|HS|  |TAMS 0x000000008d400000, 0x000000008d400000| Complete 
| 212|0x000000008d400000, 0x000000008d500000, 0x000000008d500000|100%|HC|  |TAMS 0x000000008d500000, 0x000000008d500000| Complete 
| 213|0x000000008d500000, 0x000000008d600000, 0x000000008d600000|100%|HC|  |TAMS 0x000000008d600000, 0x000000008d600000| Complete 
| 214|0x000000008d600000, 0x000000008d700000, 0x000000008d700000|100%|HC|  |TAMS 0x000000008d700000, 0x000000008d700000| Complete 
| 215|0x000000008d700000, 0x000000008d800000, 0x000000008d800000|100%|HC|  |TAMS 0x000000008d800000, 0x000000008d800000| Complete 
| 216|0x000000008d800000, 0x000000008d900000, 0x000000008d900000|100%| O|  |TAMS 0x000000008d900000, 0x000000008d900000| Untracked 
| 217|0x000000008d900000, 0x000000008da00000, 0x000000008da00000|100%| O|  |TAMS 0x000000008da00000, 0x000000008da00000| Untracked 
| 218|0x000000008da00000, 0x000000008db00000, 0x000000008db00000|100%| O|  |TAMS 0x000000008db00000, 0x000000008db00000| Untracked 
| 219|0x000000008db00000, 0x000000008dc00000, 0x000000008dc00000|100%| O|  |TAMS 0x000000008dc00000, 0x000000008dc00000| Untracked 
| 220|0x000000008dc00000, 0x000000008dd00000, 0x000000008dd00000|100%| O|  |TAMS 0x000000008dd00000, 0x000000008dd00000| Untracked 
| 221|0x000000008dd00000, 0x000000008de00000, 0x000000008de00000|100%| O|  |TAMS 0x000000008de00000, 0x000000008de00000| Untracked 
| 222|0x000000008de00000, 0x000000008df00000, 0x000000008df00000|100%| O|  |TAMS 0x000000008df00000, 0x000000008df00000| Untracked 
| 223|0x000000008df00000, 0x000000008e000000, 0x000000008e000000|100%| O|  |TAMS 0x000000008df33600, 0x000000008e000000| Untracked 
| 224|0x000000008e000000, 0x000000008e100000, 0x000000008e100000|100%| O|  |TAMS 0x000000008e000000, 0x000000008e100000| Untracked 
| 225|0x000000008e100000, 0x000000008e200000, 0x000000008e200000|100%| O|  |TAMS 0x000000008e100000, 0x000000008e200000| Untracked 
| 226|0x000000008e200000, 0x000000008e300000, 0x000000008e300000|100%| O|  |TAMS 0x000000008e200000, 0x000000008e300000| Untracked 
| 227|0x000000008e300000, 0x000000008e400000, 0x000000008e400000|100%| O|  |TAMS 0x000000008e300000, 0x000000008e400000| Untracked 
| 228|0x000000008e400000, 0x000000008e500000, 0x000000008e500000|100%| O|  |TAMS 0x000000008e400000, 0x000000008e500000| Untracked 
| 229|0x000000008e500000, 0x000000008e500000, 0x000000008e600000|  0%| F|  |TAMS 0x000000008e500000, 0x000000008e500000| Untracked 
| 230|0x000000008e600000, 0x000000008e600000, 0x000000008e700000|  0%| F|  |TAMS 0x000000008e600000, 0x000000008e600000| Untracked 
| 231|0x000000008e700000, 0x000000008e700000, 0x000000008e800000|  0%| F|  |TAMS 0x000000008e700000, 0x000000008e700000| Untracked 
| 232|0x000000008e800000, 0x000000008e800000, 0x000000008e900000|  0%| F|  |TAMS 0x000000008e800000, 0x000000008e800000| Untracked 
| 233|0x000000008e900000, 0x000000008e900000, 0x000000008ea00000|  0%| F|  |TAMS 0x000000008e900000, 0x000000008e900000| Untracked 
| 234|0x000000008ea00000, 0x000000008ea00000, 0x000000008eb00000|  0%| F|  |TAMS 0x000000008ea00000, 0x000000008ea00000| Untracked 
| 235|0x000000008eb00000, 0x000000008eb00000, 0x000000008ec00000|  0%| F|  |TAMS 0x000000008eb00000, 0x000000008eb00000| Untracked 
| 236|0x000000008ec00000, 0x000000008ec00000, 0x000000008ed00000|  0%| F|  |TAMS 0x000000008ec00000, 0x000000008ec00000| Untracked 
| 237|0x000000008ed00000, 0x000000008ed00000, 0x000000008ee00000|  0%| F|  |TAMS 0x000000008ed00000, 0x000000008ed00000| Untracked 
| 238|0x000000008ee00000, 0x000000008ee00000, 0x000000008ef00000|  0%| F|  |TAMS 0x000000008ee00000, 0x000000008ee00000| Untracked 
| 239|0x000000008ef00000, 0x000000008ef00000, 0x000000008f000000|  0%| F|  |TAMS 0x000000008ef00000, 0x000000008ef00000| Untracked 
| 240|0x000000008f000000, 0x000000008f000000, 0x000000008f100000|  0%| F|  |TAMS 0x000000008f000000, 0x000000008f000000| Untracked 
| 241|0x000000008f100000, 0x000000008f100000, 0x000000008f200000|  0%| F|  |TAMS 0x000000008f100000, 0x000000008f100000| Untracked 
| 242|0x000000008f200000, 0x000000008f200000, 0x000000008f300000|  0%| F|  |TAMS 0x000000008f200000, 0x000000008f200000| Untracked 
| 243|0x000000008f300000, 0x000000008f300000, 0x000000008f400000|  0%| F|  |TAMS 0x000000008f300000, 0x000000008f300000| Untracked 
| 244|0x000000008f400000, 0x000000008f400000, 0x000000008f500000|  0%| F|  |TAMS 0x000000008f400000, 0x000000008f400000| Untracked 
| 245|0x000000008f500000, 0x000000008f500000, 0x000000008f600000|  0%| F|  |TAMS 0x000000008f500000, 0x000000008f500000| Untracked 
| 246|0x000000008f600000, 0x000000008f600000, 0x000000008f700000|  0%| F|  |TAMS 0x000000008f600000, 0x000000008f600000| Untracked 
| 247|0x000000008f700000, 0x000000008f700000, 0x000000008f800000|  0%| F|  |TAMS 0x000000008f700000, 0x000000008f700000| Untracked 
| 248|0x000000008f800000, 0x000000008f800000, 0x000000008f900000|  0%| F|  |TAMS 0x000000008f800000, 0x000000008f800000| Untracked 
| 249|0x000000008f900000, 0x000000008f900000, 0x000000008fa00000|  0%| F|  |TAMS 0x000000008f900000, 0x000000008f900000| Untracked 
| 250|0x000000008fa00000, 0x000000008fa00000, 0x000000008fb00000|  0%| F|  |TAMS 0x000000008fa00000, 0x000000008fa00000| Untracked 
| 251|0x000000008fb00000, 0x000000008fb00000, 0x000000008fc00000|  0%| F|  |TAMS 0x000000008fb00000, 0x000000008fb00000| Untracked 
| 252|0x000000008fc00000, 0x000000008fc00000, 0x000000008fd00000|  0%| F|  |TAMS 0x000000008fc00000, 0x000000008fc00000| Untracked 
| 253|0x000000008fd00000, 0x000000008fd00000, 0x000000008fe00000|  0%| F|  |TAMS 0x000000008fd00000, 0x000000008fd00000| Untracked 
| 254|0x000000008fe00000, 0x000000008fe00000, 0x000000008ff00000|  0%| F|  |TAMS 0x000000008fe00000, 0x000000008fe00000| Untracked 
| 255|0x000000008ff00000, 0x000000008ff00000, 0x0000000090000000|  0%| F|  |TAMS 0x000000008ff00000, 0x000000008ff00000| Untracked 
| 256|0x0000000090000000, 0x0000000090000000, 0x0000000090100000|  0%| F|  |TAMS 0x0000000090000000, 0x0000000090000000| Untracked 
| 257|0x0000000090100000, 0x0000000090100000, 0x0000000090200000|  0%| F|  |TAMS 0x0000000090100000, 0x0000000090100000| Untracked 
| 258|0x0000000090200000, 0x0000000090200000, 0x0000000090300000|  0%| F|  |TAMS 0x0000000090200000, 0x0000000090200000| Untracked 
| 259|0x0000000090300000, 0x0000000090300000, 0x0000000090400000|  0%| F|  |TAMS 0x0000000090300000, 0x0000000090300000| Untracked 
| 260|0x0000000090400000, 0x0000000090400000, 0x0000000090500000|  0%| F|  |TAMS 0x0000000090400000, 0x0000000090400000| Untracked 
| 261|0x0000000090500000, 0x0000000090600000, 0x0000000090600000|100%| S|CS|TAMS 0x0000000090500000, 0x0000000090500000| Complete 
| 262|0x0000000090600000, 0x0000000090600000, 0x0000000090700000|  0%| F|  |TAMS 0x0000000090600000, 0x0000000090600000| Untracked 
| 263|0x0000000090700000, 0x0000000090800000, 0x0000000090800000|100%| S|CS|TAMS 0x0000000090700000, 0x0000000090700000| Complete 
| 264|0x0000000090800000, 0x0000000090800000, 0x0000000090900000|  0%| F|  |TAMS 0x0000000090800000, 0x0000000090800000| Untracked 
| 265|0x0000000090900000, 0x0000000090a00000, 0x0000000090a00000|100%| S|CS|TAMS 0x0000000090900000, 0x0000000090900000| Complete 
| 266|0x0000000090a00000, 0x0000000090a00000, 0x0000000090b00000|  0%| F|  |TAMS 0x0000000090a00000, 0x0000000090a00000| Untracked 
| 267|0x0000000090b00000, 0x0000000090b00000, 0x0000000090c00000|  0%| F|  |TAMS 0x0000000090b00000, 0x0000000090b00000| Untracked 
| 268|0x0000000090c00000, 0x0000000090c00000, 0x0000000090d00000|  0%| F|  |TAMS 0x0000000090c00000, 0x0000000090c00000| Untracked 
| 269|0x0000000090d00000, 0x0000000090d00000, 0x0000000090e00000|  0%| F|  |TAMS 0x0000000090d00000, 0x0000000090d00000| Untracked 
| 270|0x0000000090e00000, 0x0000000090eb48c0, 0x0000000090f00000| 70%| E|  |TAMS 0x0000000090e00000, 0x0000000090e00000| Complete 
| 271|0x0000000090f00000, 0x0000000091000000, 0x0000000091000000|100%| E|CS|TAMS 0x0000000090f00000, 0x0000000090f00000| Complete 
| 272|0x0000000091000000, 0x0000000091100000, 0x0000000091100000|100%| E|CS|TAMS 0x0000000091000000, 0x0000000091000000| Complete 
| 273|0x0000000091100000, 0x0000000091200000, 0x0000000091200000|100%| E|CS|TAMS 0x0000000091100000, 0x0000000091100000| Complete 
| 274|0x0000000091200000, 0x0000000091300000, 0x0000000091300000|100%| E|CS|TAMS 0x0000000091200000, 0x0000000091200000| Complete 
| 275|0x0000000091300000, 0x0000000091400000, 0x0000000091400000|100%| E|CS|TAMS 0x0000000091300000, 0x0000000091300000| Complete 
| 276|0x0000000091400000, 0x0000000091500000, 0x0000000091500000|100%| E|CS|TAMS 0x0000000091400000, 0x0000000091400000| Complete 
| 277|0x0000000091500000, 0x0000000091600000, 0x0000000091600000|100%| E|  |TAMS 0x0000000091500000, 0x0000000091500000| Complete 
| 278|0x0000000091600000, 0x0000000091700000, 0x0000000091700000|100%| E|CS|TAMS 0x0000000091600000, 0x0000000091600000| Complete 
| 279|0x0000000091700000, 0x0000000091800000, 0x0000000091800000|100%| E|CS|TAMS 0x0000000091700000, 0x0000000091700000| Complete 
| 280|0x0000000091800000, 0x0000000091900000, 0x0000000091900000|100%| E|CS|TAMS 0x0000000091800000, 0x0000000091800000| Complete 
| 281|0x0000000091900000, 0x0000000091a00000, 0x0000000091a00000|100%| E|CS|TAMS 0x0000000091900000, 0x0000000091900000| Complete 
| 282|0x0000000091a00000, 0x0000000091b00000, 0x0000000091b00000|100%| E|CS|TAMS 0x0000000091a00000, 0x0000000091a00000| Complete 
| 283|0x0000000091b00000, 0x0000000091c00000, 0x0000000091c00000|100%| E|CS|TAMS 0x0000000091b00000, 0x0000000091b00000| Complete 
| 284|0x0000000091c00000, 0x0000000091d00000, 0x0000000091d00000|100%| E|CS|TAMS 0x0000000091c00000, 0x0000000091c00000| Complete 
| 285|0x0000000091d00000, 0x0000000091e00000, 0x0000000091e00000|100%| E|CS|TAMS 0x0000000091d00000, 0x0000000091d00000| Complete 
| 286|0x0000000091e00000, 0x0000000091f00000, 0x0000000091f00000|100%| E|CS|TAMS 0x0000000091e00000, 0x0000000091e00000| Complete 

Card table byte_map: [0x000001e931240000,0x000001e931640000] _byte_map_base: 0x000001e930e40000

Marking Bits (Prev, Next): (CMBitMap*) 0x000001e91e35de20, (CMBitMap*) 0x000001e91e35dde8
 Prev Bits: [0x000001e933a40000, 0x000001e935a40000)
 Next Bits: [0x000001e931a40000, 0x000001e933a40000)

Polling page: 0x000001e91daf0000

Metaspace:

Usage:
  Non-class:    133.30 MB capacity,   130.22 MB ( 98%) used,     2.51 MB (  2%) free+waste,   570.62 KB ( <1%) overhead. 
      Class:     20.67 MB capacity,    18.84 MB ( 91%) used,     1.58 MB (  8%) free+waste,   255.00 KB (  1%) overhead. 
       Both:    153.97 MB capacity,   149.07 MB ( 97%) used,     4.09 MB (  3%) free+waste,   825.62 KB ( <1%) overhead. 

Virtual space:
  Non-class space:      134.00 MB reserved,     133.42 MB (>99%) committed 
      Class space:        1.00 GB reserved,      20.75 MB (  2%) committed 
             Both:        1.13 GB reserved,     154.17 MB ( 13%) committed 

Chunk freelists:
   Non-Class:  1.00 KB
       Class:  17.00 KB
        Both:  18.00 KB

MaxMetaspaceSize: 17179869184.00 GB
CompressedClassSpaceSize: 1.00 GB
Initial GC threshold: 20.80 MB
Current GC threshold: 251.75 MB
CDS: off

CodeHeap 'non-profiled nmethods': size=120064Kb used=15636Kb max_used=15636Kb free=104427Kb
 bounds [0x000001e929900000, 0x000001e92a850000, 0x000001e930e40000]
CodeHeap 'profiled nmethods': size=120000Kb used=50084Kb max_used=50084Kb free=69916Kb
 bounds [0x000001e9223d0000, 0x000001e9254c0000, 0x000001e929900000]
CodeHeap 'non-nmethods': size=5696Kb used=2544Kb max_used=2604Kb free=3151Kb
 bounds [0x000001e921e40000, 0x000001e9220e0000, 0x000001e9223d0000]
 total_blobs=22817 nmethods=21725 adapters=1003
 compilation: enabled
              stopped_count=0, restarted_count=0
 full_count=0

Compilation events (20 events):
Event: 1232.316 Thread 0x000001e9387e1800 nmethod 23342 0x000001e9254a0810 code [0x000001e9254a0a20, 0x000001e9254a10d8]
Event: 1232.318 Thread 0x000001e9387dc800 nmethod 23341 0x000001e92a840010 code [0x000001e92a8401c0, 0x000001e92a8402e8]
Event: 1232.321 Thread 0x000001e93ce7f000 23343       4       java.nio.CharBuffer::arrayOffset (35 bytes)
Event: 1232.322 Thread 0x000001e93ce7f000 nmethod 23343 0x000001e92a840490 code [0x000001e92a840620, 0x000001e92a8406b8]
Event: 1232.323 Thread 0x000001e9387dc800 23344       4       jdk.internal.misc.Unsafe::checkPrimitivePointer (19 bytes)
Event: 1232.325 Thread 0x000001e9387dc800 nmethod 23344 0x000001e92a840790 code [0x000001e92a840920, 0x000001e92a840a38]
Event: 1232.329 Thread 0x000001e93ce7f000 23345       4       org.gradle.internal.snapshot.PartialDirectoryNode::withIncompleteChildren (9 bytes)
Event: 1232.332 Thread 0x000001e93ce7f000 nmethod 23345 0x000001e92a840b90 code [0x000001e92a840d20, 0x000001e92a840e78]
Event: 1232.338 Thread 0x000001e9387e1800 23346       3       java.io.ExpiringCache$Entry::<init> (15 bytes)
Event: 1232.339 Thread 0x000001e9387e1800 nmethod 23346 0x000001e9254a1310 code [0x000001e9254a14c0, 0x000001e9254a1678]
Event: 1232.339 Thread 0x000001e9387e1800 23347       3       java.io.ExpiringCache$1::removeEldestEntry (20 bytes)
Event: 1232.339 Thread 0x000001e9387e1800 nmethod 23347 0x000001e9254a1710 code [0x000001e9254a18c0, 0x000001e9254a1ab8]
Event: 1232.351 Thread 0x000001e9387e1800 23348       3       com.google.common.io.ByteStreams::copy (51 bytes)
Event: 1232.352 Thread 0x000001e9387e1800 nmethod 23348 0x000001e9254a1b90 code [0x000001e9254a1dc0, 0x000001e9254a24d8]
Event: 1232.353 Thread 0x000001e9387dc800 23349       4       java.util.zip.ZipInputStream::read (304 bytes)
Event: 1232.361 Thread 0x000001e9387dc800 nmethod 23349 0x000001e92a840f10 code [0x000001e92a8410e0, 0x000001e92a841438]
Event: 1232.369 Thread 0x000001e93ce7f000 23350       4       java.util.Optional::ifPresent (18 bytes)
Event: 1232.370 Thread 0x000001e93ce7f000 nmethod 23350 0x000001e92a841810 code [0x000001e92a8419a0, 0x000001e92a841a38]
Event: 1232.372 Thread 0x000001e9387e1800 23351       1       org.gradle.cache.internal.btree.BTreePersistentIndexedCache::access$1500 (5 bytes)
Event: 1232.372 Thread 0x000001e9387e1800 nmethod 23351 0x000001e92a841b10 code [0x000001e92a841cc0, 0x000001e92a841d58]

GC Heap History (20 events):
Event: 1225.996 GC heap before
{Heap before GC invocations=93 (full 0):
 garbage-first heap   total 293888K, used 243940K [0x0000000080000000, 0x0000000100000000)
  region size 1024K, 18 young (18432K), 1 survivors (1024K)
 Metaspace       used 138875K, capacity 143548K, committed 143920K, reserved 1173504K
  class space    used 17662K, capacity 19471K, committed 19584K, reserved 1048576K
}
Event: 1226.002 GC heap after
{Heap after GC invocations=94 (full 0):
 garbage-first heap   total 293888K, used 227175K [0x0000000080000000, 0x0000000100000000)
  region size 1024K, 2 young (2048K), 2 survivors (2048K)
 Metaspace       used 138875K, capacity 143548K, committed 143920K, reserved 1173504K
  class space    used 17662K, capacity 19471K, committed 19584K, reserved 1048576K
}
Event: 1226.155 GC heap before
{Heap before GC invocations=94 (full 0):
 garbage-first heap   total 293888K, used 245607K [0x0000000080000000, 0x0000000100000000)
  region size 1024K, 20 young (20480K), 2 survivors (2048K)
 Metaspace       used 139326K, capacity 144060K, committed 144176K, reserved 1173504K
  class space    used 17712K, capacity 19535K, committed 19584K, reserved 1048576K
}
Event: 1226.161 GC heap after
{Heap after GC invocations=95 (full 0):
 garbage-first heap   total 293888K, used 227424K [0x0000000080000000, 0x0000000100000000)
  region size 1024K, 2 young (2048K), 2 survivors (2048K)
 Metaspace       used 139326K, capacity 144060K, committed 144176K, reserved 1173504K
  class space    used 17712K, capacity 19535K, committed 19584K, reserved 1048576K
}
Event: 1226.378 GC heap before
{Heap before GC invocations=95 (full 0):
 garbage-first heap   total 293888K, used 246880K [0x0000000080000000, 0x0000000100000000)
  region size 1024K, 21 young (21504K), 2 survivors (2048K)
 Metaspace       used 139833K, capacity 144508K, committed 144816K, reserved 1175552K
  class space    used 17783K, capacity 19599K, committed 19712K, reserved 1048576K
}
Event: 1226.382 GC heap after
{Heap after GC invocations=96 (full 0):
 garbage-first heap   total 293888K, used 227589K [0x0000000080000000, 0x0000000100000000)
  region size 1024K, 2 young (2048K), 2 survivors (2048K)
 Metaspace       used 139833K, capacity 144508K, committed 144816K, reserved 1175552K
  class space    used 17783K, capacity 19599K, committed 19712K, reserved 1048576K
}
Event: 1227.185 GC heap before
{Heap before GC invocations=97 (full 0):
 garbage-first heap   total 293888K, used 247045K [0x0000000080000000, 0x0000000100000000)
  region size 1024K, 22 young (22528K), 2 survivors (2048K)
 Metaspace       used 140601K, capacity 145356K, committed 145456K, reserved 1175552K
  class space    used 17901K, capacity 19750K, committed 19840K, reserved 1048576K
}
Event: 1227.195 GC heap after
{Heap after GC invocations=98 (full 0):
 garbage-first heap   total 293888K, used 228249K [0x0000000080000000, 0x0000000100000000)
  region size 1024K, 2 young (2048K), 2 survivors (2048K)
 Metaspace       used 140601K, capacity 145356K, committed 145456K, reserved 1175552K
  class space    used 17901K, capacity 19750K, committed 19840K, reserved 1048576K
}
Event: 1227.417 GC heap before
{Heap before GC invocations=98 (full 0):
 garbage-first heap   total 293888K, used 248729K [0x0000000080000000, 0x0000000100000000)
  region size 1024K, 23 young (23552K), 2 survivors (2048K)
 Metaspace       used 141541K, capacity 146358K, committed 146608K, reserved 1175552K
  class space    used 18007K, capacity 19849K, committed 19968K, reserved 1048576K
}
Event: 1227.425 GC heap after
{Heap after GC invocations=99 (full 0):
 garbage-first heap   total 293888K, used 228717K [0x0000000080000000, 0x0000000100000000)
  region size 1024K, 2 young (2048K), 2 survivors (2048K)
 Metaspace       used 141541K, capacity 146358K, committed 146608K, reserved 1175552K
  class space    used 18007K, capacity 19849K, committed 19968K, reserved 1048576K
}
Event: 1227.640 GC heap before
{Heap before GC invocations=99 (full 0):
 garbage-first heap   total 293888K, used 252269K [0x0000000080000000, 0x0000000100000000)
  region size 1024K, 24 young (24576K), 2 survivors (2048K)
 Metaspace       used 142943K, capacity 147734K, committed 147888K, reserved 1177600K
  class space    used 18100K, capacity 19945K, committed 19968K, reserved 1048576K
}
Event: 1227.644 GC heap after
{Heap after GC invocations=100 (full 0):
 garbage-first heap   total 293888K, used 228659K [0x0000000080000000, 0x0000000100000000)
  region size 1024K, 2 young (2048K), 2 survivors (2048K)
 Metaspace       used 142943K, capacity 147734K, committed 147888K, reserved 1177600K
  class space    used 18100K, capacity 19945K, committed 19968K, reserved 1048576K
}
Event: 1228.682 GC heap before
{Heap before GC invocations=101 (full 0):
 garbage-first heap   total 293888K, used 252211K [0x0000000080000000, 0x0000000100000000)
  region size 1024K, 25 young (25600K), 2 survivors (2048K)
 Metaspace       used 145503K, capacity 150394K, committed 150448K, reserved 1179648K
  class space    used 18387K, capacity 20210K, committed 20224K, reserved 1048576K
}
Event: 1228.695 GC heap after
{Heap after GC invocations=102 (full 0):
 garbage-first heap   total 293888K, used 230255K [0x0000000080000000, 0x0000000100000000)
  region size 1024K, 3 young (3072K), 3 survivors (3072K)
 Metaspace       used 145503K, capacity 150394K, committed 150448K, reserved 1179648K
  class space    used 18387K, capacity 20210K, committed 20224K, reserved 1048576K
}
Event: 1229.632 GC heap before
{Heap before GC invocations=102 (full 0):
 garbage-first heap   total 293888K, used 253807K [0x0000000080000000, 0x0000000100000000)
  region size 1024K, 26 young (26624K), 3 survivors (3072K)
 Metaspace       used 148276K, capacity 153218K, committed 153520K, reserved 1181696K
  class space    used 18729K, capacity 20611K, committed 20736K, reserved 1048576K
}
Event: 1229.649 GC heap after
{Heap after GC invocations=103 (full 0):
 garbage-first heap   total 293888K, used 232653K [0x0000000080000000, 0x0000000100000000)
  region size 1024K, 4 young (4096K), 4 survivors (4096K)
 Metaspace       used 148276K, capacity 153218K, committed 153520K, reserved 1181696K
  class space    used 18729K, capacity 20611K, committed 20736K, reserved 1048576K
}
Event: 1231.241 GC heap before
{Heap before GC invocations=104 (full 0):
 garbage-first heap   total 293888K, used 254157K [0x0000000080000000, 0x0000000100000000)
  region size 1024K, 26 young (26624K), 4 survivors (4096K)
 Metaspace       used 152109K, capacity 157076K, committed 157360K, reserved 1185792K
  class space    used 19232K, capacity 21122K, committed 21248K, reserved 1048576K
}
Event: 1231.252 GC heap after
{Heap after GC invocations=105 (full 0):
 garbage-first heap   total 293888K, used 234045K [0x0000000080000000, 0x0000000100000000)
  region size 1024K, 2 young (2048K), 2 survivors (2048K)
 Metaspace       used 152109K, capacity 157076K, committed 157360K, reserved 1185792K
  class space    used 19232K, capacity 21122K, committed 21248K, reserved 1048576K
}
Event: 1231.956 GC heap before
{Heap before GC invocations=105 (full 0):
 garbage-first heap   total 293888K, used 255549K [0x0000000080000000, 0x0000000100000000)
  region size 1024K, 23 young (23552K), 2 survivors (2048K)
 Metaspace       used 152389K, capacity 157351K, committed 157616K, reserved 1185792K
  class space    used 19260K, capacity 21127K, committed 21248K, reserved 1048576K
}
Event: 1231.972 GC heap after
{Heap after GC invocations=106 (full 0):
 garbage-first heap   total 293888K, used 237568K [0x0000000080000000, 0x0000000100000000)
  region size 1024K, 3 young (3072K), 3 survivors (3072K)
 Metaspace       used 152389K, capacity 157351K, committed 157616K, reserved 1185792K
  class space    used 19260K, capacity 21127K, committed 21248K, reserved 1048576K
}

Deoptimization events (20 events):
Event: 1231.876 Thread 0x000001e93a8a0000 DEOPT PACKING pc=0x000001e929a92b40 sp=0x0000002e2f3fd7a0
Event: 1231.876 Thread 0x000001e93a8a0000 DEOPT UNPACKING pc=0x000001e921e8a1af sp=0x0000002e2f3fd6c8 mode 2
Event: 1231.904 Thread 0x000001e93a8a0000 DEOPT PACKING pc=0x000001e922e17dab sp=0x0000002e2f3fcef0
Event: 1231.904 Thread 0x000001e93a8a0000 DEOPT UNPACKING pc=0x000001e921e8a95e sp=0x0000002e2f3fc388 mode 0
Event: 1231.986 Thread 0x000001e93a8a0000 DEOPT PACKING pc=0x000001e9253c8d86 sp=0x0000002e2f3fc690
Event: 1231.986 Thread 0x000001e93a8a0000 DEOPT UNPACKING pc=0x000001e921e8a95e sp=0x0000002e2f3fbb28 mode 0
Event: 1231.988 Thread 0x000001e93a8a0000 DEOPT PACKING pc=0x000001e9253c8d86 sp=0x0000002e2f3fc840
Event: 1231.988 Thread 0x000001e93a8a0000 DEOPT UNPACKING pc=0x000001e921e8a95e sp=0x0000002e2f3fbcd8 mode 0
Event: 1232.186 Thread 0x000001e942910800 DEOPT PACKING pc=0x000001e92549a038 sp=0x0000002e304fc5c0
Event: 1232.186 Thread 0x000001e942910800 DEOPT UNPACKING pc=0x000001e921e8a95e sp=0x0000002e304fbad0 mode 0
Event: 1232.187 Thread 0x000001e942910800 DEOPT PACKING pc=0x000001e92549a038 sp=0x0000002e304fc5c0
Event: 1232.187 Thread 0x000001e942910800 DEOPT UNPACKING pc=0x000001e921e8a95e sp=0x0000002e304fbad0 mode 0
Event: 1232.194 Thread 0x000001e942910800 DEOPT PACKING pc=0x000001e92549a038 sp=0x0000002e304fc5c0
Event: 1232.194 Thread 0x000001e942910800 DEOPT UNPACKING pc=0x000001e921e8a95e sp=0x0000002e304fbad0 mode 0
Event: 1232.286 Thread 0x000001e93a8a0000 DEOPT PACKING pc=0x000001e923d24fcc sp=0x0000002e2f3fd680
Event: 1232.286 Thread 0x000001e93a8a0000 DEOPT UNPACKING pc=0x000001e921e8a95e sp=0x0000002e2f3fca90 mode 0
Event: 1232.328 Thread 0x000001e93ac71000 Uncommon trap: trap_request=0xffffffbe fr.pc=0x000001e92a83fd18 relative=0x0000000000000258
Event: 1232.328 Thread 0x000001e93ac71000 Uncommon trap: reason=profile_predicate action=maybe_recompile pc=0x000001e92a83fd18 method=java.util.Collections.indexedBinarySearch(Ljava/util/List;Ljava/lang/Object;)I @ 13 c2
Event: 1232.328 Thread 0x000001e93ac71000 DEOPT PACKING pc=0x000001e92a83fd18 sp=0x0000002e2dcfe820
Event: 1232.328 Thread 0x000001e93ac71000 DEOPT UNPACKING pc=0x000001e921e8a1af sp=0x0000002e2dcfe7a0 mode 2

Classes redefined (0 events):
No events

Internal exceptions (20 events):
Event: 1226.980 Thread 0x000001e94277f000 Exception <a 'java/lang/ClassNotFoundException'{0x000000009138e660}: java/util/AbstractMapBeanInfo> (0x000000009138e660) thrown at [src/hotspot/share/classfile/systemDictionary.cpp, line 230]
Event: 1226.981 Thread 0x000001e94277f000 Exception <a 'java/lang/ClassNotFoundException'{0x0000000091397ab0}: java/util/AbstractMapCustomizer> (0x0000000091397ab0) thrown at [src/hotspot/share/classfile/systemDictionary.cpp, line 230]
Event: 1226.982 Thread 0x000001e94277f000 Exception <a 'java/lang/ClassNotFoundException'{0x00000000913aac60}: java/util/HashMapCustomizer> (0x00000000913aac60) thrown at [src/hotspot/share/classfile/systemDictionary.cpp, line 230]
Event: 1226.983 Thread 0x000001e94277f000 Exception <a 'java/lang/ClassNotFoundException'{0x00000000913cadf0}: java/util/LinkedHashMapCustomizer> (0x00000000913cadf0) thrown at [src/hotspot/share/classfile/systemDictionary.cpp, line 230]
Event: 1227.959 Thread 0x000001e94277f000 Exception <a 'sun/nio/fs/WindowsException'{0x0000000091672198}> (0x0000000091672198) thrown at [src/hotspot/share/prims/jni.cpp, line 617]
Event: 1227.978 Thread 0x000001e94277f000 Exception <a 'sun/nio/fs/WindowsException'{0x0000000091515ed8}> (0x0000000091515ed8) thrown at [src/hotspot/share/prims/jni.cpp, line 617]
Event: 1227.978 Thread 0x000001e94277f000 Exception <a 'sun/nio/fs/WindowsException'{0x0000000091517260}> (0x0000000091517260) thrown at [src/hotspot/share/prims/jni.cpp, line 617]
Event: 1227.979 Thread 0x000001e94277f000 Exception <a 'sun/nio/fs/WindowsException'{0x0000000091518638}> (0x0000000091518638) thrown at [src/hotspot/share/prims/jni.cpp, line 617]
Event: 1227.979 Thread 0x000001e94277f000 Exception <a 'sun/nio/fs/WindowsException'{0x0000000091519a10}> (0x0000000091519a10) thrown at [src/hotspot/share/prims/jni.cpp, line 617]
Event: 1228.087 Thread 0x000001e94277f000 Exception <a 'java/lang/NoSuchMethodError'{0x00000000913bf678}: 'int java.lang.invoke.DirectMethodHandle$Holder.invokeSpecialIFC(java.lang.Object, java.lang.Object, java.lang.Object)'> (0x00000000913bf678) thrown at [src/hotspot/share/interpreter/linkResolver.cpp, line 773]
Event: 1228.371 Thread 0x000001e94277f000 Implicit null exception at 0x000001e92a78d567 to 0x000001e92a794914
Event: 1229.116 Thread 0x000001e94277f000 Implicit null exception at 0x000001e929ca7f14 to 0x000001e929ca8520
Event: 1229.173 Thread 0x000001e94277f800 Exception <a 'java/lang/NoSuchMethodError'{0x0000000091342108}: <clinit>> (0x0000000091342108) thrown at [src/hotspot/share/prims/jni.cpp, line 1367]
Event: 1230.350 Thread 0x000001e94277f000 Implicit null exception at 0x000001e929938370 to 0x000001e92993840c
Event: 1230.529 Thread 0x000001e94277f800 Exception <a 'java/lang/NoSuchMethodError'{0x0000000090deeca8}: <clinit>> (0x0000000090deeca8) thrown at [src/hotspot/share/prims/jni.cpp, line 1367]
Event: 1230.530 Thread 0x000001e94277f800 Exception <a 'java/lang/NoSuchMethodError'{0x0000000090defda0}: <clinit>> (0x0000000090defda0) thrown at [src/hotspot/share/prims/jni.cpp, line 1367]
Event: 1230.772 Thread 0x000001e94277f000 Implicit null exception at 0x000001e92a5256e0 to 0x000001e92a525fac
Event: 1230.775 Thread 0x000001e94277f800 Exception <a 'java/lang/NoSuchMethodError'{0x0000000090bf6fc8}: <clinit>> (0x0000000090bf6fc8) thrown at [src/hotspot/share/prims/jni.cpp, line 1367]
Event: 1231.268 Thread 0x000001e94277f000 Implicit null exception at 0x000001e92a7ba330 to 0x000001e92a7ba408
Event: 1231.875 Thread 0x000001e93a8a0000 Implicit null exception at 0x000001e92a7f45bb to 0x000001e92a7f4da4

Events (20 events):
Event: 1232.307 loading class org/gradle/api/internal/artifacts/transform/TransformOutputsInternal$OutputLocationType
Event: 1232.307 loading class org/gradle/api/internal/artifacts/transform/TransformOutputsInternal$OutputLocationType done
Event: 1232.309 loading class org/gradle/api/internal/artifacts/transform/TransformationResult$Builder
Event: 1232.309 loading class org/gradle/api/internal/artifacts/transform/TransformationResult$Builder done
Event: 1232.309 loading class org/gradle/api/internal/artifacts/transform/TransformationResultSerializer
Event: 1232.309 loading class org/gradle/api/internal/artifacts/transform/TransformationResultSerializer done
Event: 1232.314 loading class org/gradle/api/internal/artifacts/transform/DefaultTransformerInvocationFactory$AbstractTransformerExecution$2
Event: 1232.314 loading class org/gradle/api/internal/artifacts/transform/DefaultTransformerInvocationFactory$AbstractTransformerExecution$2 done
Event: 1232.327 loading class org/gradle/internal/fingerprint/impl/NameOnlyFingerprintingStrategy$1
Event: 1232.327 loading class org/gradle/internal/fingerprint/impl/NameOnlyFingerprintingStrategy$1 done
Event: 1232.334 loading class com/android/builder/aar/AarExtractor
Event: 1232.334 loading class com/android/builder/aar/AarExtractor done
Event: 1232.336 loading class com/android/builder/utils/ZipEntryUtils
Event: 1232.336 loading class com/android/builder/utils/ZipEntryUtils done
Event: 1232.339 loading class com/google/common/io/FileWriteMode
Event: 1232.339 loading class com/google/common/io/FileWriteMode done
Event: 1232.340 loading class com/google/common/io/CharSink
Event: 1232.340 loading class com/google/common/io/CharSink done
Event: 1232.341 loading class com/google/common/io/ByteSink$AsCharSink
Event: 1232.341 loading class com/google/common/io/ByteSink$AsCharSink done


Dynamic libraries:
0x00007ff700570000 - 0x00007ff70057a000 	C:\Program Files\Android\Android Studio\jbr\bin\java.exe
0x00007ffb34870000 - 0x00007ffb34a68000 	C:\WINDOWS\SYSTEM32\ntdll.dll
0x00007ffb0c690000 - 0x00007ffb0c6a9000 	C:\Program Files\Avast Software\Avast\aswhook.dll
0x00007ffb34540000 - 0x00007ffb345ff000 	C:\WINDOWS\System32\KERNEL32.DLL
0x00007ffb322d0000 - 0x00007ffb325a2000 	C:\WINDOWS\System32\KERNELBASE.dll
0x00007ffb32770000 - 0x00007ffb32870000 	C:\WINDOWS\System32\ucrtbase.dll
0x00007ffb10810000 - 0x00007ffb1082b000 	C:\Program Files\Android\Android Studio\jbr\bin\VCRUNTIME140.dll
0x00007ffb16060000 - 0x00007ffb16077000 	C:\Program Files\Android\Android Studio\jbr\bin\jli.dll
0x00007ffb33c50000 - 0x00007ffb33df1000 	C:\WINDOWS\System32\USER32.dll
0x00007ffb32210000 - 0x00007ffb32232000 	C:\WINDOWS\System32\win32u.dll
0x00007ffb33850000 - 0x00007ffb3387b000 	C:\WINDOWS\System32\GDI32.dll
0x00007ffb325b0000 - 0x00007ffb326bf000 	C:\WINDOWS\System32\gdi32full.dll
0x00007ffb32170000 - 0x00007ffb3220d000 	C:\WINDOWS\System32\msvcp_win.dll
0x00007ffb1ef40000 - 0x00007ffb1f1da000 	C:\WINDOWS\WinSxS\amd64_microsoft.windows.common-controls_6595b64144ccf1df_6.0.19041.1110_none_60b5254171f9507e\COMCTL32.dll
0x00007ffb32e80000 - 0x00007ffb32f1e000 	C:\WINDOWS\System32\msvcrt.dll
0x00007ffb34510000 - 0x00007ffb34540000 	C:\WINDOWS\System32\IMM32.DLL
0x00007ffb281a0000 - 0x00007ffb281ac000 	C:\Program Files\Android\Android Studio\jbr\bin\vcruntime140_1.dll
0x00007ffb10180000 - 0x00007ffb1020d000 	C:\Program Files\Android\Android Studio\jbr\bin\msvcp140.dll
0x00007ffafa210000 - 0x00007ffafadcc000 	C:\Program Files\Android\Android Studio\jbr\bin\server\jvm.dll
0x00007ffb34460000 - 0x00007ffb3450e000 	C:\WINDOWS\System32\ADVAPI32.dll
0x00007ffb328c0000 - 0x00007ffb3295c000 	C:\WINDOWS\System32\sechost.dll
0x00007ffb33b20000 - 0x00007ffb33c44000 	C:\WINDOWS\System32\RPCRT4.dll
0x00007ffb34820000 - 0x00007ffb34828000 	C:\WINDOWS\System32\PSAPI.DLL
0x00007ffb22df0000 - 0x00007ffb22df9000 	C:\WINDOWS\SYSTEM32\WSOCK32.dll
0x00007ffb343f0000 - 0x00007ffb3445b000 	C:\WINDOWS\System32\WS2_32.dll
0x00007ffb2a9f0000 - 0x00007ffb2a9fa000 	C:\WINDOWS\SYSTEM32\VERSION.dll
0x00007ffb2a9c0000 - 0x00007ffb2a9e7000 	C:\WINDOWS\SYSTEM32\WINMM.dll
0x00007ffb2fe10000 - 0x00007ffb2fe22000 	C:\WINDOWS\SYSTEM32\kernel.appcore.dll
0x00007ffb285f0000 - 0x00007ffb28600000 	C:\Program Files\Android\Android Studio\jbr\bin\verify.dll
0x00007ffb29530000 - 0x00007ffb29714000 	C:\WINDOWS\SYSTEM32\DBGHELP.DLL
0x00007ffb29470000 - 0x00007ffb294a5000 	C:\WINDOWS\SYSTEM32\dbgcore.DLL
0x00007ffb32240000 - 0x00007ffb322c2000 	C:\WINDOWS\System32\bcryptPrimitives.dll
0x00007ffb25d50000 - 0x00007ffb25d78000 	C:\Program Files\Android\Android Studio\jbr\bin\java.dll
0x00007ffb25d40000 - 0x00007ffb25d4a000 	C:\Program Files\Android\Android Studio\jbr\bin\jimage.dll
0x00007ffb25d20000 - 0x00007ffb25d38000 	C:\Program Files\Android\Android Studio\jbr\bin\zip.dll
0x00007ffb33100000 - 0x00007ffb33845000 	C:\WINDOWS\System32\SHELL32.dll
0x00007ffb30010000 - 0x00007ffb307a2000 	C:\WINDOWS\SYSTEM32\windows.storage.dll
0x00007ffb33e80000 - 0x00007ffb341d5000 	C:\WINDOWS\System32\combase.dll
0x00007ffb318f0000 - 0x00007ffb31920000 	C:\WINDOWS\SYSTEM32\Wldp.dll
0x00007ffb32960000 - 0x00007ffb32a0d000 	C:\WINDOWS\System32\SHCORE.dll
0x00007ffb33ac0000 - 0x00007ffb33b15000 	C:\WINDOWS\System32\shlwapi.dll
0x00007ffb31eb0000 - 0x00007ffb31ecf000 	C:\WINDOWS\SYSTEM32\profapi.dll
0x00007ffb1f1e0000 - 0x00007ffb1f1f9000 	C:\Program Files\Android\Android Studio\jbr\bin\net.dll
0x00007ffb28ca0000 - 0x00007ffb28daa000 	C:\WINDOWS\SYSTEM32\WINHTTP.dll
0x00007ffb31650000 - 0x00007ffb316ba000 	C:\WINDOWS\system32\mswsock.dll
0x00007ffb1ef20000 - 0x00007ffb1ef33000 	C:\Program Files\Android\Android Studio\jbr\bin\nio.dll
0x00007ffb1d230000 - 0x00007ffb1d257000 	C:\Users\HP PAVLIK\.gradle\native\e1d6ef7f7dcc3fd88c89a11ec53ec762bb8ba0a96d01ffa2cd45eb1d1d8dd5c5\windows-amd64\native-platform.dll
0x00007ffa98380000 - 0x00007ffa984c4000 	C:\Users\HP PAVLIK\.gradle\native\0d407fdbe67a94daf76414ababcb853783967236a71b16ec16e742cd7a986fd3\windows-amd64\native-platform-file-events.dll
0x00007ffb26320000 - 0x00007ffb2632a000 	C:\Program Files\Android\Android Studio\jbr\bin\management.dll
0x00007ffb26310000 - 0x00007ffb2631b000 	C:\Program Files\Android\Android Studio\jbr\bin\management_ext.dll
0x00007ffb31840000 - 0x00007ffb31858000 	C:\WINDOWS\SYSTEM32\CRYPTSP.dll
0x00007ffb30f70000 - 0x00007ffb30fa4000 	C:\WINDOWS\system32\rsaenh.dll
0x00007ffb31fe0000 - 0x00007ffb32007000 	C:\WINDOWS\System32\bcrypt.dll
0x00007ffb31e70000 - 0x00007ffb31e9e000 	C:\WINDOWS\SYSTEM32\USERENV.dll
0x00007ffb31860000 - 0x00007ffb3186c000 	C:\WINDOWS\SYSTEM32\CRYPTBASE.dll
0x00007ffb31340000 - 0x00007ffb3137b000 	C:\WINDOWS\SYSTEM32\IPHLPAPI.DLL
0x00007ffb33ab0000 - 0x00007ffb33ab8000 	C:\WINDOWS\System32\NSI.dll
0x00007ffb29720000 - 0x00007ffb29737000 	C:\WINDOWS\SYSTEM32\dhcpcsvc6.DLL
0x00007ffb29d90000 - 0x00007ffb29dad000 	C:\WINDOWS\SYSTEM32\dhcpcsvc.DLL
0x00007ffb31380000 - 0x00007ffb3144b000 	C:\WINDOWS\SYSTEM32\DNSAPI.dll
0x00007ffb10950000 - 0x00007ffb10967000 	C:\WINDOWS\system32\napinsp.dll
0x00007ffb10970000 - 0x00007ffb1098b000 	C:\WINDOWS\system32\pnrpnsp.dll
0x00007ffb24ac0000 - 0x00007ffb24ad5000 	C:\WINDOWS\system32\wshbth.dll
0x00007ffb2d910000 - 0x00007ffb2d92d000 	C:\WINDOWS\system32\NLAapi.dll
0x00007ffb10990000 - 0x00007ffb109a2000 	C:\WINDOWS\System32\winrnr.dll
0x00007ffb23240000 - 0x00007ffb2324a000 	C:\Windows\System32\rasadhlp.dll
0x00007ffb23280000 - 0x00007ffb23300000 	C:\WINDOWS\System32\fwpuclnt.dll
0x00007ffb282e0000 - 0x00007ffb282fe000 	C:\Users\HP PAVLIK\AppData\Local\Temp\native-platform12006699957040028767dir\native-platform.dll
0x00007ffb28550000 - 0x00007ffb28557000 	C:\Program Files\Android\Android Studio\jbr\bin\rmi.dll
0x00007ffaff060000 - 0x00007ffaff087000 	C:\Program Files\Android\Android Studio\jbr\bin\sunec.dll

dbghelp: loaded successfully - version: 4.0.5 - missing functions: none
symbol engine: initialized successfully - sym options: 0x614 - pdb path: .;C:\Program Files\Android\Android Studio\jbr\bin;C:\WINDOWS\SYSTEM32;C:\Program Files\Avast Software\Avast;C:\WINDOWS\WinSxS\amd64_microsoft.windows.common-controls_6595b64144ccf1df_6.0.19041.1110_none_60b5254171f9507e;C:\Program Files\Android\Android Studio\jbr\bin\server;C:\Users\HP PAVLIK\.gradle\native\e1d6ef7f7dcc3fd88c89a11ec53ec762bb8ba0a96d01ffa2cd45eb1d1d8dd5c5\windows-amd64;C:\Users\HP PAVLIK\.gradle\native\0d407fdbe67a94daf76414ababcb853783967236a71b16ec16e742cd7a986fd3\windows-amd64;C:\Users\HP PAVLIK\AppData\Local\Temp\native-platform12006699957040028767dir

VM Arguments:
jvm_args: --add-opens=java.base/java.util=ALL-UNNAMED --add-opens=java.base/java.lang=ALL-UNNAMED --add-opens=java.base/java.lang.invoke=ALL-UNNAMED --add-opens=java.base/java.util=ALL-UNNAMED --add-opens=java.prefs/java.util.prefs=ALL-UNNAMED --add-opens=java.prefs/java.util.prefs=ALL-UNNAMED --add-opens=java.base/java.nio.charset=ALL-UNNAMED --add-opens=java.base/java.net=ALL-UNNAMED --add-opens=java.base/java.util.concurrent.atomic=ALL-UNNAMED -Xmx2048m -Dfile.encoding=UTF-8 -Duser.country=UA -Duser.language=uk -Duser.variant 
java_command: org.gradle.launcher.daemon.bootstrap.GradleDaemon 7.5
java_class_path (initial): C:\Users\HP PAVLIK\.gradle\wrapper\dists\gradle-7.5-bin\f1w0cc9nuo0eivz97x2xlu9sv\gradle-7.5\lib\gradle-launcher-7.5.jar
Launcher Type: SUN_STANDARD

[Global flags]
     intx CICompilerCount                          = 3                                         {product} {ergonomic}
     uint ConcGCThreads                            = 1                                         {product} {ergonomic}
     uint G1ConcRefinementThreads                  = 4                                         {product} {ergonomic}
   size_t G1HeapRegionSize                         = 1048576                                   {product} {ergonomic}
    uintx GCDrainStackTargetSize                   = 64                                        {product} {ergonomic}
   size_t InitialHeapSize                          = 201326592                                 {product} {ergonomic}
   size_t MarkStackSize                            = 4194304                                   {product} {ergonomic}
   size_t MaxHeapSize                              = 2147483648                                {product} {command line}
   size_t MaxNewSize                               = 1287651328                                {product} {ergonomic}
   size_t MinHeapDeltaBytes                        = 1048576                                   {product} {ergonomic}
    uintx NonNMethodCodeHeapSize                   = 5830732                                {pd product} {ergonomic}
    uintx NonProfiledCodeHeapSize                  = 122913754                              {pd product} {ergonomic}
    uintx ProfiledCodeHeapSize                     = 122913754                              {pd product} {ergonomic}
    uintx ReservedCodeCacheSize                    = 251658240                              {pd product} {ergonomic}
     bool SegmentedCodeCache                       = true                                      {product} {ergonomic}
     bool UseCompressedClassPointers               = true                                 {lp64_product} {ergonomic}
     bool UseCompressedOops                        = true                                 {lp64_product} {ergonomic}
     bool UseG1GC                                  = true                                      {product} {ergonomic}
     bool UseLargePagesIndividualAllocation        = false                                  {pd product} {ergonomic}

Logging:
Log output configuration:
 #0: stdout all=warning uptime,level,tags
 #1: stderr all=off uptime,level,tags

Environment Variables:
PATH=C:\Program Files\Common Files\Oracle\Java\javapath;C:\WINDOWS\system32;C:\WINDOWS;C:\WINDOWS\System32\Wbem;C:\WINDOWS\System32\WindowsPowerShell\v1.0\;C:\WINDOWS\System32\OpenSSH\;C:\Program Files (x86)\ATI Technologies\ATI.ACE\Core-Static;C:\Program Files (x86)\Microsoft SQL Server\150\DTS\Binn\;C:\Program Files\Microsoft SQL Server\Client SDK\ODBC\170\Tools\Binn\;C:\Program Files (x86)\Microsoft SQL Server\150\Tools\Binn\;C:\Program Files\Microsoft SQL Server\150\Tools\Binn\;C:\Program Files\Microsoft SQL Server\150\DTS\Binn\;C:\Program Files\Azure Data Studio\bin;C:\Program Files\Git\cmd;C:\Users\HP PAVLIK\AppData\Local\Microsoft\WindowsApps;C:\Program Files\JetBrains\PyCharm Community Edition 2021.2.2\bin;;C:\Program Files\Azure Data Studio\bin;C:\Users\HP PAVLIK\AppData\Local\Programs\Microsoft VS Code\bin;
USERNAME=MyLaptop
OS=Windows_NT
PROCESSOR_IDENTIFIER=Intel64 Family 6 Model 42 Stepping 7, GenuineIntel



---------------  S Y S T E M  ---------------

OS: Windows 10 , 64 bit Build 19041 (10.0.19041.2546)
OS uptime: 0 days 1:51 hours

CPU:total 4 (initial active 4) (2 cores per cpu, 2 threads per core) family 6 model 42 stepping 7 microcode 0x2f, cmov, cx8, fxsr, mmx, sse, sse2, sse3, ssse3, sse4.1, sse4.2, popcnt, avx, aes, clmul, ht, tsc, tscinvbit

Memory: 4k page, system-wide physical 12223M (1743M free)
TotalPageFile size 14783M (AvailPageFile size 2693M)
current process WorkingSet (physical memory assigned to process): 655M, peak: 658M
current process commit charge ("private bytes"): 706M, peak: 709M

vm_info: OpenJDK 64-Bit Server VM (11.0.15+0-b2043.56-9505619) for windows-amd64 JRE (11.0.15+0-b2043.56-9505619), built on Jan 19 2023 02:48:00 by "builduser" with unknown MS VC++:1929

END.
