#
# A fatal error has been detected by the Java Runtime Environment:
#
#  EXCEPTION_ACCESS_VIOLATION (0xc0000005) at pc=0x00007ff9a37a88a6, pid=9728, tid=9940
#
# JRE version: OpenJDK Runtime Environment (11.0.15) (build 11.0.15+0-b2043.56-9505619)
# Java VM: OpenJDK 64-Bit Server VM (11.0.15+0-b2043.56-9505619, mixed mode, tiered, compressed oops, g1 gc, windows-amd64)
# Problematic frame:
# V  [jvm.dll+0x1a88a6]
#
# No core dump will be written. Minidumps are not enabled by default on client versions of Windows
#
# If you would like to submit a bug report, please visit:
#   https://bugreport.java.com/bugreport/crash.jsp
#

---------------  S U M M A R Y ------------

Command Line: --add-opens=java.base/java.util=ALL-UNNAMED --add-opens=java.base/java.lang=ALL-UNNAMED --add-opens=java.base/java.lang.invoke=ALL-UNNAMED --add-opens=java.base/java.util=ALL-UNNAMED --add-opens=java.prefs/java.util.prefs=ALL-UNNAMED --add-opens=java.prefs/java.util.prefs=ALL-UNNAMED --add-opens=java.base/java.nio.charset=ALL-UNNAMED --add-opens=java.base/java.net=ALL-UNNAMED --add-opens=java.base/java.util.concurrent.atomic=ALL-UNNAMED -Xmx2048m -Dfile.encoding=UTF-8 -Duser.country=UA -Duser.language=uk -Duser.variant org.gradle.launcher.daemon.bootstrap.GradleDaemon 7.5

Host: Intel(R) Core(TM) i5-2540M CPU @ 2.60GHz, 4 cores, 11G,  Windows 10 , 64 bit Build 19041 (10.0.19041.2546)
Time: Thu Mar 30 14:32:34 2023  Windows 10 , 64 bit Build 19041 (10.0.19041.2546) elapsed time: 39.633358 seconds (0d 0h 0m 39s)

---------------  T H R E A D  ---------------

Current thread (0x000001fcc7e57000):  ConcurrentGCThread "G1 Conc#0" [stack: 0x000000595f900000,0x000000595fa00000] [id=9940]

Stack: [0x000000595f900000,0x000000595fa00000],  sp=0x000000595f9ff248,  free space=1020k
Native frames: (J=compiled Java code, j=interpreted, Vv=VM code, C=native code)
V  [jvm.dll+0x1a88a6]


siginfo: EXCEPTION_ACCESS_VIOLATION (0xc0000005), reading address 0x0000000018100808


Register to memory mapping:

RIP=0x00007ff9a37a88a6 jvm.dll
RAX=0x0888121120884000 is an unknown value
RBX=0x0888121120884000 is an unknown value
RCX=0x00000000803d0a60 is pointing into object: java.lang.Class 
{0x00000000803d09e0} - klass: 'java/lang/Class'
RDX=0x00000000803d0a60 is pointing into object: java.lang.Class 
{0x00000000803d09e0} - klass: 'java/lang/Class'
RSP=0x000000595f9ff248 points into unknown readable memory: 0x00007ff9a390055d | 5d 05 90 a3 f9 7f 00 00
RBP=0x0 is NULL
RSI=0x0000000000001001 is an unknown value
RDI=0x00000000803d0a60 is pointing into object: java.lang.Class 
{0x00000000803d09e0} - klass: 'java/lang/Class'
R8 =0x0888121120884000 is an unknown value
R9 =0x0000000018100800 is an unknown value
R10=0x000001fcc7e6c610 points into unknown readable memory: 0x00007ff9a3ee7c40 | 40 7c ee a3 f9 7f 00 00
R11=0x346dc5d63886594b is an unknown value
R12=0x0 is NULL
R13=0x0 is NULL
R14=0x000001fcdd53f428 points into unknown readable memory: 0x0888121120885000 | 00 50 88 20 11 12 88 08
R15=0x000001fcc7e4d4c0 points into unknown readable memory: 0x000001fcc7e56000 | 00 60 e5 c7 fc 01 00 00


Registers:
RAX=0x0888121120884000, RBX=0x0888121120884000, RCX=0x00000000803d0a60, RDX=0x00000000803d0a60
RSP=0x000000595f9ff248, RBP=0x0000000000000000, RSI=0x0000000000001001, RDI=0x00000000803d0a60
R8 =0x0888121120884000, R9 =0x0000000018100800, R10=0x000001fcc7e6c610, R11=0x346dc5d63886594b
R12=0x0000000000000000, R13=0x0000000000000000, R14=0x000001fcdd53f428, R15=0x000001fcc7e4d4c0
RIP=0x00007ff9a37a88a6, EFLAGS=0x0000000000010206

Top of Stack: (sp=0x000000595f9ff248)
0x000000595f9ff248:   00007ff9a390055d 000001fce27f7818
0x000000595f9ff258:   00007ff9a37f1654 0000000080494818
0x000000595f9ff268:   0000000000000001 0000000080feec78
0x000000595f9ff278:   0000000000000000 00000000803d0a60
0x000000595f9ff288:   00007ff9a3900342 000001fcc7e589f0
0x000000595f9ff298:   000000010000c9a8 000000010000c9b0
0x000000595f9ff2a8:   000000595f9ff460 0000000080feec9c
0x000000595f9ff2b8:   00007ff9a38f7c6d 0000000080feeca0
0x000000595f9ff2c8:   0000000080feec8c 000000010000bc50
0x000000595f9ff2d8:   000000595f9ff460 0000000000000040
0x000000595f9ff2e8:   000001fcc7e4d510 0000000080feec78
0x000000595f9ff2f8:   00007ff9a38f7811 000000010000c7a0
0x000000595f9ff308:   0000000000000005 000000595f9ff460
0x000000595f9ff318:   000001fcc7e589f0 0000000000203200
0x000000595f9ff328:   00007ff9a39090a3 0000000080feec78
0x000000595f9ff338:   000000595f9ff420 000001fcc7e589f0 

Instructions: (pc=0x00007ff9a37a88a6)
0x00007ff9a37a87a6:   eb 04 48 8b 43 08 81 78 08 00 00 00 c0 0f 83 81
0x00007ff9a37a87b6:   00 00 00 48 8b 4f 38 48 8b d3 48 8b 01 ff 50 20
0x00007ff9a37a87c6:   84 c0 75 70 38 05 d1 e7 93 00 74 15 8b 53 08 8b
0x00007ff9a37a87d6:   0d 7d 2f 8f 00 48 d3 e2 48 03 15 6b 2f 8f 00 eb
0x00007ff9a37a87e6:   04 48 8b 53 08 48 8b cb 48 89 5c 24 20 e8 a8 00
0x00007ff9a37a87f6:   00 00 80 7f 30 00 48 63 c8 48 89 4c 24 28 74 1c
0x00007ff9a37a8806:   0f 10 44 24 20 0f 11 86 98 03 00 00 48 8b 5c 24
0x00007ff9a37a8816:   40 48 8b 74 24 48 48 83 c4 30 5f c3 48 8b 07 48
0x00007ff9a37a8826:   8d 54 24 20 48 89 4c 24 28 48 8b cf 48 89 5c 24
0x00007ff9a37a8836:   20 ff 50 38 48 8b 5c 24 40 48 8b 74 24 48 48 83
0x00007ff9a37a8846:   c4 30 5f c3 cc cc cc cc cc cc 48 8b 49 38 48 8b
0x00007ff9a37a8856:   01 48 ff 60 28 cc cc cc cc cc 80 3d 3a e7 93 00
0x00007ff9a37a8866:   00 48 8b c1 74 1b 8b 51 08 8b 0d e3 2e 8f 00 48
0x00007ff9a37a8876:   d3 e2 48 8b c8 48 03 15 ce 2e 8f 00 e9 19 00 00
0x00007ff9a37a8886:   00 48 8b 51 08 48 8b c8 e9 0d 00 00 00 cc cc cc
0x00007ff9a37a8896:   cc cc cc cc cc cc cc cc cc cc 4c 8b ca 48 8b d1
0x00007ff9a37a88a6:   45 8b 41 08 45 85 c0 7e 0e 41 f6 c0 01 75 56 41
0x00007ff9a37a88b6:   c1 f8 03 41 8b c0 c3 79 4c 80 3d db e6 93 00 00
0x00007ff9a37a88c6:   b8 0c 00 00 00 b9 10 00 00 00 0f 45 c8 8b 05 9b
0x00007ff9a37a88d6:   5e 8d 00 ff c8 4c 63 c8 48 63 14 11 41 8b c8 83
0x00007ff9a37a88e6:   e1 3f 48 d3 e2 41 8b c8 48 c1 f9 10 0f b6 c1 49
0x00007ff9a37a88f6:   8d 0c 11 49 f7 d1 48 03 c1 49 c1 e9 03 48 c1 e8
0x00007ff9a37a8906:   03 41 23 c1 c3 49 8b 01 49 8b c9 48 ff a0 10 01
0x00007ff9a37a8916:   00 00 cc cc cc cc cc cc cc cc 48 8b c2 c3 cc cc
0x00007ff9a37a8926:   cc cc cc cc cc cc cc cc cc cc 48 83 ec 38 48 8b
0x00007ff9a37a8936:   c1 48 8b 49 38 80 79 08 00 74 05 90 48 8b 48 38
0x00007ff9a37a8946:   0f 10 02 48 8d 54 24 20 0f 29 44 24 20 e8 28 f0
0x00007ff9a37a8956:   ff ff 48 83 c4 38 c3 cc cc cc 48 83 ec 38 0f 10
0x00007ff9a37a8966:   02 48 8b 01 48 8d 54 24 20 0f 29 44 24 20 ff 50
0x00007ff9a37a8976:   38 48 83 c4 38 c3 cc cc cc cc 48 89 5c 24 08 55
0x00007ff9a37a8986:   56 57 41 54 41 55 41 56 41 57 48 8d 6c 24 e0 48
0x00007ff9a37a8996:   81 ec 20 01 00 00 48 8b 05 85 b6 90 00 48 33 c4 


Stack slot to memory mapping:
stack at sp + 0 slots: 0x00007ff9a390055d jvm.dll
stack at sp + 1 slots: 0x000001fce27f7818 points into unknown readable memory: 0x0000000080494818 | 18 48 49 80 00 00 00 00
stack at sp + 2 slots: 0x00007ff9a37f1654 jvm.dll
stack at sp + 3 slots: 0x0000000080494818 is an oop: [Ljava.lang.Object; 
{0x0000000080494818} - klass: 'java/lang/Object'[]
 - length: 1
stack at sp + 4 slots: 0x0000000000000001 is an unknown value
stack at sp + 5 slots: 0x0000000080feec78 is an oop: java.lang.invoke.MethodType 
{0x0000000080feec78} - klass: 'java/lang/invoke/MethodType'
stack at sp + 6 slots: 0x0 is NULL
stack at sp + 7 slots: 0x00000000803d0a60 is pointing into object: java.lang.Class 
{0x00000000803d09e0} - klass: 'java/lang/Class'


---------------  P R O C E S S  ---------------

Threads class SMR info:
_java_thread_list=0x000001fce4a47740, length=23, elements={
0x000001fcc7e0c800, 0x000001fce1a59800, 0x000001fce1a5d000, 0x000001fce22b4800,
0x000001fce22b6000, 0x000001fce22b8000, 0x000001fce22bd000, 0x000001fce22c3800,
0x000001fce22cf800, 0x000001fce242a800, 0x000001fce45aa800, 0x000001fce4425000,
0x000001fce393c000, 0x000001fce3b61000, 0x000001fce3073800, 0x000001fce3074000,
0x000001fce487f000, 0x000001fce4880000, 0x000001fce3ef2800, 0x000001fce3ef3800,
0x000001fce3855800, 0x000001fce4776800, 0x000001fce4776000
}

Java Threads: ( => current thread )
  0x000001fcc7e0c800 JavaThread "main" [_thread_blocked, id=7512, stack(0x000000595f600000,0x000000595f700000)]
  0x000001fce1a59800 JavaThread "Reference Handler" daemon [_thread_blocked, id=9532, stack(0x000000595fd00000,0x000000595fe00000)]
  0x000001fce1a5d000 JavaThread "Finalizer" daemon [_thread_blocked, id=3704, stack(0x000000595fe00000,0x000000595ff00000)]
  0x000001fce22b4800 JavaThread "Signal Dispatcher" daemon [_thread_blocked, id=12676, stack(0x000000595ff00000,0x0000005960000000)]
  0x000001fce22b6000 JavaThread "Attach Listener" daemon [_thread_blocked, id=2376, stack(0x0000005960000000,0x0000005960100000)]
  0x000001fce22b8000 JavaThread "Service Thread" daemon [_thread_blocked, id=6700, stack(0x0000005960100000,0x0000005960200000)]
  0x000001fce22bd000 JavaThread "C2 CompilerThread0" daemon [_thread_blocked, id=4820, stack(0x0000005960200000,0x0000005960300000)]
  0x000001fce22c3800 JavaThread "C1 CompilerThread0" daemon [_thread_blocked, id=5576, stack(0x0000005960300000,0x0000005960400000)]
  0x000001fce22cf800 JavaThread "Sweeper thread" daemon [_thread_blocked, id=5740, stack(0x0000005960400000,0x0000005960500000)]
  0x000001fce242a800 JavaThread "Common-Cleaner" daemon [_thread_blocked, id=11996, stack(0x0000005960500000,0x0000005960600000)]
  0x000001fce45aa800 JavaThread "Daemon health stats" [_thread_blocked, id=9520, stack(0x0000005960b00000,0x0000005960c00000)]
  0x000001fce4425000 JavaThread "Incoming local TCP Connector on port 63725" [_thread_in_native, id=7256, stack(0x0000005960a00000,0x0000005960b00000)]
  0x000001fce393c000 JavaThread "Daemon periodic checks" [_thread_blocked, id=12024, stack(0x0000005960c00000,0x0000005960d00000)]
  0x000001fce3b61000 JavaThread "Daemon" [_thread_blocked, id=9984, stack(0x0000005960d00000,0x0000005960e00000)]
  0x000001fce3073800 JavaThread "Handler for socket connection from /127.0.0.1:63725 to /127.0.0.1:63726" [_thread_in_native, id=2736, stack(0x0000005960e00000,0x0000005960f00000)]
  0x000001fce3074000 JavaThread "C2 CompilerThread1" daemon [_thread_in_native, id=11320, stack(0x0000005960f00000,0x0000005961000000)]
  0x000001fce487f000 JavaThread "Cancel handler" [_thread_blocked, id=1508, stack(0x0000005961000000,0x0000005961100000)]
  0x000001fce4880000 JavaThread "Daemon worker" [_thread_blocked, id=8780, stack(0x0000005961100000,0x0000005961200000)]
  0x000001fce3ef2800 JavaThread "Asynchronous log dispatcher for DefaultDaemonConnection: socket connection from /127.0.0.1:63725 to /127.0.0.1:63726" [_thread_blocked, id=12316, stack(0x0000005961200000,0x0000005961300000)]
  0x000001fce3ef3800 JavaThread "Stdin handler" [_thread_blocked, id=5444, stack(0x0000005961300000,0x0000005961400000)]
  0x000001fce3855800 JavaThread "Daemon client event forwarder" [_thread_blocked, id=13264, stack(0x0000005961400000,0x0000005961500000)]
  0x000001fce4776800 JavaThread "Cache worker for journal cache (C:\Users\HP PAVLIK\.gradle\caches\journal-1)" [_thread_blocked, id=12808, stack(0x0000005961500000,0x0000005961600000)]
  0x000001fce4776000 JavaThread "File lock request listener" [_thread_in_native, id=1308, stack(0x0000005961600000,0x0000005961700000)]

Other Threads:
  0x000001fce2267000 VMThread "VM Thread" [stack: 0x000000595fc00000,0x000000595fd00000] [id=7856]
  0x000001fce2439800 WatcherThread [stack: 0x0000005960600000,0x0000005960700000] [id=12728]
  0x000001fcc7e23000 GCTaskThread "GC Thread#0" [stack: 0x000000595f700000,0x000000595f800000] [id=7616]
  0x000001fce2cb1000 GCTaskThread "GC Thread#1" [stack: 0x0000005960700000,0x0000005960800000] [id=5304]
  0x000001fce2839000 GCTaskThread "GC Thread#2" [stack: 0x0000005960800000,0x0000005960900000] [id=4216]
  0x000001fce2839800 GCTaskThread "GC Thread#3" [stack: 0x0000005960900000,0x0000005960a00000] [id=7648]
  0x000001fcc7e56000 ConcurrentGCThread "G1 Main Marker" [stack: 0x000000595f800000,0x000000595f900000] [id=12400]
=>0x000001fcc7e57000 ConcurrentGCThread "G1 Conc#0" [stack: 0x000000595f900000,0x000000595fa00000] [id=9940]
  0x000001fcc7ede000 ConcurrentGCThread "G1 Refine#0" [stack: 0x000000595fa00000,0x000000595fb00000] [id=12396]
  0x000001fce189e800 ConcurrentGCThread "G1 Young RemSet Sampling" [stack: 0x000000595fb00000,0x000000595fc00000] [id=12552]

Threads with active compile tasks:
C1 CompilerThread0    39787 2016       3       java.lang.invoke.Invokers$Holder::linkToTargetMethod (10 bytes)
C2 CompilerThread1    39787 2015   !   4       java.lang.ClassLoader::loadClass (122 bytes)

VM state:not at safepoint (normal execution)

VM Mutex/Monitor currently owned by a thread:  ([mutex/lock_event])
[0x000001fcc7e08880] Heap_lock - owner thread: 0x000001fce4880000
[0x000001fcc7e080a0] MethodData_lock - owner thread: 0x000001fce22c3800

Heap address: 0x0000000080000000, size: 2048 MB, Compressed Oops mode: 32-bit
Narrow klass base: 0x0000000000000000, Narrow klass shift: 3
Compressed class space size: 1073741824 Address: 0x0000000100000000

Heap:
 garbage-first heap   total 196608K, used 22628K [0x0000000080000000, 0x0000000100000000)
  region size 1024K, 7 young (7168K), 1 survivors (1024K)
 Metaspace       used 21047K, capacity 21460K, committed 21628K, reserved 1069056K
  class space    used 2551K, capacity 2702K, committed 2764K, reserved 1048576K
Heap Regions: E=young(eden), S=young(survivor), O=old, HS=humongous(starts), HC=humongous(continues), CS=collection set, F=free, A=archive, TAMS=top-at-mark-start (previous, next)
|   0|0x0000000080000000, 0x0000000080100000, 0x0000000080100000|100%|HS|  |TAMS 0x0000000080000000, 0x0000000080100000| Complete 
|   1|0x0000000080100000, 0x0000000080200000, 0x0000000080200000|100%|HC|  |TAMS 0x0000000080100000, 0x0000000080200000| Complete 
|   2|0x0000000080200000, 0x0000000080300000, 0x0000000080300000|100%|HC|  |TAMS 0x0000000080200000, 0x0000000080300000| Complete 
|   3|0x0000000080300000, 0x0000000080400000, 0x0000000080400000|100%| O|  |TAMS 0x0000000080300000, 0x0000000080400000| Untracked 
|   4|0x0000000080400000, 0x0000000080500000, 0x0000000080500000|100%| O|  |TAMS 0x0000000080400000, 0x0000000080500000| Untracked 
|   5|0x0000000080500000, 0x0000000080600000, 0x0000000080600000|100%| O|  |TAMS 0x0000000080500000, 0x0000000080600000| Untracked 
|   6|0x0000000080600000, 0x0000000080700000, 0x0000000080700000|100%| O|  |TAMS 0x0000000080600000, 0x0000000080700000| Untracked 
|   7|0x0000000080700000, 0x0000000080800000, 0x0000000080800000|100%| O|  |TAMS 0x0000000080700000, 0x0000000080800000| Untracked 
|   8|0x0000000080800000, 0x0000000080900000, 0x0000000080900000|100%| O|  |TAMS 0x0000000080800000, 0x0000000080900000| Untracked 
|   9|0x0000000080900000, 0x0000000080a00000, 0x0000000080a00000|100%| O|  |TAMS 0x0000000080900000, 0x0000000080a00000| Untracked 
|  10|0x0000000080a00000, 0x0000000080b00000, 0x0000000080b00000|100%| O|  |TAMS 0x0000000080a00000, 0x0000000080b00000| Untracked 
|  11|0x0000000080b00000, 0x0000000080c00000, 0x0000000080c00000|100%| O|  |TAMS 0x0000000080b00000, 0x0000000080c00000| Untracked 
|  12|0x0000000080c00000, 0x0000000080d00000, 0x0000000080d00000|100%| O|  |TAMS 0x0000000080c00000, 0x0000000080d00000| Untracked 
|  13|0x0000000080d00000, 0x0000000080e00000, 0x0000000080e00000|100%| O|  |TAMS 0x0000000080d00000, 0x0000000080e00000| Untracked 
|  14|0x0000000080e00000, 0x0000000080f00000, 0x0000000080f00000|100%| O|  |TAMS 0x0000000080e00000, 0x0000000080f00000| Untracked 
|  15|0x0000000080f00000, 0x0000000081000000, 0x0000000081000000|100%| O|  |TAMS 0x0000000080f00000, 0x0000000081000000| Untracked 
|  16|0x0000000081000000, 0x0000000081019000, 0x0000000081100000|  9%| O|  |TAMS 0x0000000081000000, 0x0000000081019000| Untracked 
|  17|0x0000000081100000, 0x0000000081100000, 0x0000000081200000|  0%| F|  |TAMS 0x0000000081100000, 0x0000000081100000| Untracked 
|  18|0x0000000081200000, 0x0000000081200000, 0x0000000081300000|  0%| F|  |TAMS 0x0000000081200000, 0x0000000081200000| Untracked 
|  19|0x0000000081300000, 0x0000000081300000, 0x0000000081400000|  0%| F|  |TAMS 0x0000000081300000, 0x0000000081300000| Untracked 
|  20|0x0000000081400000, 0x0000000081400000, 0x0000000081500000|  0%| F|  |TAMS 0x0000000081400000, 0x0000000081400000| Untracked 
|  21|0x0000000081500000, 0x0000000081500000, 0x0000000081600000|  0%| F|  |TAMS 0x0000000081500000, 0x0000000081500000| Untracked 
|  22|0x0000000081600000, 0x0000000081600000, 0x0000000081700000|  0%| F|  |TAMS 0x0000000081600000, 0x0000000081600000| Untracked 
|  23|0x0000000081700000, 0x0000000081700000, 0x0000000081800000|  0%| F|  |TAMS 0x0000000081700000, 0x0000000081700000| Untracked 
|  24|0x0000000081800000, 0x0000000081800000, 0x0000000081900000|  0%| F|  |TAMS 0x0000000081800000, 0x0000000081800000| Untracked 
|  25|0x0000000081900000, 0x0000000081900000, 0x0000000081a00000|  0%| F|  |TAMS 0x0000000081900000, 0x0000000081900000| Untracked 
|  26|0x0000000081a00000, 0x0000000081a00000, 0x0000000081b00000|  0%| F|  |TAMS 0x0000000081a00000, 0x0000000081a00000| Untracked 
|  27|0x0000000081b00000, 0x0000000081b00000, 0x0000000081c00000|  0%| F|  |TAMS 0x0000000081b00000, 0x0000000081b00000| Untracked 
|  28|0x0000000081c00000, 0x0000000081c00000, 0x0000000081d00000|  0%| F|  |TAMS 0x0000000081c00000, 0x0000000081c00000| Untracked 
|  29|0x0000000081d00000, 0x0000000081d00000, 0x0000000081e00000|  0%| F|  |TAMS 0x0000000081d00000, 0x0000000081d00000| Untracked 
|  30|0x0000000081e00000, 0x0000000081e00000, 0x0000000081f00000|  0%| F|  |TAMS 0x0000000081e00000, 0x0000000081e00000| Untracked 
|  31|0x0000000081f00000, 0x0000000081f00000, 0x0000000082000000|  0%| F|  |TAMS 0x0000000081f00000, 0x0000000081f00000| Untracked 
|  32|0x0000000082000000, 0x0000000082000000, 0x0000000082100000|  0%| F|  |TAMS 0x0000000082000000, 0x0000000082000000| Untracked 
|  33|0x0000000082100000, 0x0000000082100000, 0x0000000082200000|  0%| F|  |TAMS 0x0000000082100000, 0x0000000082100000| Untracked 
|  34|0x0000000082200000, 0x0000000082200000, 0x0000000082300000|  0%| F|  |TAMS 0x0000000082200000, 0x0000000082200000| Untracked 
|  35|0x0000000082300000, 0x0000000082300000, 0x0000000082400000|  0%| F|  |TAMS 0x0000000082300000, 0x0000000082300000| Untracked 
|  36|0x0000000082400000, 0x0000000082400000, 0x0000000082500000|  0%| F|  |TAMS 0x0000000082400000, 0x0000000082400000| Untracked 
|  37|0x0000000082500000, 0x0000000082500000, 0x0000000082600000|  0%| F|  |TAMS 0x0000000082500000, 0x0000000082500000| Untracked 
|  38|0x0000000082600000, 0x0000000082600000, 0x0000000082700000|  0%| F|  |TAMS 0x0000000082600000, 0x0000000082600000| Untracked 
|  39|0x0000000082700000, 0x0000000082700000, 0x0000000082800000|  0%| F|  |TAMS 0x0000000082700000, 0x0000000082700000| Untracked 
|  40|0x0000000082800000, 0x0000000082800000, 0x0000000082900000|  0%| F|  |TAMS 0x0000000082800000, 0x0000000082800000| Untracked 
|  41|0x0000000082900000, 0x0000000082900000, 0x0000000082a00000|  0%| F|  |TAMS 0x0000000082900000, 0x0000000082900000| Untracked 
|  42|0x0000000082a00000, 0x0000000082a00000, 0x0000000082b00000|  0%| F|  |TAMS 0x0000000082a00000, 0x0000000082a00000| Untracked 
|  43|0x0000000082b00000, 0x0000000082b00000, 0x0000000082c00000|  0%| F|  |TAMS 0x0000000082b00000, 0x0000000082b00000| Untracked 
|  44|0x0000000082c00000, 0x0000000082c00000, 0x0000000082d00000|  0%| F|  |TAMS 0x0000000082c00000, 0x0000000082c00000| Untracked 
|  45|0x0000000082d00000, 0x0000000082d00000, 0x0000000082e00000|  0%| F|  |TAMS 0x0000000082d00000, 0x0000000082d00000| Untracked 
|  46|0x0000000082e00000, 0x0000000082e00000, 0x0000000082f00000|  0%| F|  |TAMS 0x0000000082e00000, 0x0000000082e00000| Untracked 
|  47|0x0000000082f00000, 0x0000000082f00000, 0x0000000083000000|  0%| F|  |TAMS 0x0000000082f00000, 0x0000000082f00000| Untracked 
|  48|0x0000000083000000, 0x0000000083000000, 0x0000000083100000|  0%| F|  |TAMS 0x0000000083000000, 0x0000000083000000| Untracked 
|  49|0x0000000083100000, 0x0000000083100000, 0x0000000083200000|  0%| F|  |TAMS 0x0000000083100000, 0x0000000083100000| Untracked 
|  50|0x0000000083200000, 0x0000000083200000, 0x0000000083300000|  0%| F|  |TAMS 0x0000000083200000, 0x0000000083200000| Untracked 
|  51|0x0000000083300000, 0x0000000083300000, 0x0000000083400000|  0%| F|  |TAMS 0x0000000083300000, 0x0000000083300000| Untracked 
|  52|0x0000000083400000, 0x0000000083400000, 0x0000000083500000|  0%| F|  |TAMS 0x0000000083400000, 0x0000000083400000| Untracked 
|  53|0x0000000083500000, 0x0000000083500000, 0x0000000083600000|  0%| F|  |TAMS 0x0000000083500000, 0x0000000083500000| Untracked 
|  54|0x0000000083600000, 0x0000000083600000, 0x0000000083700000|  0%| F|  |TAMS 0x0000000083600000, 0x0000000083600000| Untracked 
|  55|0x0000000083700000, 0x0000000083700000, 0x0000000083800000|  0%| F|  |TAMS 0x0000000083700000, 0x0000000083700000| Untracked 
|  56|0x0000000083800000, 0x0000000083800000, 0x0000000083900000|  0%| F|  |TAMS 0x0000000083800000, 0x0000000083800000| Untracked 
|  57|0x0000000083900000, 0x0000000083900000, 0x0000000083a00000|  0%| F|  |TAMS 0x0000000083900000, 0x0000000083900000| Untracked 
|  58|0x0000000083a00000, 0x0000000083a00000, 0x0000000083b00000|  0%| F|  |TAMS 0x0000000083a00000, 0x0000000083a00000| Untracked 
|  59|0x0000000083b00000, 0x0000000083b00000, 0x0000000083c00000|  0%| F|  |TAMS 0x0000000083b00000, 0x0000000083b00000| Untracked 
|  60|0x0000000083c00000, 0x0000000083c00000, 0x0000000083d00000|  0%| F|  |TAMS 0x0000000083c00000, 0x0000000083c00000| Untracked 
|  61|0x0000000083d00000, 0x0000000083d00000, 0x0000000083e00000|  0%| F|  |TAMS 0x0000000083d00000, 0x0000000083d00000| Untracked 
|  62|0x0000000083e00000, 0x0000000083e00000, 0x0000000083f00000|  0%| F|  |TAMS 0x0000000083e00000, 0x0000000083e00000| Untracked 
|  63|0x0000000083f00000, 0x0000000083f00000, 0x0000000084000000|  0%| F|  |TAMS 0x0000000083f00000, 0x0000000083f00000| Untracked 
|  64|0x0000000084000000, 0x0000000084000000, 0x0000000084100000|  0%| F|  |TAMS 0x0000000084000000, 0x0000000084000000| Untracked 
|  65|0x0000000084100000, 0x0000000084100000, 0x0000000084200000|  0%| F|  |TAMS 0x0000000084100000, 0x0000000084100000| Untracked 
|  66|0x0000000084200000, 0x0000000084200000, 0x0000000084300000|  0%| F|  |TAMS 0x0000000084200000, 0x0000000084200000| Untracked 
|  67|0x0000000084300000, 0x0000000084300000, 0x0000000084400000|  0%| F|  |TAMS 0x0000000084300000, 0x0000000084300000| Untracked 
|  68|0x0000000084400000, 0x0000000084400000, 0x0000000084500000|  0%| F|  |TAMS 0x0000000084400000, 0x0000000084400000| Untracked 
|  69|0x0000000084500000, 0x0000000084500000, 0x0000000084600000|  0%| F|  |TAMS 0x0000000084500000, 0x0000000084500000| Untracked 
|  70|0x0000000084600000, 0x0000000084600000, 0x0000000084700000|  0%| F|  |TAMS 0x0000000084600000, 0x0000000084600000| Untracked 
|  71|0x0000000084700000, 0x0000000084700000, 0x0000000084800000|  0%| F|  |TAMS 0x0000000084700000, 0x0000000084700000| Untracked 
|  72|0x0000000084800000, 0x0000000084800000, 0x0000000084900000|  0%| F|  |TAMS 0x0000000084800000, 0x0000000084800000| Untracked 
|  73|0x0000000084900000, 0x0000000084900000, 0x0000000084a00000|  0%| F|  |TAMS 0x0000000084900000, 0x0000000084900000| Untracked 
|  74|0x0000000084a00000, 0x0000000084a00000, 0x0000000084b00000|  0%| F|  |TAMS 0x0000000084a00000, 0x0000000084a00000| Untracked 
|  75|0x0000000084b00000, 0x0000000084b00000, 0x0000000084c00000|  0%| F|  |TAMS 0x0000000084b00000, 0x0000000084b00000| Untracked 
|  76|0x0000000084c00000, 0x0000000084c00000, 0x0000000084d00000|  0%| F|  |TAMS 0x0000000084c00000, 0x0000000084c00000| Untracked 
|  77|0x0000000084d00000, 0x0000000084d00000, 0x0000000084e00000|  0%| F|  |TAMS 0x0000000084d00000, 0x0000000084d00000| Untracked 
|  78|0x0000000084e00000, 0x0000000084e00000, 0x0000000084f00000|  0%| F|  |TAMS 0x0000000084e00000, 0x0000000084e00000| Untracked 
|  79|0x0000000084f00000, 0x0000000084f00000, 0x0000000085000000|  0%| F|  |TAMS 0x0000000084f00000, 0x0000000084f00000| Untracked 
|  80|0x0000000085000000, 0x0000000085000000, 0x0000000085100000|  0%| F|  |TAMS 0x0000000085000000, 0x0000000085000000| Untracked 
|  81|0x0000000085100000, 0x0000000085100000, 0x0000000085200000|  0%| F|  |TAMS 0x0000000085100000, 0x0000000085100000| Untracked 
|  82|0x0000000085200000, 0x0000000085200000, 0x0000000085300000|  0%| F|  |TAMS 0x0000000085200000, 0x0000000085200000| Untracked 
|  83|0x0000000085300000, 0x0000000085300000, 0x0000000085400000|  0%| F|  |TAMS 0x0000000085300000, 0x0000000085300000| Untracked 
|  84|0x0000000085400000, 0x0000000085400000, 0x0000000085500000|  0%| F|  |TAMS 0x0000000085400000, 0x0000000085400000| Untracked 
|  85|0x0000000085500000, 0x0000000085500000, 0x0000000085600000|  0%| F|  |TAMS 0x0000000085500000, 0x0000000085500000| Untracked 
|  86|0x0000000085600000, 0x0000000085600000, 0x0000000085700000|  0%| F|  |TAMS 0x0000000085600000, 0x0000000085600000| Untracked 
|  87|0x0000000085700000, 0x0000000085700000, 0x0000000085800000|  0%| F|  |TAMS 0x0000000085700000, 0x0000000085700000| Untracked 
|  88|0x0000000085800000, 0x0000000085800000, 0x0000000085900000|  0%| F|  |TAMS 0x0000000085800000, 0x0000000085800000| Untracked 
|  89|0x0000000085900000, 0x0000000085900000, 0x0000000085a00000|  0%| F|  |TAMS 0x0000000085900000, 0x0000000085900000| Untracked 
|  90|0x0000000085a00000, 0x0000000085a00000, 0x0000000085b00000|  0%| F|  |TAMS 0x0000000085a00000, 0x0000000085a00000| Untracked 
|  91|0x0000000085b00000, 0x0000000085b00000, 0x0000000085c00000|  0%| F|  |TAMS 0x0000000085b00000, 0x0000000085b00000| Untracked 
|  92|0x0000000085c00000, 0x0000000085c00000, 0x0000000085d00000|  0%| F|  |TAMS 0x0000000085c00000, 0x0000000085c00000| Untracked 
|  93|0x0000000085d00000, 0x0000000085d00000, 0x0000000085e00000|  0%| F|  |TAMS 0x0000000085d00000, 0x0000000085d00000| Untracked 
|  94|0x0000000085e00000, 0x0000000085e00000, 0x0000000085f00000|  0%| F|  |TAMS 0x0000000085e00000, 0x0000000085e00000| Untracked 
|  95|0x0000000085f00000, 0x0000000085f00000, 0x0000000086000000|  0%| F|  |TAMS 0x0000000085f00000, 0x0000000085f00000| Untracked 
|  96|0x0000000086000000, 0x0000000086000000, 0x0000000086100000|  0%| F|  |TAMS 0x0000000086000000, 0x0000000086000000| Untracked 
|  97|0x0000000086100000, 0x0000000086100000, 0x0000000086200000|  0%| F|  |TAMS 0x0000000086100000, 0x0000000086100000| Untracked 
|  98|0x0000000086200000, 0x0000000086200000, 0x0000000086300000|  0%| F|  |TAMS 0x0000000086200000, 0x0000000086200000| Untracked 
|  99|0x0000000086300000, 0x0000000086300000, 0x0000000086400000|  0%| F|  |TAMS 0x0000000086300000, 0x0000000086300000| Untracked 
| 100|0x0000000086400000, 0x0000000086400000, 0x0000000086500000|  0%| F|  |TAMS 0x0000000086400000, 0x0000000086400000| Untracked 
| 101|0x0000000086500000, 0x0000000086500000, 0x0000000086600000|  0%| F|  |TAMS 0x0000000086500000, 0x0000000086500000| Untracked 
| 102|0x0000000086600000, 0x0000000086600000, 0x0000000086700000|  0%| F|  |TAMS 0x0000000086600000, 0x0000000086600000| Untracked 
| 103|0x0000000086700000, 0x0000000086700000, 0x0000000086800000|  0%| F|  |TAMS 0x0000000086700000, 0x0000000086700000| Untracked 
| 104|0x0000000086800000, 0x0000000086800000, 0x0000000086900000|  0%| F|  |TAMS 0x0000000086800000, 0x0000000086800000| Untracked 
| 105|0x0000000086900000, 0x0000000086900000, 0x0000000086a00000|  0%| F|  |TAMS 0x0000000086900000, 0x0000000086900000| Untracked 
| 106|0x0000000086a00000, 0x0000000086a00000, 0x0000000086b00000|  0%| F|  |TAMS 0x0000000086a00000, 0x0000000086a00000| Untracked 
| 107|0x0000000086b00000, 0x0000000086b00000, 0x0000000086c00000|  0%| F|  |TAMS 0x0000000086b00000, 0x0000000086b00000| Untracked 
| 108|0x0000000086c00000, 0x0000000086c00000, 0x0000000086d00000|  0%| F|  |TAMS 0x0000000086c00000, 0x0000000086c00000| Untracked 
| 109|0x0000000086d00000, 0x0000000086d00000, 0x0000000086e00000|  0%| F|  |TAMS 0x0000000086d00000, 0x0000000086d00000| Untracked 
| 110|0x0000000086e00000, 0x0000000086e00000, 0x0000000086f00000|  0%| F|  |TAMS 0x0000000086e00000, 0x0000000086e00000| Untracked 
| 111|0x0000000086f00000, 0x0000000086f00000, 0x0000000087000000|  0%| F|  |TAMS 0x0000000086f00000, 0x0000000086f00000| Untracked 
| 112|0x0000000087000000, 0x0000000087000000, 0x0000000087100000|  0%| F|  |TAMS 0x0000000087000000, 0x0000000087000000| Untracked 
| 113|0x0000000087100000, 0x0000000087100000, 0x0000000087200000|  0%| F|  |TAMS 0x0000000087100000, 0x0000000087100000| Untracked 
| 114|0x0000000087200000, 0x0000000087200000, 0x0000000087300000|  0%| F|  |TAMS 0x0000000087200000, 0x0000000087200000| Untracked 
| 115|0x0000000087300000, 0x0000000087300000, 0x0000000087400000|  0%| F|  |TAMS 0x0000000087300000, 0x0000000087300000| Untracked 
| 116|0x0000000087400000, 0x0000000087400000, 0x0000000087500000|  0%| F|  |TAMS 0x0000000087400000, 0x0000000087400000| Untracked 
| 117|0x0000000087500000, 0x0000000087500000, 0x0000000087600000|  0%| F|  |TAMS 0x0000000087500000, 0x0000000087500000| Untracked 
| 118|0x0000000087600000, 0x0000000087600000, 0x0000000087700000|  0%| F|  |TAMS 0x0000000087600000, 0x0000000087600000| Untracked 
| 119|0x0000000087700000, 0x0000000087700000, 0x0000000087800000|  0%| F|  |TAMS 0x0000000087700000, 0x0000000087700000| Untracked 
| 120|0x0000000087800000, 0x0000000087800000, 0x0000000087900000|  0%| F|  |TAMS 0x0000000087800000, 0x0000000087800000| Untracked 
| 121|0x0000000087900000, 0x0000000087900000, 0x0000000087a00000|  0%| F|  |TAMS 0x0000000087900000, 0x0000000087900000| Untracked 
| 122|0x0000000087a00000, 0x0000000087a00000, 0x0000000087b00000|  0%| F|  |TAMS 0x0000000087a00000, 0x0000000087a00000| Untracked 
| 123|0x0000000087b00000, 0x0000000087b00000, 0x0000000087c00000|  0%| F|  |TAMS 0x0000000087b00000, 0x0000000087b00000| Untracked 
| 124|0x0000000087c00000, 0x0000000087c00000, 0x0000000087d00000|  0%| F|  |TAMS 0x0000000087c00000, 0x0000000087c00000| Untracked 
| 125|0x0000000087d00000, 0x0000000087d00000, 0x0000000087e00000|  0%| F|  |TAMS 0x0000000087d00000, 0x0000000087d00000| Untracked 
| 126|0x0000000087e00000, 0x0000000087e00000, 0x0000000087f00000|  0%| F|  |TAMS 0x0000000087e00000, 0x0000000087e00000| Untracked 
| 127|0x0000000087f00000, 0x0000000087f00000, 0x0000000088000000|  0%| F|  |TAMS 0x0000000087f00000, 0x0000000087f00000| Untracked 
| 128|0x0000000088000000, 0x0000000088000000, 0x0000000088100000|  0%| F|  |TAMS 0x0000000088000000, 0x0000000088000000| Untracked 
| 129|0x0000000088100000, 0x0000000088100000, 0x0000000088200000|  0%| F|  |TAMS 0x0000000088100000, 0x0000000088100000| Untracked 
| 130|0x0000000088200000, 0x0000000088200000, 0x0000000088300000|  0%| F|  |TAMS 0x0000000088200000, 0x0000000088200000| Untracked 
| 131|0x0000000088300000, 0x0000000088300000, 0x0000000088400000|  0%| F|  |TAMS 0x0000000088300000, 0x0000000088300000| Untracked 
| 132|0x0000000088400000, 0x0000000088400000, 0x0000000088500000|  0%| F|  |TAMS 0x0000000088400000, 0x0000000088400000| Untracked 
| 133|0x0000000088500000, 0x0000000088500000, 0x0000000088600000|  0%| F|  |TAMS 0x0000000088500000, 0x0000000088500000| Untracked 
| 134|0x0000000088600000, 0x0000000088600000, 0x0000000088700000|  0%| F|  |TAMS 0x0000000088600000, 0x0000000088600000| Untracked 
| 135|0x0000000088700000, 0x0000000088700000, 0x0000000088800000|  0%| F|  |TAMS 0x0000000088700000, 0x0000000088700000| Untracked 
| 136|0x0000000088800000, 0x0000000088800000, 0x0000000088900000|  0%| F|  |TAMS 0x0000000088800000, 0x0000000088800000| Untracked 
| 137|0x0000000088900000, 0x0000000088900000, 0x0000000088a00000|  0%| F|  |TAMS 0x0000000088900000, 0x0000000088900000| Untracked 
| 138|0x0000000088a00000, 0x0000000088a00000, 0x0000000088b00000|  0%| F|  |TAMS 0x0000000088a00000, 0x0000000088a00000| Untracked 
| 139|0x0000000088b00000, 0x0000000088b00000, 0x0000000088c00000|  0%| F|  |TAMS 0x0000000088b00000, 0x0000000088b00000| Untracked 
| 140|0x0000000088c00000, 0x0000000088c00000, 0x0000000088d00000|  0%| F|  |TAMS 0x0000000088c00000, 0x0000000088c00000| Untracked 
| 141|0x0000000088d00000, 0x0000000088d00000, 0x0000000088e00000|  0%| F|  |TAMS 0x0000000088d00000, 0x0000000088d00000| Untracked 
| 142|0x0000000088e00000, 0x0000000088e00000, 0x0000000088f00000|  0%| F|  |TAMS 0x0000000088e00000, 0x0000000088e00000| Untracked 
| 143|0x0000000088f00000, 0x0000000088f00000, 0x0000000089000000|  0%| F|  |TAMS 0x0000000088f00000, 0x0000000088f00000| Untracked 
| 144|0x0000000089000000, 0x0000000089000000, 0x0000000089100000|  0%| F|  |TAMS 0x0000000089000000, 0x0000000089000000| Untracked 
| 145|0x0000000089100000, 0x0000000089100000, 0x0000000089200000|  0%| F|  |TAMS 0x0000000089100000, 0x0000000089100000| Untracked 
| 146|0x0000000089200000, 0x0000000089200000, 0x0000000089300000|  0%| F|  |TAMS 0x0000000089200000, 0x0000000089200000| Untracked 
| 147|0x0000000089300000, 0x0000000089300000, 0x0000000089400000|  0%| F|  |TAMS 0x0000000089300000, 0x0000000089300000| Untracked 
| 148|0x0000000089400000, 0x0000000089400000, 0x0000000089500000|  0%| F|  |TAMS 0x0000000089400000, 0x0000000089400000| Untracked 
| 149|0x0000000089500000, 0x0000000089500000, 0x0000000089600000|  0%| F|  |TAMS 0x0000000089500000, 0x0000000089500000| Untracked 
| 150|0x0000000089600000, 0x0000000089600000, 0x0000000089700000|  0%| F|  |TAMS 0x0000000089600000, 0x0000000089600000| Untracked 
| 151|0x0000000089700000, 0x0000000089700000, 0x0000000089800000|  0%| F|  |TAMS 0x0000000089700000, 0x0000000089700000| Untracked 
| 152|0x0000000089800000, 0x0000000089800000, 0x0000000089900000|  0%| F|  |TAMS 0x0000000089800000, 0x0000000089800000| Untracked 
| 153|0x0000000089900000, 0x0000000089900000, 0x0000000089a00000|  0%| F|  |TAMS 0x0000000089900000, 0x0000000089900000| Untracked 
| 154|0x0000000089a00000, 0x0000000089a00000, 0x0000000089b00000|  0%| F|  |TAMS 0x0000000089a00000, 0x0000000089a00000| Untracked 
| 155|0x0000000089b00000, 0x0000000089b00000, 0x0000000089c00000|  0%| F|  |TAMS 0x0000000089b00000, 0x0000000089b00000| Untracked 
| 156|0x0000000089c00000, 0x0000000089c00000, 0x0000000089d00000|  0%| F|  |TAMS 0x0000000089c00000, 0x0000000089c00000| Untracked 
| 157|0x0000000089d00000, 0x0000000089d00000, 0x0000000089e00000|  0%| F|  |TAMS 0x0000000089d00000, 0x0000000089d00000| Untracked 
| 158|0x0000000089e00000, 0x0000000089e00000, 0x0000000089f00000|  0%| F|  |TAMS 0x0000000089e00000, 0x0000000089e00000| Untracked 
| 159|0x0000000089f00000, 0x0000000089f00000, 0x000000008a000000|  0%| F|  |TAMS 0x0000000089f00000, 0x0000000089f00000| Untracked 
| 160|0x000000008a000000, 0x000000008a000000, 0x000000008a100000|  0%| F|  |TAMS 0x000000008a000000, 0x000000008a000000| Untracked 
| 161|0x000000008a100000, 0x000000008a100000, 0x000000008a200000|  0%| F|  |TAMS 0x000000008a100000, 0x000000008a100000| Untracked 
| 162|0x000000008a200000, 0x000000008a200000, 0x000000008a300000|  0%| F|  |TAMS 0x000000008a200000, 0x000000008a200000| Untracked 
| 163|0x000000008a300000, 0x000000008a300000, 0x000000008a400000|  0%| F|  |TAMS 0x000000008a300000, 0x000000008a300000| Untracked 
| 164|0x000000008a400000, 0x000000008a400000, 0x000000008a500000|  0%| F|  |TAMS 0x000000008a400000, 0x000000008a400000| Untracked 
| 165|0x000000008a500000, 0x000000008a600000, 0x000000008a600000|100%| S|CS|TAMS 0x000000008a500000, 0x000000008a500000| Complete 
| 166|0x000000008a600000, 0x000000008a600000, 0x000000008a700000|  0%| F|  |TAMS 0x000000008a600000, 0x000000008a600000| Untracked 
| 167|0x000000008a700000, 0x000000008a700000, 0x000000008a800000|  0%| F|  |TAMS 0x000000008a700000, 0x000000008a700000| Untracked 
| 168|0x000000008a800000, 0x000000008a800000, 0x000000008a900000|  0%| F|  |TAMS 0x000000008a800000, 0x000000008a800000| Untracked 
| 169|0x000000008a900000, 0x000000008a900000, 0x000000008aa00000|  0%| F|  |TAMS 0x000000008a900000, 0x000000008a900000| Untracked 
| 170|0x000000008aa00000, 0x000000008aa00000, 0x000000008ab00000|  0%| F|  |TAMS 0x000000008aa00000, 0x000000008aa00000| Untracked 
| 171|0x000000008ab00000, 0x000000008ab00000, 0x000000008ac00000|  0%| F|  |TAMS 0x000000008ab00000, 0x000000008ab00000| Untracked 
| 172|0x000000008ac00000, 0x000000008ac00000, 0x000000008ad00000|  0%| F|  |TAMS 0x000000008ac00000, 0x000000008ac00000| Untracked 
| 173|0x000000008ad00000, 0x000000008ad00000, 0x000000008ae00000|  0%| F|  |TAMS 0x000000008ad00000, 0x000000008ad00000| Untracked 
| 174|0x000000008ae00000, 0x000000008ae00000, 0x000000008af00000|  0%| F|  |TAMS 0x000000008ae00000, 0x000000008ae00000| Untracked 
| 175|0x000000008af00000, 0x000000008af00000, 0x000000008b000000|  0%| F|  |TAMS 0x000000008af00000, 0x000000008af00000| Untracked 
| 176|0x000000008b000000, 0x000000008b000000, 0x000000008b100000|  0%| F|  |TAMS 0x000000008b000000, 0x000000008b000000| Untracked 
| 177|0x000000008b100000, 0x000000008b100000, 0x000000008b200000|  0%| F|  |TAMS 0x000000008b100000, 0x000000008b100000| Untracked 
| 178|0x000000008b200000, 0x000000008b200000, 0x000000008b300000|  0%| F|  |TAMS 0x000000008b200000, 0x000000008b200000| Untracked 
| 179|0x000000008b300000, 0x000000008b300000, 0x000000008b400000|  0%| F|  |TAMS 0x000000008b300000, 0x000000008b300000| Untracked 
| 180|0x000000008b400000, 0x000000008b400000, 0x000000008b500000|  0%| F|  |TAMS 0x000000008b400000, 0x000000008b400000| Untracked 
| 181|0x000000008b500000, 0x000000008b500000, 0x000000008b600000|  0%| F|  |TAMS 0x000000008b500000, 0x000000008b500000| Untracked 
| 182|0x000000008b600000, 0x000000008b600000, 0x000000008b700000|  0%| F|  |TAMS 0x000000008b600000, 0x000000008b600000| Untracked 
| 183|0x000000008b700000, 0x000000008b700000, 0x000000008b800000|  0%| F|  |TAMS 0x000000008b700000, 0x000000008b700000| Untracked 
| 184|0x000000008b800000, 0x000000008b800000, 0x000000008b900000|  0%| F|  |TAMS 0x000000008b800000, 0x000000008b800000| Untracked 
| 185|0x000000008b900000, 0x000000008b900000, 0x000000008ba00000|  0%| F|  |TAMS 0x000000008b900000, 0x000000008b900000| Untracked 
| 186|0x000000008ba00000, 0x000000008ba43110, 0x000000008bb00000| 26%| E|  |TAMS 0x000000008ba00000, 0x000000008ba00000| Complete 
| 187|0x000000008bb00000, 0x000000008bc00000, 0x000000008bc00000|100%| E|CS|TAMS 0x000000008bb00000, 0x000000008bb00000| Complete 
| 188|0x000000008bc00000, 0x000000008bd00000, 0x000000008bd00000|100%| E|CS|TAMS 0x000000008bc00000, 0x000000008bc00000| Complete 
| 189|0x000000008bd00000, 0x000000008be00000, 0x000000008be00000|100%| E|CS|TAMS 0x000000008bd00000, 0x000000008bd00000| Complete 
| 190|0x000000008be00000, 0x000000008bf00000, 0x000000008bf00000|100%| E|CS|TAMS 0x000000008be00000, 0x000000008be00000| Complete 
| 191|0x000000008bf00000, 0x000000008c000000, 0x000000008c000000|100%| E|CS|TAMS 0x000000008bf00000, 0x000000008bf00000| Complete 

Card table byte_map: [0x000001fcdad30000,0x000001fcdb130000] _byte_map_base: 0x000001fcda930000

Marking Bits (Prev, Next): (CMBitMap*) 0x000001fcc7e4d4d8, (CMBitMap*) 0x000001fcc7e4d510
 Prev Bits: [0x000001fcdb530000, 0x000001fcdd530000)
 Next Bits: [0x000001fcdd530000, 0x000001fcdf530000)

Polling page: 0x000001fcc5b60000

Metaspace:

Usage:
  Non-class:     18.32 MB capacity,    18.06 MB ( 99%) used,   225.41 KB (  1%) free+waste,    36.69 KB ( <1%) overhead. 
      Class:      2.64 MB capacity,     2.49 MB ( 94%) used,   132.98 KB (  5%) free+waste,    17.88 KB ( <1%) overhead. 
       Both:     20.96 MB capacity,    20.55 MB ( 98%) used,   358.38 KB (  2%) free+waste,    54.56 KB ( <1%) overhead. 

Virtual space:
  Non-class space:       20.00 MB reserved,      18.42 MB ( 92%) committed 
      Class space:        1.00 GB reserved,       2.70 MB ( <1%) committed 
             Both:        1.02 GB reserved,      21.12 MB (  2%) committed 

Chunk freelists:
   Non-Class:  58.00 KB
       Class:  18.00 KB
        Both:  76.00 KB

MaxMetaspaceSize: 17179869184.00 GB
CompressedClassSpaceSize: 1.00 GB
Initial GC threshold: 20.80 MB
Current GC threshold: 21.12 MB
CDS: off

CodeHeap 'non-profiled nmethods': size=120064Kb used=1125Kb max_used=1125Kb free=118938Kb
 bounds [0x000001fcd33f0000, 0x000001fcd3660000, 0x000001fcda930000]
CodeHeap 'profiled nmethods': size=120000Kb used=4282Kb max_used=4282Kb free=115717Kb
 bounds [0x000001fccbec0000, 0x000001fccc2f0000, 0x000001fcd33f0000]
CodeHeap 'non-nmethods': size=5696Kb used=1203Kb max_used=1224Kb free=4492Kb
 bounds [0x000001fccb930000, 0x000001fccbba0000, 0x000001fccbec0000]
 total_blobs=2489 nmethods=2011 adapters=390
 compilation: enabled
              stopped_count=0, restarted_count=0
 full_count=0

Compilation events (20 events):
Event: 39.565 Thread 0x000001fce22c3800 1966       3       sun.reflect.generics.visitor.Reifier::getResult (26 bytes)
Event: 39.565 Thread 0x000001fce22c3800 nmethod 1966 0x000001fccc2d3790 code [0x000001fccc2d3940, 0x000001fccc2d3a58]
Event: 39.566 Thread 0x000001fce22c3800 1967       3       java.util.concurrent.ConcurrentHashMap::<init> (9 bytes)
Event: 39.566 Thread 0x000001fce22c3800 nmethod 1967 0x000001fccc2d3b10 code [0x000001fccc2d3ce0, 0x000001fccc2d3e28]
Event: 39.567 Thread 0x000001fce22c3800 1969       3       org.gradle.internal.service.DefaultServiceRegistry$OwnServices::add (117 bytes)
Event: 39.568 Thread 0x000001fce22c3800 nmethod 1969 0x000001fccc2d3f10 code [0x000001fccc2d41e0, 0x000001fccc2d5028]
Event: 39.568 Thread 0x000001fce22c3800 1971       3       org.gradle.internal.service.DefaultServiceRegistry$OwnServices::collectProvidersForClassHierarchy (82 bytes)
Event: 39.570 Thread 0x000001fce22c3800 nmethod 1971 0x000001fccc2d5610 code [0x000001fccc2d5920, 0x000001fccc2d6998]
Event: 39.570 Thread 0x000001fce22c3800 1970       3       org.gradle.internal.service.DefaultServiceRegistry::access$1000 (5 bytes)
Event: 39.570 Thread 0x000001fce22c3800 nmethod 1970 0x000001fccc2d6f90 code [0x000001fccc2d7140, 0x000001fccc2d7248]
Event: 39.570 Thread 0x000001fce22c3800 1972       3       org.gradle.internal.service.DefaultServiceRegistry$ClassInspector::getHierarchy (9 bytes)
Event: 39.570 Thread 0x000001fce22c3800 nmethod 1972 0x000001fccc2d7310 code [0x000001fccc2d74c0, 0x000001fccc2d7608]
Event: 39.575 Thread 0x000001fce3074000 nmethod 1963 0x000001fcd34fb910 code [0x000001fcd34fbae0, 0x000001fcd34fc278]
Event: 39.575 Thread 0x000001fce3074000 1968 % !   4       sun.net.www.ParseUtil::decode @ 70 (317 bytes)
Event: 39.588 Thread 0x000001fce22c3800 1973   !   3       java.lang.ref.ReferenceQueue::enqueue (119 bytes)
Event: 39.588 Thread 0x000001fce22c3800 nmethod 1973 0x000001fccc2d7710 code [0x000001fccc2d7900, 0x000001fccc2d8068]
Event: 39.593 Thread 0x000001fce22c3800 1974       3       jdk.internal.reflect.MethodAccessorImpl::<init> (5 bytes)
Event: 39.594 Thread 0x000001fce22c3800 nmethod 1974 0x000001fccc2d8210 code [0x000001fccc2d83c0, 0x000001fccc2d8578]
Event: 39.600 Thread 0x000001fce22c3800 1977       3       java.lang.reflect.ProxyGenerator$ExceptionTableEntry::<init> (26 bytes)
Event: 39.601 Thread 0x000001fce22c3800 nmethod 1977 0x000001fccc2d8690 code [0x000001fccc2d8840, 0x000001fccc2d89b8]

GC Heap History (10 events):
Event: 14.292 GC heap before
{Heap before GC invocations=0 (full 0):
 garbage-first heap   total 196608K, used 16384K [0x0000000080000000, 0x0000000100000000)
  region size 1024K, 14 young (14336K), 0 survivors (0K)
 Metaspace       used 6788K, capacity 6993K, committed 7168K, reserved 1056768K
  class space    used 575K, capacity 650K, committed 768K, reserved 1048576K
}
Event: 14.307 GC heap after
{Heap after GC invocations=1 (full 0):
 garbage-first heap   total 196608K, used 3664K [0x0000000080000000, 0x0000000100000000)
  region size 1024K, 2 young (2048K), 2 survivors (2048K)
 Metaspace       used 6788K, capacity 6993K, committed 7168K, reserved 1056768K
  class space    used 575K, capacity 650K, committed 768K, reserved 1048576K
}
Event: 20.182 GC heap before
{Heap before GC invocations=1 (full 0):
 garbage-first heap   total 196608K, used 18000K [0x0000000080000000, 0x0000000100000000)
  region size 1024K, 13 young (13312K), 2 survivors (2048K)
 Metaspace       used 10216K, capacity 10523K, committed 10624K, reserved 1058816K
  class space    used 1040K, capacity 1106K, committed 1152K, reserved 1048576K
}
Event: 20.189 GC heap after
{Heap after GC invocations=2 (full 0):
 garbage-first heap   total 196608K, used 9448K [0x0000000080000000, 0x0000000100000000)
  region size 1024K, 2 young (2048K), 2 survivors (2048K)
 Metaspace       used 10216K, capacity 10523K, committed 10624K, reserved 1058816K
  class space    used 1040K, capacity 1106K, committed 1152K, reserved 1048576K
}
Event: 29.459 GC heap before
{Heap before GC invocations=2 (full 0):
 garbage-first heap   total 196608K, used 36072K [0x0000000080000000, 0x0000000100000000)
  region size 1024K, 28 young (28672K), 2 survivors (2048K)
 Metaspace       used 11339K, capacity 11576K, committed 11776K, reserved 1060864K
  class space    used 1156K, capacity 1244K, committed 1280K, reserved 1048576K
}
Event: 29.463 GC heap after
{Heap after GC invocations=3 (full 0):
 garbage-first heap   total 196608K, used 10440K [0x0000000080000000, 0x0000000100000000)
  region size 1024K, 3 young (3072K), 3 survivors (3072K)
 Metaspace       used 11339K, capacity 11576K, committed 11776K, reserved 1060864K
  class space    used 1156K, capacity 1244K, committed 1280K, reserved 1048576K
}
Event: 39.176 GC heap before
{Heap before GC invocations=3 (full 0):
 garbage-first heap   total 196608K, used 50376K [0x0000000080000000, 0x0000000100000000)
  region size 1024K, 41 young (41984K), 3 survivors (3072K)
 Metaspace       used 17766K, capacity 18256K, committed 18432K, reserved 1064960K
  class space    used 2037K, capacity 2186K, committed 2304K, reserved 1048576K
}
Event: 39.186 GC heap after
{Heap after GC invocations=4 (full 0):
 garbage-first heap   total 196608K, used 16571K [0x0000000080000000, 0x0000000100000000)
  region size 1024K, 6 young (6144K), 6 survivors (6144K)
 Metaspace       used 17766K, capacity 18256K, committed 18432K, reserved 1064960K
  class space    used 2037K, capacity 2186K, committed 2304K, reserved 1048576K
}
Event: 39.578 GC heap before
{Heap before GC invocations=4 (full 0):
 garbage-first heap   total 196608K, used 42171K [0x0000000080000000, 0x0000000100000000)
  region size 1024K, 32 young (32768K), 6 survivors (6144K)
 Metaspace       used 20736K, capacity 21192K, committed 21296K, reserved 1069056K
  class space    used 2495K, capacity 2635K, committed 2688K, reserved 1048576K
}
Event: 39.587 GC heap after
{Heap after GC invocations=5 (full 0):
 garbage-first heap   total 196608K, used 17508K [0x0000000080000000, 0x0000000100000000)
  region size 1024K, 1 young (1024K), 1 survivors (1024K)
 Metaspace       used 20736K, capacity 21192K, committed 21296K, reserved 1069056K
  class space    used 2495K, capacity 2635K, committed 2688K, reserved 1048576K
}

Deoptimization events (20 events):
Event: 39.459 Thread 0x000001fce4880000 Uncommon trap: trap_request=0xffffff4d fr.pc=0x000001fcd340c854 relative=0x00000000000009b4
Event: 39.459 Thread 0x000001fce4880000 Uncommon trap: reason=unstable_if action=reinterpret pc=0x000001fcd340c854 method=java.io.WinNTFileSystem.resolve(Ljava/lang/String;Ljava/lang/String;)Ljava/lang/String; @ 19 c2
Event: 39.459 Thread 0x000001fce4880000 DEOPT PACKING pc=0x000001fcd340c854 sp=0x00000059611fcde0
Event: 39.459 Thread 0x000001fce4880000 DEOPT UNPACKING pc=0x000001fccb97a1af sp=0x00000059611fcd78 mode 2
Event: 39.460 Thread 0x000001fce4880000 Uncommon trap: trap_request=0xffffffc6 fr.pc=0x000001fcd347e9a4 relative=0x0000000000000084
Event: 39.460 Thread 0x000001fce4880000 Uncommon trap: reason=bimorphic_or_optimized_type_check action=maybe_recompile pc=0x000001fcd347e9a4 method=java.util.AbstractList$Itr.hasNext()Z @ 8 c2
Event: 39.460 Thread 0x000001fce4880000 DEOPT PACKING pc=0x000001fcd347e9a4 sp=0x00000059611fc270
Event: 39.460 Thread 0x000001fce4880000 DEOPT UNPACKING pc=0x000001fccb97a1af sp=0x00000059611fc208 mode 2
Event: 39.460 Thread 0x000001fce4880000 Uncommon trap: trap_request=0xffffffc6 fr.pc=0x000001fcd347ed54 relative=0x0000000000000114
Event: 39.460 Thread 0x000001fce4880000 Uncommon trap: reason=bimorphic_or_optimized_type_check action=maybe_recompile pc=0x000001fcd347ed54 method=java.util.AbstractList$Itr.next()Ljava/lang/Object; @ 14 c2
Event: 39.460 Thread 0x000001fce4880000 DEOPT PACKING pc=0x000001fcd347ed54 sp=0x00000059611fc260
Event: 39.460 Thread 0x000001fce4880000 DEOPT UNPACKING pc=0x000001fccb97a1af sp=0x00000059611fc1f8 mode 2
Event: 39.461 Thread 0x000001fce4880000 Uncommon trap: trap_request=0xffffff4d fr.pc=0x000001fcd34776e0 relative=0x00000000000005a0
Event: 39.461 Thread 0x000001fce4880000 Uncommon trap: reason=unstable_if action=reinterpret pc=0x000001fcd34776e0 method=java.io.File.getName()Ljava/lang/String; @ 16 c2
Event: 39.461 Thread 0x000001fce4880000 DEOPT PACKING pc=0x000001fcd34776e0 sp=0x00000059611fcd70
Event: 39.461 Thread 0x000001fce4880000 DEOPT UNPACKING pc=0x000001fccb97a1af sp=0x00000059611fcd40 mode 2
Event: 39.461 Thread 0x000001fce4880000 Uncommon trap: trap_request=0xffffff4d fr.pc=0x000001fcd3476530 relative=0x00000000000004f0
Event: 39.461 Thread 0x000001fce4880000 Uncommon trap: reason=unstable_if action=reinterpret pc=0x000001fcd3476530 method=java.lang.String.substring(I)Ljava/lang/String; @ 34 c2
Event: 39.461 Thread 0x000001fce4880000 DEOPT PACKING pc=0x000001fcd3476530 sp=0x00000059611fccf0
Event: 39.461 Thread 0x000001fce4880000 DEOPT UNPACKING pc=0x000001fccb97a1af sp=0x00000059611fccc8 mode 2

Classes redefined (0 events):
No events

Internal exceptions (20 events):
Event: 19.686 Thread 0x000001fcc7e0c800 Exception <a 'java/lang/NoSuchMethodError'{0x000000008baa1d40}: 'java.lang.Object java.lang.invoke.DirectMethodHandle$Holder.invokeVirtual(java.lang.Object, java.lang.Object, java.lang.Object, java.lang.Object, java.lang.Object, java.lang.Object, java.lang.Object)'> (0x000000008baa1d40) thrown at [src/hotspot/share/interpreter/linkResolver.cpp, line 773]
Event: 19.702 Thread 0x000001fcc7e0c800 Exception <a 'java/lang/NoSuchMethodError'{0x000000008bab6878}: 'java.lang.Object java.lang.invoke.Invokers$Holder.invoker(java.lang.Object, java.lang.Object, java.lang.Object)'> (0x000000008bab6878) thrown at [src/hotspot/share/interpreter/linkResolver.cpp, line 773]
Event: 19.711 Thread 0x000001fcc7e0c800 Exception <a 'java/lang/NoSuchMethodError'{0x000000008bac78f0}: 'void java.lang.invoke.DelegatingMethodHandle$Holder.delegate(java.lang.Object, java.lang.Object, int, java.lang.Object)'> (0x000000008bac78f0) thrown at [src/hotspot/share/interpreter/linkResolver.cpp, line 773]
Event: 35.769 Thread 0x000001fcc7e0c800 Exception <a 'java/security/PrivilegedActionException'{0x000000008bb9c8c8}> (0x000000008bb9c8c8) thrown at [src/hotspot/share/prims/jvm.cpp, line 1306]
Event: 35.769 Thread 0x000001fcc7e0c800 Exception <a 'java/security/PrivilegedActionException'{0x000000008bb9ce40}> (0x000000008bb9ce40) thrown at [src/hotspot/share/prims/jvm.cpp, line 1306]
Event: 37.636 Thread 0x000001fcc7e0c800 Exception <a 'java/lang/NoSuchMethodError'{0x000000008a914d88}: 'java.lang.Object java.lang.invoke.DirectMethodHandle$Holder.invokeStaticInit(java.lang.Object, java.lang.Object, java.lang.Object)'> (0x000000008a914d88) thrown at [src/hotspot/share/interpreter/linkResolver.cpp, line 773]
Event: 37.925 Thread 0x000001fcc7e0c800 Exception <a 'java/lang/NoSuchMethodError'{0x000000008a0c2870}: 'java.lang.Object java.lang.invoke.DirectMethodHandle$Holder.invokeStaticInit(java.lang.Object, int, int, int, int)'> (0x000000008a0c2870) thrown at [src/hotspot/share/interpreter/linkResolver.cpp, line 773]
Event: 38.301 Thread 0x000001fcc7e0c800 Exception <a 'java/lang/NoSuchMethodError'{0x0000000089f25980}: 'java.lang.Object java.lang.invoke.DirectMethodHandle$Holder.invokeStaticInit(java.lang.Object, java.lang.Object, int, int, int, int)'> (0x0000000089f25980) thrown at [src/hotspot/share/interpreter/linkResolver.cpp, line 773]
Event: 38.933 Thread 0x000001fcc7e0c800 Exception <a 'java/io/IOException'{0x0000000089ef4e68}> (0x0000000089ef4e68) thrown at [src/hotspot/share/prims/jni.cpp, line 617]
Event: 39.050 Thread 0x000001fce3073800 Exception <a 'java/lang/NoSuchMethodError'{0x0000000089bf3438}: <clinit>> (0x0000000089bf3438) thrown at [src/hotspot/share/prims/jni.cpp, line 1367]
Event: 39.054 Thread 0x000001fce3073800 Exception <a 'java/lang/NoSuchMethodError'{0x0000000089a0b7a8}: <clinit>> (0x0000000089a0b7a8) thrown at [src/hotspot/share/prims/jni.cpp, line 1367]
Event: 39.056 Thread 0x000001fce3073800 Exception <a 'java/lang/NoSuchMethodError'{0x0000000089a15170}: <clinit>> (0x0000000089a15170) thrown at [src/hotspot/share/prims/jni.cpp, line 1367]
Event: 39.061 Thread 0x000001fce3073800 Exception <a 'java/lang/NoSuchMethodError'{0x0000000089a2a4e8}: <clinit>> (0x0000000089a2a4e8) thrown at [src/hotspot/share/prims/jni.cpp, line 1367]
Event: 39.174 Thread 0x000001fce4880000 Exception <a 'java/lang/NoSuchMethodError'{0x00000000897f7ea8}: 'long java.lang.invoke.DirectMethodHandle$Holder.invokeInterface(java.lang.Object, java.lang.Object)'> (0x00000000897f7ea8) thrown at [src/hotspot/share/interpreter/linkResolver.cpp, line 773]
Event: 39.187 Thread 0x000001fce4880000 Exception <a 'java/lang/NoSuchMethodError'{0x000000008bf053d0}: 'void java.lang.invoke.DelegatingMethodHandle$Holder.reinvoke_L(java.lang.Object, java.lang.Object, java.lang.Object, java.lang.Object, java.lang.Object, java.lang.Object, java.lang.Object)'> (0x000000008bf053d0) thrown at [src/hotspot/share/interpreter/linkResolver.cpp, line 773]
Event: 39.302 Thread 0x000001fce4880000 Exception <a 'java/lang/NoSuchMethodError'{0x000000008b704960}: 'void java.lang.invoke.DirectMethodHandle$Holder.invokeStaticInit(java.lang.Object)'> (0x000000008b704960) thrown at [src/hotspot/share/interpreter/linkResolver.cpp, line 773]
Event: 39.318 Thread 0x000001fce4880000 Exception <a 'java/lang/NoSuchMethodError'{0x000000008b7bf368}: 'java.lang.Object java.lang.invoke.DirectMethodHandle$Holder.invokeStatic(java.lang.Object, java.lang.Object, java.lang.Object, int)'> (0x000000008b7bf368) thrown at [src/hotspot/share/interpreter/linkResolver.cpp, line 773]
Event: 39.318 Thread 0x000001fce4880000 Exception <a 'java/lang/NoSuchMethodError'{0x000000008b7c3530}: 'java.lang.Object java.lang.invoke.DirectMethodHandle$Holder.invokeSpecial(java.lang.Object, java.lang.Object, java.lang.Object, java.lang.Object, int)'> (0x000000008b7c3530) thrown at [src/hotspot/share/interpreter/linkResolver.cpp, line 773]
Event: 39.318 Thread 0x000001fce4880000 Exception <a 'java/lang/NoSuchMethodError'{0x000000008b7c6f18}: 'java.lang.Object java.lang.invoke.Invokers$Holder.linkToTargetMethod(java.lang.Object, java.lang.Object, int, java.lang.Object)'> (0x000000008b7c6f18) thrown at [src/hotspot/share/interpreter/linkResolver.cpp, line 773]
Event: 39.485 Thread 0x000001fce4880000 Exception <a 'java/lang/NoSuchMethodError'{0x000000008aebccf0}: 'java.lang.Object java.lang.invoke.Invokers$Holder.linkToTargetMethod(java.lang.Object, java.lang.Object, java.lang.Object, java.lang.Object, java.lang.Object, java.lang.Object)'> (0x000000008aebccf0) thrown at [src/hotspot/share/interpreter/linkResolver.cpp, line 773]

Events (20 events):
Event: 39.597 loading class org/gradle/composite/internal/DefaultIncludedBuildTaskGraph
Event: 39.597 loading class org/gradle/composite/internal/DefaultIncludedBuildTaskGraph done
Event: 39.598 loading class org/gradle/composite/internal/BuildTreeWorkGraphController
Event: 39.598 loading class org/gradle/composite/internal/BuildTreeWorkGraphController done
Event: 39.602 loading class org/gradle/internal/enterprise/impl/DefaultGradleEnterprisePluginRequiredServices
Event: 39.602 loading class org/gradle/internal/enterprise/impl/DefaultGradleEnterprisePluginRequiredServices done
Event: 39.602 loading class org/gradle/internal/enterprise/GradleEnterprisePluginRequiredServices
Event: 39.602 loading class org/gradle/internal/enterprise/GradleEnterprisePluginRequiredServices done
Event: 39.603 loading class org/gradle/internal/enterprise/impl/legacy/DefaultBuildScanClock
Event: 39.603 loading class org/gradle/internal/enterprise/impl/legacy/DefaultBuildScanClock done
Event: 39.604 loading class org/gradle/internal/scan/time/BuildScanClock
Event: 39.604 loading class org/gradle/internal/scan/time/BuildScanClock done
Event: 39.609 loading class org/gradle/internal/enterprise/impl/legacy/DefaultBuildScanBuildStartedTime
Event: 39.609 loading class org/gradle/internal/enterprise/impl/legacy/DefaultBuildScanBuildStartedTime done
Event: 39.610 loading class org/gradle/internal/scan/time/BuildScanBuildStartedTime
Event: 39.610 loading class org/gradle/internal/scan/time/BuildScanBuildStartedTime done
Event: 39.610 loading class org/gradle/plugins/ide/internal/IdeArtifactStore
Event: 39.611 loading class org/gradle/plugins/ide/internal/IdeArtifactStore done
Event: 39.612 loading class org/gradle/vcs/internal/services/VersionControlServices$VersionControlBuildTreeServices
Event: 39.612 loading class org/gradle/vcs/internal/services/VersionControlServices$VersionControlBuildTreeServices done


Dynamic libraries:
0x00007ff767150000 - 0x00007ff76715a000 	C:\Program Files\Android\Android Studio\jbr\bin\java.exe
0x00007ffa12950000 - 0x00007ffa12b48000 	C:\WINDOWS\SYSTEM32\ntdll.dll
0x00007ff9ecd40000 - 0x00007ff9ecd59000 	C:\Program Files\Avast Software\Avast\aswhook.dll
0x00007ffa121f0000 - 0x00007ffa122af000 	C:\WINDOWS\System32\KERNEL32.DLL
0x00007ffa103d0000 - 0x00007ffa106a2000 	C:\WINDOWS\System32\KERNELBASE.dll
0x00007ffa101c0000 - 0x00007ffa102c0000 	C:\WINDOWS\System32\ucrtbase.dll
0x00007ff9ffc80000 - 0x00007ff9ffc9b000 	C:\Program Files\Android\Android Studio\jbr\bin\VCRUNTIME140.dll
0x00007ff9ffc60000 - 0x00007ff9ffc77000 	C:\Program Files\Android\Android Studio\jbr\bin\jli.dll
0x00007ffa10d70000 - 0x00007ffa10f11000 	C:\WINDOWS\System32\USER32.dll
0x00007ffa10840000 - 0x00007ffa10862000 	C:\WINDOWS\System32\win32u.dll
0x00007ffa109a0000 - 0x00007ffa109cb000 	C:\WINDOWS\System32\GDI32.dll
0x00007ffa102c0000 - 0x00007ffa103cf000 	C:\WINDOWS\System32\gdi32full.dll
0x00007ffa10900000 - 0x00007ffa1099d000 	C:\WINDOWS\System32\msvcp_win.dll
0x00007ff9fbff0000 - 0x00007ff9fc28a000 	C:\WINDOWS\WinSxS\amd64_microsoft.windows.common-controls_6595b64144ccf1df_6.0.19041.1110_none_60b5254171f9507e\COMCTL32.dll
0x00007ffa11810000 - 0x00007ffa118ae000 	C:\WINDOWS\System32\msvcrt.dll
0x00007ffa122b0000 - 0x00007ffa122e0000 	C:\WINDOWS\System32\IMM32.DLL
0x00007ffa077a0000 - 0x00007ffa077ac000 	C:\Program Files\Android\Android Studio\jbr\bin\vcruntime140_1.dll
0x00007ff9f8b90000 - 0x00007ff9f8c1d000 	C:\Program Files\Android\Android Studio\jbr\bin\msvcp140.dll
0x00007ff9a3600000 - 0x00007ff9a41bc000 	C:\Program Files\Android\Android Studio\jbr\bin\server\jvm.dll
0x00007ffa10cc0000 - 0x00007ffa10d6e000 	C:\WINDOWS\System32\ADVAPI32.dll
0x00007ffa11990000 - 0x00007ffa11a2c000 	C:\WINDOWS\System32\sechost.dll
0x00007ffa12600000 - 0x00007ffa12724000 	C:\WINDOWS\System32\RPCRT4.dll
0x00007ffa12180000 - 0x00007ffa12188000 	C:\WINDOWS\System32\PSAPI.DLL
0x00007ffa00570000 - 0x00007ffa00579000 	C:\WINDOWS\SYSTEM32\WSOCK32.dll
0x00007ffa08ac0000 - 0x00007ffa08aca000 	C:\WINDOWS\SYSTEM32\VERSION.dll
0x00007ffa08a90000 - 0x00007ffa08ab7000 	C:\WINDOWS\SYSTEM32\WINMM.dll
0x00007ffa127a0000 - 0x00007ffa1280b000 	C:\WINDOWS\System32\WS2_32.dll
0x00007ffa0def0000 - 0x00007ffa0df02000 	C:\WINDOWS\SYSTEM32\kernel.appcore.dll
0x00007ffa07440000 - 0x00007ffa07450000 	C:\Program Files\Android\Android Studio\jbr\bin\verify.dll
0x00007ffa07120000 - 0x00007ffa07304000 	C:\WINDOWS\SYSTEM32\DBGHELP.DLL
0x00007ffa06d10000 - 0x00007ffa06d45000 	C:\WINDOWS\SYSTEM32\dbgcore.DLL
0x00007ffa10870000 - 0x00007ffa108f2000 	C:\WINDOWS\System32\bcryptPrimitives.dll
0x00007ff9fb580000 - 0x00007ff9fb5a8000 	C:\Program Files\Android\Android Studio\jbr\bin\java.dll
0x00007ffa05010000 - 0x00007ffa0501a000 	C:\Program Files\Android\Android Studio\jbr\bin\jimage.dll
0x00007ff9fd220000 - 0x00007ff9fd238000 	C:\Program Files\Android\Android Studio\jbr\bin\zip.dll
0x00007ffa11a30000 - 0x00007ffa12175000 	C:\WINDOWS\System32\SHELL32.dll
0x00007ffa0e0f0000 - 0x00007ffa0e882000 	C:\WINDOWS\SYSTEM32\windows.storage.dll
0x00007ffa10f20000 - 0x00007ffa11275000 	C:\WINDOWS\System32\combase.dll
0x00007ffa0fa40000 - 0x00007ffa0fa70000 	C:\WINDOWS\SYSTEM32\Wldp.dll
0x00007ffa12550000 - 0x00007ffa125fd000 	C:\WINDOWS\System32\SHCORE.dll
0x00007ffa12810000 - 0x00007ffa12865000 	C:\WINDOWS\System32\shlwapi.dll
0x00007ffa0ff90000 - 0x00007ffa0ffaf000 	C:\WINDOWS\SYSTEM32\profapi.dll
0x00007ff9fb560000 - 0x00007ff9fb579000 	C:\Program Files\Android\Android Studio\jbr\bin\net.dll
0x00007ffa05480000 - 0x00007ffa0558a000 	C:\WINDOWS\SYSTEM32\WINHTTP.dll
0x00007ffa0f730000 - 0x00007ffa0f79a000 	C:\WINDOWS\system32\mswsock.dll
0x00007ff9fb540000 - 0x00007ff9fb553000 	C:\Program Files\Android\Android Studio\jbr\bin\nio.dll
0x00007ffa077b0000 - 0x00007ffa077d7000 	C:\Users\HP PAVLIK\.gradle\native\e1d6ef7f7dcc3fd88c89a11ec53ec762bb8ba0a96d01ffa2cd45eb1d1d8dd5c5\windows-amd64\native-platform.dll
0x00007ff9f4210000 - 0x00007ff9f4354000 	C:\Users\HP PAVLIK\.gradle\native\0d407fdbe67a94daf76414ababcb853783967236a71b16ec16e742cd7a986fd3\windows-amd64\native-platform-file-events.dll
0x00007ff9fb530000 - 0x00007ff9fb53a000 	C:\Program Files\Android\Android Studio\jbr\bin\management.dll
0x00007ff9fb520000 - 0x00007ff9fb52b000 	C:\Program Files\Android\Android Studio\jbr\bin\management_ext.dll
0x00007ffa0f990000 - 0x00007ffa0f9a8000 	C:\WINDOWS\SYSTEM32\CRYPTSP.dll
0x00007ffa0f050000 - 0x00007ffa0f084000 	C:\WINDOWS\system32\rsaenh.dll
0x00007ffa10810000 - 0x00007ffa10837000 	C:\WINDOWS\System32\bcrypt.dll
0x00007ffa0ff50000 - 0x00007ffa0ff7e000 	C:\WINDOWS\SYSTEM32\USERENV.dll
0x00007ffa0f9b0000 - 0x00007ffa0f9bc000 	C:\WINDOWS\SYSTEM32\CRYPTBASE.dll
0x00007ffa0f420000 - 0x00007ffa0f45b000 	C:\WINDOWS\SYSTEM32\IPHLPAPI.DLL
0x00007ffa12790000 - 0x00007ffa12798000 	C:\WINDOWS\System32\NSI.dll
0x00007ffa05b10000 - 0x00007ffa05b27000 	C:\WINDOWS\SYSTEM32\dhcpcsvc6.DLL
0x00007ffa07900000 - 0x00007ffa0791d000 	C:\WINDOWS\SYSTEM32\dhcpcsvc.DLL
0x00007ffa0f460000 - 0x00007ffa0f52b000 	C:\WINDOWS\SYSTEM32\DNSAPI.dll

dbghelp: loaded successfully - version: 4.0.5 - missing functions: none
symbol engine: initialized successfully - sym options: 0x614 - pdb path: .;C:\Program Files\Android\Android Studio\jbr\bin;C:\WINDOWS\SYSTEM32;C:\Program Files\Avast Software\Avast;C:\WINDOWS\WinSxS\amd64_microsoft.windows.common-controls_6595b64144ccf1df_6.0.19041.1110_none_60b5254171f9507e;C:\Program Files\Android\Android Studio\jbr\bin\server;C:\Users\HP PAVLIK\.gradle\native\e1d6ef7f7dcc3fd88c89a11ec53ec762bb8ba0a96d01ffa2cd45eb1d1d8dd5c5\windows-amd64;C:\Users\HP PAVLIK\.gradle\native\0d407fdbe67a94daf76414ababcb853783967236a71b16ec16e742cd7a986fd3\windows-amd64

VM Arguments:
jvm_args: --add-opens=java.base/java.util=ALL-UNNAMED --add-opens=java.base/java.lang=ALL-UNNAMED --add-opens=java.base/java.lang.invoke=ALL-UNNAMED --add-opens=java.base/java.util=ALL-UNNAMED --add-opens=java.prefs/java.util.prefs=ALL-UNNAMED --add-opens=java.prefs/java.util.prefs=ALL-UNNAMED --add-opens=java.base/java.nio.charset=ALL-UNNAMED --add-opens=java.base/java.net=ALL-UNNAMED --add-opens=java.base/java.util.concurrent.atomic=ALL-UNNAMED -Xmx2048m -Dfile.encoding=UTF-8 -Duser.country=UA -Duser.language=uk -Duser.variant 
java_command: org.gradle.launcher.daemon.bootstrap.GradleDaemon 7.5
java_class_path (initial): C:\Users\HP PAVLIK\.gradle\wrapper\dists\gradle-7.5-bin\f1w0cc9nuo0eivz97x2xlu9sv\gradle-7.5\lib\gradle-launcher-7.5.jar
Launcher Type: SUN_STANDARD

[Global flags]
     intx CICompilerCount                          = 3                                         {product} {ergonomic}
     uint ConcGCThreads                            = 1                                         {product} {ergonomic}
     uint G1ConcRefinementThreads                  = 4                                         {product} {ergonomic}
   size_t G1HeapRegionSize                         = 1048576                                   {product} {ergonomic}
    uintx GCDrainStackTargetSize                   = 64                                        {product} {ergonomic}
   size_t InitialHeapSize                          = 201326592                                 {product} {ergonomic}
   size_t MarkStackSize                            = 4194304                                   {product} {ergonomic}
   size_t MaxHeapSize                              = 2147483648                                {product} {command line}
   size_t MaxNewSize                               = 1287651328                                {product} {ergonomic}
   size_t MinHeapDeltaBytes                        = 1048576                                   {product} {ergonomic}
    uintx NonNMethodCodeHeapSize                   = 5830732                                {pd product} {ergonomic}
    uintx NonProfiledCodeHeapSize                  = 122913754                              {pd product} {ergonomic}
    uintx ProfiledCodeHeapSize                     = 122913754                              {pd product} {ergonomic}
    uintx ReservedCodeCacheSize                    = 251658240                              {pd product} {ergonomic}
     bool SegmentedCodeCache                       = true                                      {product} {ergonomic}
     bool UseCompressedClassPointers               = true                                 {lp64_product} {ergonomic}
     bool UseCompressedOops                        = true                                 {lp64_product} {ergonomic}
     bool UseG1GC                                  = true                                      {product} {ergonomic}
     bool UseLargePagesIndividualAllocation        = false                                  {pd product} {ergonomic}

Logging:
Log output configuration:
 #0: stdout all=warning uptime,level,tags
 #1: stderr all=off uptime,level,tags

Environment Variables:
PATH=C:\Program Files\Common Files\Oracle\Java\javapath;C:\WINDOWS\system32;C:\WINDOWS;C:\WINDOWS\System32\Wbem;C:\WINDOWS\System32\WindowsPowerShell\v1.0\;C:\WINDOWS\System32\OpenSSH\;C:\Program Files (x86)\ATI Technologies\ATI.ACE\Core-Static;C:\Program Files (x86)\Microsoft SQL Server\150\DTS\Binn\;C:\Program Files\Microsoft SQL Server\Client SDK\ODBC\170\Tools\Binn\;C:\Program Files (x86)\Microsoft SQL Server\150\Tools\Binn\;C:\Program Files\Microsoft SQL Server\150\Tools\Binn\;C:\Program Files\Microsoft SQL Server\150\DTS\Binn\;C:\Program Files\Azure Data Studio\bin;C:\Program Files\Git\cmd;C:\Users\HP PAVLIK\AppData\Local\Microsoft\WindowsApps;C:\Program Files\JetBrains\PyCharm Community Edition 2021.2.2\bin;;C:\Program Files\Azure Data Studio\bin;C:\Users\HP PAVLIK\AppData\Local\Programs\Microsoft VS Code\bin;
USERNAME=MyLaptop
OS=Windows_NT
PROCESSOR_IDENTIFIER=Intel64 Family 6 Model 42 Stepping 7, GenuineIntel



---------------  S Y S T E M  ---------------

OS: Windows 10 , 64 bit Build 19041 (10.0.19041.2546)
OS uptime: 0 days 0:38 hours

CPU:total 4 (initial active 4) (2 cores per cpu, 2 threads per core) family 6 model 42 stepping 7 microcode 0x2f, cmov, cx8, fxsr, mmx, sse, sse2, sse3, ssse3, sse4.1, sse4.2, popcnt, avx, aes, clmul, ht, tsc, tscinvbit

Memory: 4k page, system-wide physical 12235M (5687M free)
TotalPageFile size 14923M (AvailPageFile size 8500M)
current process WorkingSet (physical memory assigned to process): 158M, peak: 158M
current process commit charge ("private bytes"): 321M, peak: 321M

vm_info: OpenJDK 64-Bit Server VM (11.0.15+0-b2043.56-9505619) for windows-amd64 JRE (11.0.15+0-b2043.56-9505619), built on Jan 19 2023 02:48:00 by "builduser" with unknown MS VC++:1929

END.
